2025.05.18 20:59:41 INFO  Started: Metals version 1.5.3 in folders '/Users/navjotsinghchahal/Desktop/work/coding_practice/distributed_autonomous_agents' for client Visual Studio Code 1.100.1.
2025.05.18 20:59:41 INFO  no build target found for /Users/navjotsinghchahal/Desktop/work/coding_practice/distributed_autonomous_agents/akka-agent-system/src/main/scala/com/example/Main.scala. Using presentation compiler with project's scala-library version: 3.3.6
2025.05.18 20:59:42 INFO  no build target found for /Users/navjotsinghchahal/Desktop/work/coding_practice/distributed_autonomous_agents/akka-agent-system/src/main/scala/com/example/Main.scala. Using presentation compiler with project's scala-library version: 3.3.6
2025.05.18 20:59:48 INFO  running '/Users/navjotsinghchahal/Library/Application Support/Coursier/bin/sbt -Dbloop.export-jar-classifiers=sources bloopInstall'
2025.05.18 20:59:48 INFO  no build target found for /Users/navjotsinghchahal/Desktop/work/coding_practice/distributed_autonomous_agents/akka-agent-system/src/main/scala/com/example/Main.scala. Using presentation compiler with project's scala-library version: 3.3.6
2025.05.18 20:59:48 ERROR [info] [launcher] getting org.scala-sbt sbt 1.10.11  (this may take some time)...
2025.05.18 20:59:49 ERROR [info] [launcher] getting Scala 2.12.20 (for sbt)...
2025.05.18 20:59:50 INFO  [info] Updated file /Users/navjotsinghchahal/Desktop/work/coding_practice/distributed_autonomous_agents/akka-agent-system/project/build.properties: set sbt.version to 1.10.11
2025.05.18 20:59:50 INFO  [info] welcome to sbt 1.10.11 (Eclipse Adoptium Java 17.0.15)
2025.05.18 20:59:50 INFO  [info] loading settings for project akka-agent-system-build-build from metals.sbt...
2025.05.18 20:59:51 INFO  [info] loading project definition from /Users/navjotsinghchahal/Desktop/work/coding_practice/distributed_autonomous_agents/akka-agent-system/project/project
2025.05.18 20:59:51 INFO  [info] loading settings for project akka-agent-system-build from metals.sbt...
2025.05.18 20:59:51 INFO  [info] loading project definition from /Users/navjotsinghchahal/Desktop/work/coding_practice/distributed_autonomous_agents/akka-agent-system/project
2025.05.18 20:59:52 INFO  [success] Generated .bloop/akka-agent-system-build.json
2025.05.18 20:59:52 INFO  [success] Total time: 1 s, completed May 18, 2025, 8:59:52 PM
2025.05.18 20:59:53 ERROR /Users/navjotsinghchahal/Desktop/work/coding_practice/distributed_autonomous_agents/akka-agent-system/build.sbt:12: warning: method in in trait ScopingSetting is deprecated (since 1.5.0): `in` is deprecated; migrate to slash syntax - https://www.scala-sbt.org/1.x/docs/Migrating-from-sbt-013x.html#slash
2025.05.18 20:59:53 ERROR fork in run := true
2025.05.18 20:59:53 ERROR      ^
2025.05.18 20:59:53 ERROR /Users/navjotsinghchahal/Desktop/work/coding_practice/distributed_autonomous_agents/akka-agent-system/build.sbt:14: warning: method in in trait ScopingSetting is deprecated (since 1.5.0): `in` is deprecated; migrate to slash syntax - https://www.scala-sbt.org/1.x/docs/Migrating-from-sbt-013x.html#slash
2025.05.18 20:59:53 ERROR mainClass in Compile := Some("com.example.Main")
2025.05.18 20:59:53 ERROR           ^
2025.05.18 20:59:52 INFO  [info] loading settings for project akka-agent-system from build.sbt...
2025.05.18 20:59:52 INFO  [info] set current project to akka-agent-system (in build file:/Users/navjotsinghchahal/Desktop/work/coding_practice/distributed_autonomous_agents/akka-agent-system/)
2025.05.18 20:59:54 INFO  no build target found for /Users/navjotsinghchahal/Desktop/work/coding_practice/distributed_autonomous_agents/akka-agent-system/src/main/scala/com/example/Main.scala. Using presentation compiler with project's scala-library version: 3.3.6
2025.05.18 20:59:54 INFO  no build target found for /Users/navjotsinghchahal/Desktop/work/coding_practice/distributed_autonomous_agents/akka-agent-system/src/main/scala/com/example/protocol/MessageProtocol.scala. Using presentation compiler with project's scala-library version: 3.3.6
2025.05.18 20:59:54 INFO  [warn] 
2025.05.18 20:59:54 INFO  [warn] 	Note: Unresolved dependencies path:
2025.05.18 20:59:54 INFO  [error] Couldn't run bloopGenerate. The issue could be caused by failing to compile the project.
2025.05.18 20:59:54 INFO  [error] sbt.librarymanagement.ResolveException: Error downloading com.typesafe.akka:akka-testkit-typed_3:2.6.18
2025.05.18 20:59:54 INFO  [error]   Not found
2025.05.18 20:59:54 INFO  [error]   Not found
2025.05.18 20:59:54 INFO  [error]   not found: /Users/navjotsinghchahal/.ivy2/localcom.typesafe.akka/akka-testkit-typed_3/2.6.18/ivys/ivy.xml
2025.05.18 20:59:54 INFO  [error]   not found: https://repo1.maven.org/maven2/com/typesafe/akka/akka-testkit-typed_3/2.6.18/akka-testkit-typed_3-2.6.18.pom
2025.05.18 20:59:54 INFO  [error] 	at lmcoursier.CoursierDependencyResolution.unresolvedWarningOrThrow(CoursierDependencyResolution.scala:347)
2025.05.18 20:59:54 INFO  [error] 	at lmcoursier.CoursierDependencyResolution.$anonfun$update$39(CoursierDependencyResolution.scala:316)
2025.05.18 20:59:54 INFO  [error] 	at scala.util.Either$LeftProjection.map(Either.scala:573)
2025.05.18 20:59:54 INFO  [error] 	at lmcoursier.CoursierDependencyResolution.update(CoursierDependencyResolution.scala:316)
2025.05.18 20:59:54 INFO  [error] 	at sbt.librarymanagement.DependencyResolution.update(DependencyResolution.scala:60)
2025.05.18 20:59:54 INFO  [error] 	at sbt.internal.LibraryManagement$.resolve$1(LibraryManagement.scala:60)
2025.05.18 20:59:54 INFO  [error] 	at sbt.internal.LibraryManagement$.$anonfun$cachedUpdate$12(LibraryManagement.scala:142)
2025.05.18 20:59:54 INFO  [error] 	at sbt.util.Tracked$.$anonfun$lastOutput$1(Tracked.scala:74)
2025.05.18 20:59:54 INFO  [error] 	at sbt.internal.LibraryManagement$.$anonfun$cachedUpdate$11(LibraryManagement.scala:144)
2025.05.18 20:59:54 INFO  [error] 	at sbt.internal.LibraryManagement$.$anonfun$cachedUpdate$11$adapted(LibraryManagement.scala:131)
2025.05.18 20:59:54 INFO  [error] 	at sbt.util.Tracked$.$anonfun$inputChangedW$1(Tracked.scala:220)
2025.05.18 20:59:54 INFO  [error] 	at sbt.internal.LibraryManagement$.cachedUpdate(LibraryManagement.scala:169)
2025.05.18 20:59:54 INFO  [error] 	at sbt.Classpaths$.$anonfun$updateTask0$1(Defaults.scala:3941)
2025.05.18 20:59:54 INFO  [error] 	at scala.Function1.$anonfun$compose$1(Function1.scala:49)
2025.05.18 20:59:54 INFO  [error] 	at sbt.internal.util.$tilde$greater.$anonfun$$u2219$1(TypeFunctions.scala:63)
2025.05.18 20:59:54 INFO  [error] 	at sbt.std.Transform$$anon$4.work(Transform.scala:69)
2025.05.18 20:59:54 INFO  [error] 	at sbt.Execute.$anonfun$submit$2(Execute.scala:283)
2025.05.18 20:59:54 INFO  [error] 	at sbt.internal.util.ErrorHandling$.wideConvert(ErrorHandling.scala:24)
2025.05.18 20:59:54 INFO  [error] 	at sbt.Execute.work(Execute.scala:292)
2025.05.18 20:59:54 INFO  [error] 	at sbt.Execute.$anonfun$submit$1(Execute.scala:283)
2025.05.18 20:59:54 INFO  [error] 	at sbt.ConcurrentRestrictions$$anon$4.$anonfun$submitValid$1(ConcurrentRestrictions.scala:265)
2025.05.18 20:59:54 INFO  [error] 	at sbt.CompletionService$$anon$2.call(CompletionService.scala:65)
2025.05.18 20:59:54 INFO  [error] 	at java.base/java.util.concurrent.FutureTask.run(FutureTask.java:264)
2025.05.18 20:59:54 INFO  [error] 	at java.base/java.util.concurrent.Executors$RunnableAdapter.call(Executors.java:539)
2025.05.18 20:59:54 INFO  [error] 	at java.base/java.util.concurrent.FutureTask.run(FutureTask.java:264)
2025.05.18 20:59:54 INFO  [error] 	at java.base/java.util.concurrent.ThreadPoolExecutor.runWorker(ThreadPoolExecutor.java:1136)
2025.05.18 20:59:54 INFO  [error] 	at java.base/java.util.concurrent.ThreadPoolExecutor$Worker.run(ThreadPoolExecutor.java:635)
2025.05.18 20:59:54 INFO  [error] 	at java.base/java.lang.Thread.run(Thread.java:840)
2025.05.18 20:59:54 INFO  [error] (update) sbt.librarymanagement.ResolveException: Error downloading com.typesafe.akka:akka-testkit-typed_3:2.6.18
2025.05.18 20:59:54 INFO  [error]   Not found
2025.05.18 20:59:54 INFO  [error]   Not found
2025.05.18 20:59:54 INFO  [error]   not found: /Users/navjotsinghchahal/.ivy2/localcom.typesafe.akka/akka-testkit-typed_3/2.6.18/ivys/ivy.xml
2025.05.18 20:59:54 INFO  [error]   not found: https://repo1.maven.org/maven2/com/typesafe/akka/akka-testkit-typed_3/2.6.18/akka-testkit-typed_3-2.6.18.pom
2025.05.18 20:59:54 INFO  [error] Total time: 0 s, completed May 18, 2025, 8:59:54 PM
2025.05.18 20:59:54 INFO  no build target found for /Users/navjotsinghchahal/Desktop/work/coding_practice/distributed_autonomous_agents/akka-agent-system/src/main/scala/com/example/protocol/MessageProtocol.scala. Using presentation compiler with project's scala-library version: 3.3.6
2025.05.18 20:59:54 INFO  time: ran 'sbt bloopInstall' in 6.15s
2025.05.18 20:59:54 ERROR sbt command failed: /Users/navjotsinghchahal/Library/Application Support/Coursier/bin/sbt -Dbloop.export-jar-classifiers=sources bloopInstall
2025.05.18 20:59:54 INFO  no build target found for /Users/navjotsinghchahal/Desktop/work/coding_practice/distributed_autonomous_agents/akka-agent-system/src/main/scala/com/example/protocol/MessageProtocol.scala. Using presentation compiler with project's scala-library version: 3.3.6
2025.05.18 21:08:55 INFO  no build target found for /Users/navjotsinghchahal/Desktop/work/coding_practice/distributed_autonomous_agents/akka-agent-system/src/main/scala/com/example/protocol/MessageProtocol.scala. Using presentation compiler with project's scala-library version: 3.3.6
2025.05.18 21:08:55 INFO  no build target found for /Users/navjotsinghchahal/Desktop/work/coding_practice/distributed_autonomous_agents/akka-agent-system/src/main/scala/com/example/protocol/MessageProtocol.scala. Using presentation compiler with project's scala-library version: 3.3.6
2025.05.18 21:08:55 INFO  no build target found for /Users/navjotsinghchahal/Desktop/work/coding_practice/distributed_autonomous_agents/akka-agent-system/src/main/scala/com/example/protocol/MessageProtocol.scala. Using presentation compiler with project's scala-library version: 3.3.6
2025.05.18 21:09:10 INFO  no build target found for /Users/navjotsinghchahal/Desktop/work/coding_practice/distributed_autonomous_agents/akka-agent-system/src/main/scala/com/example/protocol/MessageProtocol.scala. Using presentation compiler with project's scala-library version: 3.3.6
2025.05.18 21:09:10 INFO  no build target found for /Users/navjotsinghchahal/Desktop/work/coding_practice/distributed_autonomous_agents/akka-agent-system/src/main/scala/com/example/protocol/MessageProtocol.scala. Using presentation compiler with project's scala-library version: 3.3.6
2025.05.18 21:09:11 INFO  no build target found for /Users/navjotsinghchahal/Desktop/work/coding_practice/distributed_autonomous_agents/akka-agent-system/src/main/scala/com/example/protocol/MessageProtocol.scala. Using presentation compiler with project's scala-library version: 3.3.6
2025.05.18 21:09:20 INFO  no build target found for /Users/navjotsinghchahal/Desktop/work/coding_practice/distributed_autonomous_agents/akka-agent-system/src/main/scala/com/example/protocol/MessageProtocol.scala. Using presentation compiler with project's scala-library version: 3.3.6
2025.05.18 21:09:25 INFO  no build target found for /Users/navjotsinghchahal/Desktop/work/coding_practice/distributed_autonomous_agents/akka-agent-system/src/main/scala/com/example/protocol/MessageProtocol.scala. Using presentation compiler with project's scala-library version: 3.3.6
2025.05.18 21:09:25 INFO  no build target found for /Users/navjotsinghchahal/Desktop/work/coding_practice/distributed_autonomous_agents/akka-agent-system/src/main/scala/com/example/protocol/MessageRouter.scala. Using presentation compiler with project's scala-library version: 3.3.6
2025.05.18 21:09:25 INFO  no build target found for /Users/navjotsinghchahal/Desktop/work/coding_practice/distributed_autonomous_agents/akka-agent-system/src/main/scala/com/example/protocol/MessageRouter.scala. Using presentation compiler with project's scala-library version: 3.3.6
2025.05.18 21:09:27 INFO  no build target found for /Users/navjotsinghchahal/Desktop/work/coding_practice/distributed_autonomous_agents/akka-agent-system/src/main/scala/com/example/protocol/MessageRouter.scala. Using presentation compiler with project's scala-library version: 3.3.6
2025.05.18 21:09:27 INFO  no build target found for /Users/navjotsinghchahal/Desktop/work/coding_practice/distributed_autonomous_agents/akka-agent-system/src/main/scala/com/example/protocol/MessageSerializer.scala. Using presentation compiler with project's scala-library version: 3.3.6
2025.05.18 21:09:27 INFO  no build target found for /Users/navjotsinghchahal/Desktop/work/coding_practice/distributed_autonomous_agents/akka-agent-system/src/main/scala/com/example/protocol/MessageSerializer.scala. Using presentation compiler with project's scala-library version: 3.3.6
2025.05.18 21:09:31 INFO  no build target found for /Users/navjotsinghchahal/Desktop/work/coding_practice/distributed_autonomous_agents/akka-agent-system/src/main/scala/com/example/protocol/MessageSerializer.scala. Using presentation compiler with project's scala-library version: 3.3.6
2025.05.18 21:09:31 INFO  no build target found for /Users/navjotsinghchahal/Desktop/work/coding_practice/distributed_autonomous_agents/akka-agent-system/src/main/scala/com/example/Main.scala. Using presentation compiler with project's scala-library version: 3.3.6
2025.05.18 21:09:31 INFO  no build target found for /Users/navjotsinghchahal/Desktop/work/coding_practice/distributed_autonomous_agents/akka-agent-system/src/main/scala/com/example/Main.scala. Using presentation compiler with project's scala-library version: 3.3.6
2025.05.18 21:10:56 INFO  no build target found for /Users/navjotsinghchahal/Desktop/work/coding_practice/distributed_autonomous_agents/akka-agent-system/src/main/scala/com/example/Main.scala. Using presentation compiler with project's scala-library version: 3.3.6
2025.05.18 21:10:56 INFO  no build target found for /Users/navjotsinghchahal/Desktop/work/coding_practice/distributed_autonomous_agents/akka-agent-system/src/main/scala/com/example/Main.scala. Using presentation compiler with project's scala-library version: 3.3.6
2025.05.18 21:10:56 INFO  no build target found for /Users/navjotsinghchahal/Desktop/work/coding_practice/distributed_autonomous_agents/akka-agent-system/src/main/scala/com/example/Main.scala. Using presentation compiler with project's scala-library version: 3.3.6
2025.05.18 21:11:01 INFO  no build target found for /Users/navjotsinghchahal/Desktop/work/coding_practice/distributed_autonomous_agents/akka-agent-system/src/main/scala/com/example/Main.scala. Using presentation compiler with project's scala-library version: 3.3.6
2025.05.18 21:11:03 INFO  no build target found for /Users/navjotsinghchahal/Desktop/work/coding_practice/distributed_autonomous_agents/akka-agent-system/src/main/scala/com/example/Main.scala. Using presentation compiler with project's scala-library version: 3.3.6
2025.05.18 21:11:07 INFO  no build target found for /Users/navjotsinghchahal/Desktop/work/coding_practice/distributed_autonomous_agents/akka-agent-system/src/main/scala/com/example/Main.scala. Using presentation compiler with project's scala-library version: 3.3.6
2025.05.18 21:11:07 INFO  no build target found for /Users/navjotsinghchahal/Desktop/work/coding_practice/distributed_autonomous_agents/akka-agent-system/src/test/scala/com/example/agent/AgentSpec.scala. Using presentation compiler with project's scala-library version: 3.3.6
2025.05.18 21:11:07 INFO  no build target found for /Users/navjotsinghchahal/Desktop/work/coding_practice/distributed_autonomous_agents/akka-agent-system/src/test/scala/com/example/agent/AgentSpec.scala. Using presentation compiler with project's scala-library version: 3.3.6
2025.05.18 21:11:08 INFO  no build target found for /Users/navjotsinghchahal/Desktop/work/coding_practice/distributed_autonomous_agents/akka-agent-system/src/test/scala/com/example/agent/AgentSpec.scala. Using presentation compiler with project's scala-library version: 3.3.6
2025.05.18 21:11:22 INFO  no build target found for /Users/navjotsinghchahal/Desktop/work/coding_practice/distributed_autonomous_agents/akka-agent-system/src/test/scala/com/example/agent/AgentSpec.scala. Using presentation compiler with project's scala-library version: 3.3.6
2025.05.18 21:11:22 INFO  no build target found for /Users/navjotsinghchahal/Desktop/work/coding_practice/distributed_autonomous_agents/akka-agent-system/src/test/scala/com/example/coordination/TaskCoordinatorSpec.scala. Using presentation compiler with project's scala-library version: 3.3.6
2025.05.18 21:11:22 INFO  no build target found for /Users/navjotsinghchahal/Desktop/work/coding_practice/distributed_autonomous_agents/akka-agent-system/src/test/scala/com/example/coordination/TaskCoordinatorSpec.scala. Using presentation compiler with project's scala-library version: 3.3.6
2025.05.18 21:11:22 INFO  no build target found for /Users/navjotsinghchahal/Desktop/work/coding_practice/distributed_autonomous_agents/akka-agent-system/src/test/scala/com/example/coordination/TaskCoordinatorSpec.scala. Using presentation compiler with project's scala-library version: 3.3.6
2025.05.18 21:14:16 INFO  no build target found for /Users/navjotsinghchahal/Desktop/work/coding_practice/distributed_autonomous_agents/akka-agent-system/src/test/scala/com/example/coordination/TaskCoordinatorSpec.scala. Using presentation compiler with project's scala-library version: 3.3.6
2025.05.18 21:14:16 INFO  no build target found for /Users/navjotsinghchahal/Desktop/work/coding_practice/distributed_autonomous_agents/akka-agent-system/src/test/scala/com/example/coordination/TaskCoordinatorSpec.scala. Using presentation compiler with project's scala-library version: 3.3.6
2025.05.18 21:14:18 INFO  no build target found for /Users/navjotsinghchahal/Desktop/work/coding_practice/distributed_autonomous_agents/akka-agent-system/src/test/scala/com/example/coordination/TaskCoordinatorSpec.scala. Using presentation compiler with project's scala-library version: 3.3.6
2025.05.18 21:14:30 INFO  no build target found for /Users/navjotsinghchahal/Desktop/work/coding_practice/distributed_autonomous_agents/akka-agent-system/src/test/scala/com/example/coordination/TaskCoordinatorSpec.scala. Using presentation compiler with project's scala-library version: 3.3.6
2025.05.18 21:14:31 INFO  no build target found for /Users/navjotsinghchahal/Desktop/work/coding_practice/distributed_autonomous_agents/akka-agent-system/src/test/scala/com/example/coordination/TaskCoordinatorSpec.scala. Using presentation compiler with project's scala-library version: 3.3.6
2025.05.18 21:14:31 INFO  no build target found for /Users/navjotsinghchahal/Desktop/work/coding_practice/distributed_autonomous_agents/akka-agent-system/src/test/scala/com/example/coordination/TaskCoordinatorSpec.scala. Using presentation compiler with project's scala-library version: 3.3.6
2025.05.18 21:14:31 INFO  no build target found for /Users/navjotsinghchahal/Desktop/work/coding_practice/distributed_autonomous_agents/akka-agent-system/src/test/scala/com/example/coordination/TaskCoordinatorSpec.scala. Using presentation compiler with project's scala-library version: 3.3.6
2025.05.18 21:14:33 INFO  no build target found for /Users/navjotsinghchahal/Desktop/work/coding_practice/distributed_autonomous_agents/akka-agent-system/src/test/scala/com/example/coordination/TaskCoordinatorSpec.scala. Using presentation compiler with project's scala-library version: 3.3.6
2025.05.18 21:14:35 INFO  no build target found for /Users/navjotsinghchahal/Desktop/work/coding_practice/distributed_autonomous_agents/akka-agent-system/src/test/scala/com/example/coordination/TaskCoordinatorSpec.scala. Using presentation compiler with project's scala-library version: 3.3.6
2025.05.18 21:14:36 INFO  no build target found for /Users/navjotsinghchahal/Desktop/work/coding_practice/distributed_autonomous_agents/akka-agent-system/src/test/scala/com/example/coordination/TaskCoordinatorSpec.scala. Using presentation compiler with project's scala-library version: 3.3.6
2025.05.18 21:14:36 INFO  no build target found for /Users/navjotsinghchahal/Desktop/work/coding_practice/distributed_autonomous_agents/akka-agent-system/src/test/scala/com/example/coordination/TaskCoordinatorSpec.scala. Using presentation compiler with project's scala-library version: 3.3.6
2025.05.18 21:14:36 INFO  no build target found for /Users/navjotsinghchahal/Desktop/work/coding_practice/distributed_autonomous_agents/akka-agent-system/src/test/scala/com/example/coordination/TaskCoordinatorSpec.scala. Using presentation compiler with project's scala-library version: 3.3.6
2025.05.18 21:14:39 INFO  no build target found for /Users/navjotsinghchahal/Desktop/work/coding_practice/distributed_autonomous_agents/akka-agent-system/src/test/scala/com/example/coordination/TaskCoordinatorSpec.scala. Using presentation compiler with project's scala-library version: 3.3.6
2025.05.18 21:14:39 INFO  no build target found for /Users/navjotsinghchahal/Desktop/work/coding_practice/distributed_autonomous_agents/akka-agent-system/src/test/scala/com/example/coordination/TaskCoordinatorSpec.scala. Using presentation compiler with project's scala-library version: 3.3.6
2025.05.18 21:14:39 INFO  no build target found for /Users/navjotsinghchahal/Desktop/work/coding_practice/distributed_autonomous_agents/akka-agent-system/src/test/scala/com/example/coordination/TaskCoordinatorSpec.scala. Using presentation compiler with project's scala-library version: 3.3.6
2025.05.18 21:14:41 INFO  no build target found for /Users/navjotsinghchahal/Desktop/work/coding_practice/distributed_autonomous_agents/akka-agent-system/src/test/scala/com/example/coordination/TaskCoordinatorSpec.scala. Using presentation compiler with project's scala-library version: 3.3.6
2025.05.18 21:14:42 INFO  no build target found for /Users/navjotsinghchahal/Desktop/work/coding_practice/distributed_autonomous_agents/akka-agent-system/src/test/scala/com/example/coordination/TaskCoordinatorSpec.scala. Using presentation compiler with project's scala-library version: 3.3.6
2025.05.18 21:14:42 INFO  no build target found for /Users/navjotsinghchahal/Desktop/work/coding_practice/distributed_autonomous_agents/akka-agent-system/src/test/scala/com/example/coordination/TaskCoordinatorSpec.scala. Using presentation compiler with project's scala-library version: 3.3.6
2025.05.18 21:14:43 INFO  no build target found for /Users/navjotsinghchahal/Desktop/work/coding_practice/distributed_autonomous_agents/akka-agent-system/src/test/scala/com/example/coordination/TaskCoordinatorSpec.scala. Using presentation compiler with project's scala-library version: 3.3.6
2025.05.18 21:14:43 INFO  no build target found for /Users/navjotsinghchahal/Desktop/work/coding_practice/distributed_autonomous_agents/akka-agent-system/src/test/scala/com/example/coordination/TaskCoordinatorSpec.scala. Using presentation compiler with project's scala-library version: 3.3.6
2025.05.18 21:14:43 INFO  no build target found for /Users/navjotsinghchahal/Desktop/work/coding_practice/distributed_autonomous_agents/akka-agent-system/src/test/scala/com/example/coordination/TaskCoordinatorSpec.scala. Using presentation compiler with project's scala-library version: 3.3.6
2025.05.18 21:14:44 INFO  no build target found for /Users/navjotsinghchahal/Desktop/work/coding_practice/distributed_autonomous_agents/akka-agent-system/src/test/scala/com/example/coordination/TaskCoordinatorSpec.scala. Using presentation compiler with project's scala-library version: 3.3.6
2025.05.18 21:14:56 INFO  no build target found for /Users/navjotsinghchahal/Desktop/work/coding_practice/distributed_autonomous_agents/akka-agent-system/src/test/scala/com/example/coordination/TaskCoordinatorSpec.scala. Using presentation compiler with project's scala-library version: 3.3.6
2025.05.18 21:15:01 INFO  no build target found for /Users/navjotsinghchahal/Desktop/work/coding_practice/distributed_autonomous_agents/akka-agent-system/src/test/scala/com/example/coordination/TaskCoordinatorSpec.scala. Using presentation compiler with project's scala-library version: 3.3.6
2025.05.18 21:15:01 INFO  no build target found for /Users/navjotsinghchahal/Desktop/work/coding_practice/distributed_autonomous_agents/akka-agent-system/src/main/scala/com/example/protocol/MessageRouter.scala. Using presentation compiler with project's scala-library version: 3.3.6
2025.05.18 21:15:01 INFO  no build target found for /Users/navjotsinghchahal/Desktop/work/coding_practice/distributed_autonomous_agents/akka-agent-system/src/main/scala/com/example/protocol/MessageRouter.scala. Using presentation compiler with project's scala-library version: 3.3.6
2025.05.18 21:15:21 INFO  no build target found for /Users/navjotsinghchahal/Desktop/work/coding_practice/distributed_autonomous_agents/akka-agent-system/src/main/scala/com/example/protocol/MessageSerializer.scala. Using presentation compiler with project's scala-library version: 3.3.6
2025.05.18 21:15:21 WARN  no build target for: /Users/navjotsinghchahal/Desktop/work/coding_practice/distributed_autonomous_agents/akka-agent-system/src/main/scala/com/example/protocol/MessageRouter.scala
2025.05.18 21:15:21 WARN  no build target for: /Users/navjotsinghchahal/Desktop/work/coding_practice/distributed_autonomous_agents/akka-agent-system/src/main/scala/com/example/Main.scala
2025.05.18 21:15:21 WARN  no build target for: /Users/navjotsinghchahal/Desktop/work/coding_practice/distributed_autonomous_agents/akka-agent-system/src/main/scala/com/example/Main.scala
2025.05.18 21:15:21 WARN  no build target for: /Users/navjotsinghchahal/Desktop/work/coding_practice/distributed_autonomous_agents/akka-agent-system/src/test/scala/com/example/agent/AgentSpec.scala
2025.05.18 21:15:21 WARN  no build target for: /Users/navjotsinghchahal/Desktop/work/coding_practice/distributed_autonomous_agents/akka-agent-system/src/main/scala/com/example/protocol/MessageSerializer.scala
2025.05.18 21:15:21 WARN  no build target for: /Users/navjotsinghchahal/Desktop/work/coding_practice/distributed_autonomous_agents/akka-agent-system/src/test/scala/com/example/coordination/TaskCoordinatorSpec.scala
2025.05.18 21:15:21 WARN  no build target for: /Users/navjotsinghchahal/Desktop/work/coding_practice/distributed_autonomous_agents/akka-agent-system/src/main/scala/com/example/protocol/MessageRouter.scala
2025.05.18 21:15:21 WARN  no build target for: /Users/navjotsinghchahal/Desktop/work/coding_practice/distributed_autonomous_agents/akka-agent-system/src/main/scala/com/example/protocol/MessageProtocol.scala
2025.05.18 21:15:21 INFO  no build target found for /Users/navjotsinghchahal/Desktop/work/coding_practice/distributed_autonomous_agents/akka-agent-system/src/main/scala/com/example/protocol/MessageRouter.scala. Using presentation compiler with project's scala-library version: 3.3.6
2025.05.18 21:15:21 INFO  no build target found for /Users/navjotsinghchahal/Desktop/work/coding_practice/distributed_autonomous_agents/akka-agent-system/src/main/scala/com/example/Main.scala. Using presentation compiler with project's scala-library version: 3.3.6
2025.05.18 21:15:21 INFO  no build target found for /Users/navjotsinghchahal/Desktop/work/coding_practice/distributed_autonomous_agents/akka-agent-system/src/main/scala/com/example/protocol/MessageProtocol.scala. Using presentation compiler with project's scala-library version: 3.3.6
2025.05.18 21:15:21 INFO  no build target found for /Users/navjotsinghchahal/Desktop/work/coding_practice/distributed_autonomous_agents/akka-agent-system/src/test/scala/com/example/coordination/TaskCoordinatorSpec.scala. Using presentation compiler with project's scala-library version: 3.3.6
2025.05.18 21:15:21 INFO  no build target found for /Users/navjotsinghchahal/Desktop/work/coding_practice/distributed_autonomous_agents/akka-agent-system/src/main/scala/com/example/protocol/MessageRouter.scala. Using presentation compiler with project's scala-library version: 3.3.6
2025.05.18 21:15:21 INFO  no build target found for /Users/navjotsinghchahal/Desktop/work/coding_practice/distributed_autonomous_agents/akka-agent-system/src/test/scala/com/example/agent/AgentSpec.scala. Using presentation compiler with project's scala-library version: 3.3.6
2025.05.18 21:15:21 INFO  no build target found for /Users/navjotsinghchahal/Desktop/work/coding_practice/distributed_autonomous_agents/akka-agent-system/src/main/scala/com/example/protocol/MessageRouter.scala. Using presentation compiler with project's scala-library version: 3.3.6
2025.05.18 21:15:21 INFO  no build target found for /Users/navjotsinghchahal/Desktop/work/coding_practice/distributed_autonomous_agents/akka-agent-system/src/main/scala/com/example/protocol/MessageSerializer.scala. Using presentation compiler with project's scala-library version: 3.3.6
2025.05.18 21:15:21 INFO  no build target found for /Users/navjotsinghchahal/Desktop/work/coding_practice/distributed_autonomous_agents/akka-agent-system/src/main/scala/com/example/protocol/MessageRouter.scala. Using presentation compiler with project's scala-library version: 3.3.6
2025.05.18 21:15:21 INFO  no build target found for /Users/navjotsinghchahal/Desktop/work/coding_practice/distributed_autonomous_agents/akka-agent-system/src/main/scala/com/example/protocol/MessageRouter.scala. Using presentation compiler with project's scala-library version: 3.3.6
2025.05.18 21:15:38 INFO  no build target found for /Users/navjotsinghchahal/Desktop/work/coding_practice/distributed_autonomous_agents/akka-agent-system/src/main/scala/com/example/protocol/MessageRouter.scala. Using presentation compiler with project's scala-library version: 3.3.6
2025.05.18 21:15:41 INFO  no build target found for /Users/navjotsinghchahal/Desktop/work/coding_practice/distributed_autonomous_agents/akka-agent-system/src/main/scala/com/example/protocol/MessageRouter.scala. Using presentation compiler with project's scala-library version: 3.3.6
2025.05.18 21:15:41 INFO  no build target found for /Users/navjotsinghchahal/Desktop/work/coding_practice/distributed_autonomous_agents/akka-agent-system/src/test/scala/com/example/protocol/MessageProtocolSpec.scala. Using presentation compiler with project's scala-library version: 3.3.6
2025.05.18 21:15:41 WARN  no build target for: /Users/navjotsinghchahal/Desktop/work/coding_practice/distributed_autonomous_agents/akka-agent-system/src/test/scala/com/example/protocol/MessageProtocolSpec.scala
2025.05.18 21:15:41 INFO  no build target found for /Users/navjotsinghchahal/Desktop/work/coding_practice/distributed_autonomous_agents/akka-agent-system/src/test/scala/com/example/protocol/MessageProtocolSpec.scala. Using presentation compiler with project's scala-library version: 3.3.6
2025.05.18 21:15:41 INFO  no build target found for /Users/navjotsinghchahal/Desktop/work/coding_practice/distributed_autonomous_agents/akka-agent-system/src/test/scala/com/example/protocol/MessageProtocolSpec.scala. Using presentation compiler with project's scala-library version: 3.3.6
2025.05.18 21:15:41 INFO  no build target found for /Users/navjotsinghchahal/Desktop/work/coding_practice/distributed_autonomous_agents/akka-agent-system/src/test/scala/com/example/protocol/MessageProtocolSpec.scala. Using presentation compiler with project's scala-library version: 3.3.6
2025.05.18 21:15:46 INFO  no build target found for /Users/navjotsinghchahal/Desktop/work/coding_practice/distributed_autonomous_agents/akka-agent-system/src/test/scala/com/example/protocol/MessageProtocolSpec.scala. Using presentation compiler with project's scala-library version: 3.3.6
2025.05.18 21:15:46 INFO  no build target found for /Users/navjotsinghchahal/Desktop/work/coding_practice/distributed_autonomous_agents/akka-agent-system/src/test/scala/com/example/protocol/MessageProtocolSpec.scala. Using presentation compiler with project's scala-library version: 3.3.6
2025.05.18 21:15:48 INFO  no build target found for /Users/navjotsinghchahal/Desktop/work/coding_practice/distributed_autonomous_agents/akka-agent-system/src/test/scala/com/example/protocol/MessageProtocolSpec.scala. Using presentation compiler with project's scala-library version: 3.3.6
2025.05.18 21:15:48 INFO  no build target found for /Users/navjotsinghchahal/Desktop/work/coding_practice/distributed_autonomous_agents/akka-agent-system/src/test/scala/com/example/protocol/MessageProtocolSpec.scala. Using presentation compiler with project's scala-library version: 3.3.6
2025.05.18 21:15:48 INFO  no build target found for /Users/navjotsinghchahal/Desktop/work/coding_practice/distributed_autonomous_agents/akka-agent-system/src/test/scala/com/example/protocol/MessageProtocolSpec.scala. Using presentation compiler with project's scala-library version: 3.3.6
2025.05.18 21:15:50 INFO  no build target found for /Users/navjotsinghchahal/Desktop/work/coding_practice/distributed_autonomous_agents/akka-agent-system/src/test/scala/com/example/protocol/MessageProtocolSpec.scala. Using presentation compiler with project's scala-library version: 3.3.6
2025.05.18 21:15:50 INFO  no build target found for /Users/navjotsinghchahal/Desktop/work/coding_practice/distributed_autonomous_agents/akka-agent-system/build.sbt. Using presentation compiler with project's scala-library version: 3.3.6
2025.05.18 21:15:50 WARN  no build target for: /Users/navjotsinghchahal/Desktop/work/coding_practice/distributed_autonomous_agents/akka-agent-system/build.sbt
2025.05.18 21:15:50 INFO  no build target found for /Users/navjotsinghchahal/Desktop/work/coding_practice/distributed_autonomous_agents/akka-agent-system/build.sbt. Using presentation compiler with project's scala-library version: 3.3.6
2025.05.18 21:15:50 INFO  no build target found for /Users/navjotsinghchahal/Desktop/work/coding_practice/distributed_autonomous_agents/akka-agent-system/build.sbt. Using presentation compiler with project's scala-library version: 3.3.6
2025.05.18 21:15:50 WARN  Could not find semantic tokens for: file:///Users/navjotsinghchahal/Desktop/work/coding_practice/distributed_autonomous_agents/akka-agent-system/build.sbt
2025.05.18 21:15:50 INFO  no build target found for /Users/navjotsinghchahal/Desktop/work/coding_practice/distributed_autonomous_agents/akka-agent-system/build.sbt. Using presentation compiler with project's scala-library version: 3.3.6
2025.05.18 21:15:50 WARN  Could not find semantic tokens for: file:///Users/navjotsinghchahal/Desktop/work/coding_practice/distributed_autonomous_agents/akka-agent-system/build.sbt
2025.05.18 21:15:51 INFO  no build target found for /Users/navjotsinghchahal/Desktop/work/coding_practice/distributed_autonomous_agents/akka-agent-system/build.sbt. Using presentation compiler with project's scala-library version: 3.3.6
2025.05.18 21:15:51 INFO  no build target found for /Users/navjotsinghchahal/Desktop/work/coding_practice/distributed_autonomous_agents/akka-agent-system/build.sbt. Using presentation compiler with project's scala-library version: 3.3.6
2025.05.18 21:15:55 INFO  no build target found for /Users/navjotsinghchahal/Desktop/work/coding_practice/distributed_autonomous_agents/akka-agent-system/build.sbt. Using presentation compiler with project's scala-library version: 3.3.6
2025.05.18 21:15:57 INFO  no build target found for /Users/navjotsinghchahal/Desktop/work/coding_practice/distributed_autonomous_agents/akka-agent-system/build.sbt. Using presentation compiler with project's scala-library version: 3.3.6
2025.05.18 21:15:57 INFO  no build target found for /Users/navjotsinghchahal/Desktop/work/coding_practice/distributed_autonomous_agents/akka-agent-system/build.sbt. Using presentation compiler with project's scala-library version: 3.3.6
2025.05.18 21:15:57 INFO  no build target found for /Users/navjotsinghchahal/Desktop/work/coding_practice/distributed_autonomous_agents/akka-agent-system/build.sbt. Using presentation compiler with project's scala-library version: 3.3.6
2025.05.18 21:16:01 INFO  no build target found for /Users/navjotsinghchahal/Desktop/work/coding_practice/distributed_autonomous_agents/akka-agent-system/build.sbt. Using presentation compiler with project's scala-library version: 3.3.6
2025.05.18 21:16:28 INFO  no build target found for /Users/navjotsinghchahal/Desktop/work/coding_practice/distributed_autonomous_agents/akka-agent-system/build.sbt. Using presentation compiler with project's scala-library version: 3.3.6
2025.05.18 21:16:28 INFO  no build target found for /Users/navjotsinghchahal/Desktop/work/coding_practice/distributed_autonomous_agents/akka-agent-system/build.sbt. Using presentation compiler with project's scala-library version: 3.3.6
2025.05.18 21:16:29 INFO  no build target found for /Users/navjotsinghchahal/Desktop/work/coding_practice/distributed_autonomous_agents/akka-agent-system/build.sbt. Using presentation compiler with project's scala-library version: 3.3.6
2025.05.18 21:16:29 INFO  no build target found for /Users/navjotsinghchahal/Desktop/work/coding_practice/distributed_autonomous_agents/akka-agent-system/build.sbt. Using presentation compiler with project's scala-library version: 3.3.6
2025.05.18 21:16:29 INFO  no build target found for /Users/navjotsinghchahal/Desktop/work/coding_practice/distributed_autonomous_agents/akka-agent-system/build.sbt. Using presentation compiler with project's scala-library version: 3.3.6
2025.05.18 21:16:29 INFO  no build target found for /Users/navjotsinghchahal/Desktop/work/coding_practice/distributed_autonomous_agents/akka-agent-system/build.sbt. Using presentation compiler with project's scala-library version: 3.3.6
2025.05.18 21:16:30 INFO  no build target found for /Users/navjotsinghchahal/Desktop/work/coding_practice/distributed_autonomous_agents/akka-agent-system/build.sbt. Using presentation compiler with project's scala-library version: 3.3.6
2025.05.18 21:16:30 INFO  no build target found for /Users/navjotsinghchahal/Desktop/work/coding_practice/distributed_autonomous_agents/akka-agent-system/build.sbt. Using presentation compiler with project's scala-library version: 3.3.6
2025.05.18 21:16:30 WARN  Could not find semantic tokens for: file:///Users/navjotsinghchahal/Desktop/work/coding_practice/distributed_autonomous_agents/akka-agent-system/build.sbt
2025.05.18 21:16:30 INFO  no build target found for /Users/navjotsinghchahal/Desktop/work/coding_practice/distributed_autonomous_agents/akka-agent-system/build.sbt. Using presentation compiler with project's scala-library version: 3.3.6
2025.05.18 21:16:30 INFO  no build target found for /Users/navjotsinghchahal/Desktop/work/coding_practice/distributed_autonomous_agents/akka-agent-system/build.sbt. Using presentation compiler with project's scala-library version: 3.3.6
2025.05.18 21:16:30 INFO  no build target found for /Users/navjotsinghchahal/Desktop/work/coding_practice/distributed_autonomous_agents/akka-agent-system/build.sbt. Using presentation compiler with project's scala-library version: 3.3.6
2025.05.18 21:16:30 INFO  no build target found for /Users/navjotsinghchahal/Desktop/work/coding_practice/distributed_autonomous_agents/akka-agent-system/build.sbt. Using presentation compiler with project's scala-library version: 3.3.6
2025.05.18 21:16:30 WARN  Could not find semantic tokens for: file:///Users/navjotsinghchahal/Desktop/work/coding_practice/distributed_autonomous_agents/akka-agent-system/build.sbt
2025.05.18 21:16:30 WARN  no build target for: /Users/navjotsinghchahal/Desktop/work/coding_practice/distributed_autonomous_agents/akka-agent-system/build.sbt
2025.05.18 21:16:31 INFO  no build target found for /Users/navjotsinghchahal/Desktop/work/coding_practice/distributed_autonomous_agents/akka-agent-system/build.sbt. Using presentation compiler with project's scala-library version: 3.3.6
2025.05.18 21:16:31 WARN  Could not find semantic tokens for: file:///Users/navjotsinghchahal/Desktop/work/coding_practice/distributed_autonomous_agents/akka-agent-system/build.sbt
2025.05.18 21:16:33 INFO  running '/Users/navjotsinghchahal/Library/Application Support/Coursier/bin/sbt -Dbloop.export-jar-classifiers=sources bloopInstall'
2025.05.18 21:16:33 INFO  no build target found for /Users/navjotsinghchahal/Desktop/work/coding_practice/distributed_autonomous_agents/akka-agent-system/build.sbt. Using presentation compiler with project's scala-library version: 3.3.6
2025.05.18 21:16:34 INFO  [info] welcome to sbt 1.10.11 (Eclipse Adoptium Java 17.0.15)
2025.05.18 21:16:34 INFO  [info] loading settings for project akka-agent-system-build-build from metals.sbt...
2025.05.18 21:16:34 INFO  [info] loading project definition from /Users/navjotsinghchahal/Desktop/work/coding_practice/distributed_autonomous_agents/akka-agent-system/project/project
2025.05.18 21:16:34 INFO  [info] loading settings for project akka-agent-system-build from metals.sbt...
2025.05.18 21:16:34 INFO  [info] loading project definition from /Users/navjotsinghchahal/Desktop/work/coding_practice/distributed_autonomous_agents/akka-agent-system/project
2025.05.18 21:16:35 INFO  [success] Generated .bloop/akka-agent-system-build.json
2025.05.18 21:16:35 INFO  [success] Total time: 1 s, completed May 18, 2025, 9:16:35 PM
2025.05.18 21:16:35 INFO  [info] loading settings for project akka-agent-system from build.sbt...
2025.05.18 21:16:35 INFO  [info] set current project to akka-agent-system (in build file:/Users/navjotsinghchahal/Desktop/work/coding_practice/distributed_autonomous_agents/akka-agent-system/)
2025.05.18 21:16:35 INFO  [warn] 
2025.05.18 21:16:35 INFO  [warn] 	Note: Unresolved dependencies path:
2025.05.18 21:16:35 INFO  [error] Couldn't run bloopGenerate. The issue could be caused by failing to compile the project.
2025.05.18 21:16:35 INFO  [error] sbt.librarymanagement.ResolveException: Error downloading com.typesafe.akka:akka-testkit-typed_3:2.6.18
2025.05.18 21:16:35 INFO  [error]   Not found
2025.05.18 21:16:35 INFO  [error]   Not found
2025.05.18 21:16:35 INFO  [error]   not found: /Users/navjotsinghchahal/.ivy2/localcom.typesafe.akka/akka-testkit-typed_3/2.6.18/ivys/ivy.xml
2025.05.18 21:16:35 INFO  [error]   not found: https://repo1.maven.org/maven2/com/typesafe/akka/akka-testkit-typed_3/2.6.18/akka-testkit-typed_3-2.6.18.pom
2025.05.18 21:16:35 INFO  [error] 	at lmcoursier.CoursierDependencyResolution.unresolvedWarningOrThrow(CoursierDependencyResolution.scala:347)
2025.05.18 21:16:35 INFO  [error] 	at lmcoursier.CoursierDependencyResolution.$anonfun$update$39(CoursierDependencyResolution.scala:316)
2025.05.18 21:16:35 INFO  [error] 	at scala.util.Either$LeftProjection.map(Either.scala:573)
2025.05.18 21:16:35 INFO  [error] 	at lmcoursier.CoursierDependencyResolution.update(CoursierDependencyResolution.scala:316)
2025.05.18 21:16:35 INFO  [error] 	at sbt.librarymanagement.DependencyResolution.update(DependencyResolution.scala:60)
2025.05.18 21:16:35 INFO  [error] 	at sbt.internal.LibraryManagement$.resolve$1(LibraryManagement.scala:60)
2025.05.18 21:16:35 INFO  [error] 	at sbt.internal.LibraryManagement$.$anonfun$cachedUpdate$12(LibraryManagement.scala:142)
2025.05.18 21:16:35 INFO  [error] 	at sbt.util.Tracked$.$anonfun$lastOutput$1(Tracked.scala:74)
2025.05.18 21:16:35 INFO  [error] 	at sbt.internal.LibraryManagement$.$anonfun$cachedUpdate$11(LibraryManagement.scala:144)
2025.05.18 21:16:35 INFO  [error] 	at sbt.internal.LibraryManagement$.$anonfun$cachedUpdate$11$adapted(LibraryManagement.scala:131)
2025.05.18 21:16:35 INFO  [error] 	at sbt.util.Tracked$.$anonfun$inputChangedW$1(Tracked.scala:220)
2025.05.18 21:16:35 INFO  [error] 	at sbt.internal.LibraryManagement$.cachedUpdate(LibraryManagement.scala:169)
2025.05.18 21:16:35 INFO  [error] 	at sbt.Classpaths$.$anonfun$updateTask0$1(Defaults.scala:3941)
2025.05.18 21:16:35 INFO  [error] 	at scala.Function1.$anonfun$compose$1(Function1.scala:49)
2025.05.18 21:16:35 INFO  [error] 	at sbt.internal.util.$tilde$greater.$anonfun$$u2219$1(TypeFunctions.scala:63)
2025.05.18 21:16:35 INFO  [error] 	at sbt.std.Transform$$anon$4.work(Transform.scala:69)
2025.05.18 21:16:35 INFO  [error] 	at sbt.Execute.$anonfun$submit$2(Execute.scala:283)
2025.05.18 21:16:35 INFO  [error] 	at sbt.internal.util.ErrorHandling$.wideConvert(ErrorHandling.scala:24)
2025.05.18 21:16:35 INFO  [error] 	at sbt.Execute.work(Execute.scala:292)
2025.05.18 21:16:35 INFO  [error] 	at sbt.Execute.$anonfun$submit$1(Execute.scala:283)
2025.05.18 21:16:35 INFO  [error] 	at sbt.ConcurrentRestrictions$$anon$4.$anonfun$submitValid$1(ConcurrentRestrictions.scala:265)
2025.05.18 21:16:35 INFO  [error] 	at sbt.CompletionService$$anon$2.call(CompletionService.scala:65)
2025.05.18 21:16:35 INFO  [error] 	at java.base/java.util.concurrent.FutureTask.run(FutureTask.java:264)
2025.05.18 21:16:35 INFO  [error] 	at java.base/java.util.concurrent.Executors$RunnableAdapter.call(Executors.java:539)
2025.05.18 21:16:35 INFO  [error] 	at java.base/java.util.concurrent.FutureTask.run(FutureTask.java:264)
2025.05.18 21:16:35 INFO  [error] 	at java.base/java.util.concurrent.ThreadPoolExecutor.runWorker(ThreadPoolExecutor.java:1136)
2025.05.18 21:16:35 INFO  [error] 	at java.base/java.util.concurrent.ThreadPoolExecutor$Worker.run(ThreadPoolExecutor.java:635)
2025.05.18 21:16:35 INFO  [error] 	at java.base/java.lang.Thread.run(Thread.java:840)
2025.05.18 21:16:35 INFO  [error] (update) sbt.librarymanagement.ResolveException: Error downloading com.typesafe.akka:akka-testkit-typed_3:2.6.18
2025.05.18 21:16:35 INFO  [error]   Not found
2025.05.18 21:16:35 INFO  [error]   Not found
2025.05.18 21:16:35 INFO  [error]   not found: /Users/navjotsinghchahal/.ivy2/localcom.typesafe.akka/akka-testkit-typed_3/2.6.18/ivys/ivy.xml
2025.05.18 21:16:35 INFO  [error]   not found: https://repo1.maven.org/maven2/com/typesafe/akka/akka-testkit-typed_3/2.6.18/akka-testkit-typed_3-2.6.18.pom
2025.05.18 21:16:35 INFO  [error] Total time: 0 s, completed May 18, 2025, 9:16:36 PM
2025.05.18 21:16:36 INFO  time: ran 'sbt bloopInstall' in 3.29s
2025.05.18 21:16:36 ERROR sbt command failed: /Users/navjotsinghchahal/Library/Application Support/Coursier/bin/sbt -Dbloop.export-jar-classifiers=sources bloopInstall
2025.05.18 21:16:48 INFO  no build target found for /Users/navjotsinghchahal/Desktop/work/coding_practice/distributed_autonomous_agents/akka-agent-system/build.sbt. Using presentation compiler with project's scala-library version: 3.3.6
May 18, 2025 9:16:49 PM org.eclipse.lsp4j.jsonrpc.services.GenericEndpoint notify
INFO: Unsupported notification method: $/setTrace
2025.05.18 21:18:00 WARN  no build target for: /Users/navjotsinghchahal/Desktop/work/coding_practice/distributed_autonomous_agents/akka-agent-system/build.sbt
2025.05.18 21:18:00 INFO  no build target found for /Users/navjotsinghchahal/Desktop/work/coding_practice/distributed_autonomous_agents/akka-agent-system/build.sbt. Using presentation compiler with project's scala-library version: 3.3.6
2025.05.18 21:18:00 WARN  Could not find semantic tokens for: file:///Users/navjotsinghchahal/Desktop/work/coding_practice/distributed_autonomous_agents/akka-agent-system/build.sbt
2025.05.18 21:41:26 WARN  no build target for: /Users/navjotsinghchahal/Desktop/work/coding_practice/distributed_autonomous_agents/akka-agent-system/build.sbt
2025.05.18 21:41:26 INFO  no build target found for /Users/navjotsinghchahal/Desktop/work/coding_practice/distributed_autonomous_agents/akka-agent-system/build.sbt. Using presentation compiler with project's scala-library version: 3.3.6
2025.05.18 21:41:26 WARN  Could not find semantic tokens for: file:///Users/navjotsinghchahal/Desktop/work/coding_practice/distributed_autonomous_agents/akka-agent-system/build.sbt
2025.05.18 21:45:10 INFO  no build target found for /Users/navjotsinghchahal/Desktop/work/coding_practice/distributed_autonomous_agents/akka-agent-system/build.sbt. Using presentation compiler with project's scala-library version: 3.3.6
2025.05.18 21:45:10 INFO  no build target found for /Users/navjotsinghchahal/Desktop/work/coding_practice/distributed_autonomous_agents/akka-agent-system/build.sbt. Using presentation compiler with project's scala-library version: 3.3.6
2025.05.18 21:45:51 INFO  no build target found for /Users/navjotsinghchahal/Desktop/work/coding_practice/distributed_autonomous_agents/akka-agent-system/build.sbt. Using presentation compiler with project's scala-library version: 3.3.6
2025.05.18 21:45:51 INFO  no build target found for /Users/navjotsinghchahal/Desktop/work/coding_practice/distributed_autonomous_agents/akka-agent-system/build.sbt. Using presentation compiler with project's scala-library version: 3.3.6
2025.05.18 21:46:01 WARN  no build target for: /Users/navjotsinghchahal/Desktop/work/coding_practice/distributed_autonomous_agents/akka-agent-system/build.sbt
2025.05.18 21:46:01 INFO  no build target found for /Users/navjotsinghchahal/Desktop/work/coding_practice/distributed_autonomous_agents/akka-agent-system/build.sbt. Using presentation compiler with project's scala-library version: 3.3.6
2025.05.18 21:46:01 INFO  no build target found for /Users/navjotsinghchahal/Desktop/work/coding_practice/distributed_autonomous_agents/akka-agent-system/build.sbt. Using presentation compiler with project's scala-library version: 3.3.6
2025.05.18 21:46:01 WARN  Could not find semantic tokens for: file:///Users/navjotsinghchahal/Desktop/work/coding_practice/distributed_autonomous_agents/akka-agent-system/build.sbt
2025.05.18 21:46:01 INFO  no build target found for /Users/navjotsinghchahal/Desktop/work/coding_practice/distributed_autonomous_agents/akka-agent-system/build.sbt. Using presentation compiler with project's scala-library version: 3.3.6
2025.05.18 21:46:01 INFO  no build target found for /Users/navjotsinghchahal/Desktop/work/coding_practice/distributed_autonomous_agents/akka-agent-system/build.sbt. Using presentation compiler with project's scala-library version: 3.3.6
2025.05.18 21:46:01 INFO  no build target found for /Users/navjotsinghchahal/Desktop/work/coding_practice/distributed_autonomous_agents/akka-agent-system/build.sbt. Using presentation compiler with project's scala-library version: 3.3.6
2025.05.18 21:46:02 INFO  no build target found for /Users/navjotsinghchahal/Desktop/work/coding_practice/distributed_autonomous_agents/akka-agent-system/build.sbt. Using presentation compiler with project's scala-library version: 3.3.6
2025.05.18 21:46:31 WARN  no build target for: /Users/navjotsinghchahal/Desktop/work/coding_practice/distributed_autonomous_agents/akka-agent-system/src/main/scala/com/example/Main.scala
2025.05.18 21:46:31 INFO  no build target found for /Users/navjotsinghchahal/Desktop/work/coding_practice/distributed_autonomous_agents/akka-agent-system/src/main/scala/com/example/Main.scala. Using presentation compiler with project's scala-library version: 3.3.6
2025.05.18 21:46:31 INFO  no build target found for /Users/navjotsinghchahal/Desktop/work/coding_practice/distributed_autonomous_agents/akka-agent-system/src/main/scala/com/example/Main.scala. Using presentation compiler with project's scala-library version: 3.3.6
2025.05.18 21:46:31 INFO  no build target found for /Users/navjotsinghchahal/Desktop/work/coding_practice/distributed_autonomous_agents/akka-agent-system/src/main/scala/com/example/Main.scala. Using presentation compiler with project's scala-library version: 3.3.6
2025.05.18 21:46:32 INFO  no build target found for /Users/navjotsinghchahal/Desktop/work/coding_practice/distributed_autonomous_agents/akka-agent-system/src/main/scala/com/example/Main.scala. Using presentation compiler with project's scala-library version: 3.3.6
2025.05.18 21:46:44 INFO  no build target found for /Users/navjotsinghchahal/Desktop/work/coding_practice/distributed_autonomous_agents/akka-agent-system/src/main/scala/com/example/Main.scala. Using presentation compiler with project's scala-library version: 3.3.6
2025.05.18 21:46:44 WARN  no build target for: /Users/navjotsinghchahal/Desktop/work/coding_practice/distributed_autonomous_agents/akka-agent-system/src/main/scala/com/example/protocol/MessageSerializer.scala
2025.05.18 21:46:44 INFO  no build target found for /Users/navjotsinghchahal/Desktop/work/coding_practice/distributed_autonomous_agents/akka-agent-system/src/main/scala/com/example/protocol/MessageSerializer.scala. Using presentation compiler with project's scala-library version: 3.3.6
2025.05.18 21:46:44 INFO  no build target found for /Users/navjotsinghchahal/Desktop/work/coding_practice/distributed_autonomous_agents/akka-agent-system/src/main/scala/com/example/protocol/MessageSerializer.scala. Using presentation compiler with project's scala-library version: 3.3.6
2025.05.18 21:46:44 INFO  no build target found for /Users/navjotsinghchahal/Desktop/work/coding_practice/distributed_autonomous_agents/akka-agent-system/src/main/scala/com/example/protocol/MessageSerializer.scala. Using presentation compiler with project's scala-library version: 3.3.6
2025.05.18 21:46:45 INFO  no build target found for /Users/navjotsinghchahal/Desktop/work/coding_practice/distributed_autonomous_agents/akka-agent-system/src/main/scala/com/example/protocol/MessageSerializer.scala. Using presentation compiler with project's scala-library version: 3.3.6
2025.05.18 21:47:18 INFO  no build target found for /Users/navjotsinghchahal/Desktop/work/coding_practice/distributed_autonomous_agents/akka-agent-system/src/main/scala/com/example/protocol/MessageSerializer.scala. Using presentation compiler with project's scala-library version: 3.3.6
2025.05.18 21:47:18 INFO  no build target found for /Users/navjotsinghchahal/Desktop/work/coding_practice/distributed_autonomous_agents/akka-agent-system/src/main/scala/com/example/agent/Agent.scala. Using presentation compiler with project's scala-library version: 3.3.6
2025.05.18 21:47:18 WARN  no build target for: /Users/navjotsinghchahal/Desktop/work/coding_practice/distributed_autonomous_agents/akka-agent-system/src/main/scala/com/example/agent/Agent.scala
2025.05.18 21:47:18 INFO  no build target found for /Users/navjotsinghchahal/Desktop/work/coding_practice/distributed_autonomous_agents/akka-agent-system/src/main/scala/com/example/agent/Agent.scala. Using presentation compiler with project's scala-library version: 3.3.6
2025.05.18 21:47:18 INFO  no build target found for /Users/navjotsinghchahal/Desktop/work/coding_practice/distributed_autonomous_agents/akka-agent-system/src/main/scala/com/example/agent/Agent.scala. Using presentation compiler with project's scala-library version: 3.3.6
2025.05.18 21:47:19 INFO  no build target found for /Users/navjotsinghchahal/Desktop/work/coding_practice/distributed_autonomous_agents/akka-agent-system/src/main/scala/com/example/agent/Agent.scala. Using presentation compiler with project's scala-library version: 3.3.6
2025.05.18 21:47:29 INFO  no build target found for /Users/navjotsinghchahal/Desktop/work/coding_practice/distributed_autonomous_agents/akka-agent-system/src/main/scala/com/example/agent/Agent.scala. Using presentation compiler with project's scala-library version: 3.3.6
2025.05.18 21:51:39 INFO  no build target found for /Users/navjotsinghchahal/Desktop/work/coding_practice/distributed_autonomous_agents/akka-agent-system/src/main/scala/com/example/agent/Agent.scala. Using presentation compiler with project's scala-library version: 3.3.6
2025.05.18 22:04:38 INFO  no build target found for /Users/navjotsinghchahal/Desktop/work/coding_practice/distributed_autonomous_agents/akka-agent-system/src/main/scala/com/example/agent/Agent.scala. Using presentation compiler with project's scala-library version: 3.3.6
2025.05.18 22:09:52 INFO  no build target found for /Users/navjotsinghchahal/Desktop/work/coding_practice/distributed_autonomous_agents/akka-agent-system/src/main/scala/com/example/agent/Agent.scala. Using presentation compiler with project's scala-library version: 3.3.6
2025.05.18 22:09:54 WARN  no build target for: /Users/navjotsinghchahal/Desktop/work/coding_practice/distributed_autonomous_agents/akka-agent-system/build.sbt
2025.05.18 22:09:54 INFO  no build target found for /Users/navjotsinghchahal/Desktop/work/coding_practice/distributed_autonomous_agents/akka-agent-system/build.sbt. Using presentation compiler with project's scala-library version: 3.3.6
2025.05.18 22:09:54 INFO  no build target found for /Users/navjotsinghchahal/Desktop/work/coding_practice/distributed_autonomous_agents/akka-agent-system/build.sbt. Using presentation compiler with project's scala-library version: 3.3.6
2025.05.18 22:09:54 WARN  Could not find semantic tokens for: file:///Users/navjotsinghchahal/Desktop/work/coding_practice/distributed_autonomous_agents/akka-agent-system/build.sbt
2025.05.18 22:09:54 INFO  no build target found for /Users/navjotsinghchahal/Desktop/work/coding_practice/distributed_autonomous_agents/akka-agent-system/build.sbt. Using presentation compiler with project's scala-library version: 3.3.6
2025.05.18 22:09:54 INFO  no build target found for /Users/navjotsinghchahal/Desktop/work/coding_practice/distributed_autonomous_agents/akka-agent-system/build.sbt. Using presentation compiler with project's scala-library version: 3.3.6
2025.05.18 22:09:55 INFO  no build target found for /Users/navjotsinghchahal/Desktop/work/coding_practice/distributed_autonomous_agents/akka-agent-system/build.sbt. Using presentation compiler with project's scala-library version: 3.3.6
2025.05.18 22:10:01 INFO  no build target found for /Users/navjotsinghchahal/Desktop/work/coding_practice/distributed_autonomous_agents/akka-agent-system/build.sbt. Using presentation compiler with project's scala-library version: 3.3.6
2025.05.18 22:10:01 INFO  no build target found for /Users/navjotsinghchahal/Desktop/work/coding_practice/distributed_autonomous_agents/akka-agent-system/build.sbt. Using presentation compiler with project's scala-library version: 3.3.6
2025.05.18 22:10:01 INFO  no build target found for /Users/navjotsinghchahal/Desktop/work/coding_practice/distributed_autonomous_agents/akka-agent-system/build.sbt. Using presentation compiler with project's scala-library version: 3.3.6
2025.05.18 22:10:01 INFO  no build target found for /Users/navjotsinghchahal/Desktop/work/coding_practice/distributed_autonomous_agents/akka-agent-system/build.sbt. Using presentation compiler with project's scala-library version: 3.3.6
2025.05.18 22:10:01 INFO  no build target found for /Users/navjotsinghchahal/Desktop/work/coding_practice/distributed_autonomous_agents/akka-agent-system/build.sbt. Using presentation compiler with project's scala-library version: 3.3.6
2025.05.18 22:10:02 INFO  no build target found for /Users/navjotsinghchahal/Desktop/work/coding_practice/distributed_autonomous_agents/akka-agent-system/build.sbt. Using presentation compiler with project's scala-library version: 3.3.6
2025.05.18 22:10:02 INFO  no build target found for /Users/navjotsinghchahal/Desktop/work/coding_practice/distributed_autonomous_agents/akka-agent-system/build.sbt. Using presentation compiler with project's scala-library version: 3.3.6
2025.05.18 22:10:02 INFO  no build target found for /Users/navjotsinghchahal/Desktop/work/coding_practice/distributed_autonomous_agents/akka-agent-system/build.sbt. Using presentation compiler with project's scala-library version: 3.3.6
2025.05.18 22:10:02 INFO  no build target found for /Users/navjotsinghchahal/Desktop/work/coding_practice/distributed_autonomous_agents/akka-agent-system/build.sbt. Using presentation compiler with project's scala-library version: 3.3.6
2025.05.18 22:10:02 WARN  Could not find semantic tokens for: file:///Users/navjotsinghchahal/Desktop/work/coding_practice/distributed_autonomous_agents/akka-agent-system/build.sbt
2025.05.18 22:10:02 INFO  no build target found for /Users/navjotsinghchahal/Desktop/work/coding_practice/distributed_autonomous_agents/akka-agent-system/build.sbt. Using presentation compiler with project's scala-library version: 3.3.6
2025.05.18 22:10:02 INFO  no build target found for /Users/navjotsinghchahal/Desktop/work/coding_practice/distributed_autonomous_agents/akka-agent-system/build.sbt. Using presentation compiler with project's scala-library version: 3.3.6
2025.05.18 22:10:02 INFO  no build target found for /Users/navjotsinghchahal/Desktop/work/coding_practice/distributed_autonomous_agents/akka-agent-system/build.sbt. Using presentation compiler with project's scala-library version: 3.3.6
2025.05.18 22:10:03 INFO  no build target found for /Users/navjotsinghchahal/Desktop/work/coding_practice/distributed_autonomous_agents/akka-agent-system/build.sbt. Using presentation compiler with project's scala-library version: 3.3.6
2025.05.18 22:10:03 WARN  Could not find semantic tokens for: file:///Users/navjotsinghchahal/Desktop/work/coding_practice/distributed_autonomous_agents/akka-agent-system/build.sbt
2025.05.18 22:10:04 WARN  no build target for: /Users/navjotsinghchahal/Desktop/work/coding_practice/distributed_autonomous_agents/akka-agent-system/build.sbt
2025.05.18 22:10:04 INFO  no build target found for /Users/navjotsinghchahal/Desktop/work/coding_practice/distributed_autonomous_agents/akka-agent-system/build.sbt. Using presentation compiler with project's scala-library version: 3.3.6
2025.05.18 22:10:04 WARN  Could not find semantic tokens for: file:///Users/navjotsinghchahal/Desktop/work/coding_practice/distributed_autonomous_agents/akka-agent-system/build.sbt
2025.05.18 22:10:06 INFO  no build target found for /Users/navjotsinghchahal/Desktop/work/coding_practice/distributed_autonomous_agents/akka-agent-system/build.sbt. Using presentation compiler with project's scala-library version: 3.3.6
2025.05.18 22:10:06 INFO  no build target found for /Users/navjotsinghchahal/Desktop/work/coding_practice/distributed_autonomous_agents/akka-agent-system/build.sbt. Using presentation compiler with project's scala-library version: 3.3.6
2025.05.18 22:10:06 INFO  no build target found for /Users/navjotsinghchahal/Desktop/work/coding_practice/distributed_autonomous_agents/akka-agent-system/build.sbt. Using presentation compiler with project's scala-library version: 3.3.6
2025.05.18 22:10:06 INFO  no build target found for /Users/navjotsinghchahal/Desktop/work/coding_practice/distributed_autonomous_agents/akka-agent-system/build.sbt. Using presentation compiler with project's scala-library version: 3.3.6
2025.05.18 22:10:06 WARN  Could not find semantic tokens for: file:///Users/navjotsinghchahal/Desktop/work/coding_practice/distributed_autonomous_agents/akka-agent-system/build.sbt
2025.05.18 22:10:06 INFO  no build target found for /Users/navjotsinghchahal/Desktop/work/coding_practice/distributed_autonomous_agents/akka-agent-system/build.sbt. Using presentation compiler with project's scala-library version: 3.3.6
2025.05.18 22:10:06 INFO  no build target found for /Users/navjotsinghchahal/Desktop/work/coding_practice/distributed_autonomous_agents/akka-agent-system/build.sbt. Using presentation compiler with project's scala-library version: 3.3.6
2025.05.18 22:10:06 INFO  no build target found for /Users/navjotsinghchahal/Desktop/work/coding_practice/distributed_autonomous_agents/akka-agent-system/build.sbt. Using presentation compiler with project's scala-library version: 3.3.6
2025.05.18 22:10:06 INFO  no build target found for /Users/navjotsinghchahal/Desktop/work/coding_practice/distributed_autonomous_agents/akka-agent-system/build.sbt. Using presentation compiler with project's scala-library version: 3.3.6
2025.05.18 22:10:06 WARN  Could not find semantic tokens for: file:///Users/navjotsinghchahal/Desktop/work/coding_practice/distributed_autonomous_agents/akka-agent-system/build.sbt
2025.05.18 22:10:07 WARN  no build target for: /Users/navjotsinghchahal/Desktop/work/coding_practice/distributed_autonomous_agents/akka-agent-system/build.sbt
2025.05.18 22:10:07 INFO  no build target found for /Users/navjotsinghchahal/Desktop/work/coding_practice/distributed_autonomous_agents/akka-agent-system/build.sbt. Using presentation compiler with project's scala-library version: 3.3.6
2025.05.18 22:10:07 WARN  Could not find semantic tokens for: file:///Users/navjotsinghchahal/Desktop/work/coding_practice/distributed_autonomous_agents/akka-agent-system/build.sbt
2025.05.18 22:10:09 INFO  running '/Users/navjotsinghchahal/Library/Application Support/Coursier/bin/sbt -Dbloop.export-jar-classifiers=sources bloopInstall'
2025.05.18 22:10:09 INFO  no build target found for /Users/navjotsinghchahal/Desktop/work/coding_practice/distributed_autonomous_agents/akka-agent-system/build.sbt. Using presentation compiler with project's scala-library version: 3.3.6
2025.05.18 22:10:10 INFO  [info] welcome to sbt 1.10.11 (Eclipse Adoptium Java 17.0.15)
2025.05.18 22:10:10 INFO  [info] loading settings for project akka-agent-system-build-build from metals.sbt...
2025.05.18 22:10:10 INFO  [info] loading project definition from /Users/navjotsinghchahal/Desktop/work/coding_practice/distributed_autonomous_agents/akka-agent-system/project/project
2025.05.18 22:10:10 INFO  [info] loading settings for project akka-agent-system-build from metals.sbt...
2025.05.18 22:10:10 INFO  [info] loading project definition from /Users/navjotsinghchahal/Desktop/work/coding_practice/distributed_autonomous_agents/akka-agent-system/project
2025.05.18 22:10:11 INFO  [success] Generated .bloop/akka-agent-system-build.json
2025.05.18 22:10:11 INFO  [success] Total time: 1 s, completed May 18, 2025, 10:10:11 PM
2025.05.18 22:10:11 INFO  [info] loading settings for project akka-agent-system from build.sbt...
2025.05.18 22:10:11 INFO  [info] set current project to akka-agent-system (in build file:/Users/navjotsinghchahal/Desktop/work/coding_practice/distributed_autonomous_agents/akka-agent-system/)
2025.05.18 22:10:11 INFO  [warn] 
2025.05.18 22:10:11 INFO  [warn] 	Note: Unresolved dependencies path:
2025.05.18 22:10:11 INFO  [error] Couldn't run bloopGenerate. The issue could be caused by failing to compile the project.
2025.05.18 22:10:11 INFO  [error] sbt.librarymanagement.ResolveException: Error downloading com.typesafe.akka:akka-testkit-typed_3:2.6.18
2025.05.18 22:10:11 INFO  [error]   Not found
2025.05.18 22:10:11 INFO  [error]   Not found
2025.05.18 22:10:11 INFO  [error]   not found: /Users/navjotsinghchahal/.ivy2/localcom.typesafe.akka/akka-testkit-typed_3/2.6.18/ivys/ivy.xml
2025.05.18 22:10:11 INFO  [error]   not found: https://repo1.maven.org/maven2/com/typesafe/akka/akka-testkit-typed_3/2.6.18/akka-testkit-typed_3-2.6.18.pom
2025.05.18 22:10:11 INFO  [error] 	at lmcoursier.CoursierDependencyResolution.unresolvedWarningOrThrow(CoursierDependencyResolution.scala:347)
2025.05.18 22:10:11 INFO  [error] 	at lmcoursier.CoursierDependencyResolution.$anonfun$update$39(CoursierDependencyResolution.scala:316)
2025.05.18 22:10:11 INFO  [error] 	at scala.util.Either$LeftProjection.map(Either.scala:573)
2025.05.18 22:10:11 INFO  [error] 	at lmcoursier.CoursierDependencyResolution.update(CoursierDependencyResolution.scala:316)
2025.05.18 22:10:11 INFO  [error] 	at sbt.librarymanagement.DependencyResolution.update(DependencyResolution.scala:60)
2025.05.18 22:10:11 INFO  [error] 	at sbt.internal.LibraryManagement$.resolve$1(LibraryManagement.scala:60)
2025.05.18 22:10:11 INFO  [error] 	at sbt.internal.LibraryManagement$.$anonfun$cachedUpdate$12(LibraryManagement.scala:142)
2025.05.18 22:10:11 INFO  [error] 	at sbt.util.Tracked$.$anonfun$lastOutput$1(Tracked.scala:74)
2025.05.18 22:10:11 INFO  [error] 	at sbt.internal.LibraryManagement$.$anonfun$cachedUpdate$11(LibraryManagement.scala:144)
2025.05.18 22:10:11 INFO  [error] 	at sbt.internal.LibraryManagement$.$anonfun$cachedUpdate$11$adapted(LibraryManagement.scala:131)
2025.05.18 22:10:11 INFO  [error] 	at sbt.util.Tracked$.$anonfun$inputChangedW$1(Tracked.scala:220)
2025.05.18 22:10:11 INFO  [error] 	at sbt.internal.LibraryManagement$.cachedUpdate(LibraryManagement.scala:169)
2025.05.18 22:10:11 INFO  [error] 	at sbt.Classpaths$.$anonfun$updateTask0$1(Defaults.scala:3941)
2025.05.18 22:10:11 INFO  [error] 	at scala.Function1.$anonfun$compose$1(Function1.scala:49)
2025.05.18 22:10:11 INFO  [error] 	at sbt.internal.util.$tilde$greater.$anonfun$$u2219$1(TypeFunctions.scala:63)
2025.05.18 22:10:11 INFO  [error] 	at sbt.std.Transform$$anon$4.work(Transform.scala:69)
2025.05.18 22:10:11 INFO  [error] 	at sbt.Execute.$anonfun$submit$2(Execute.scala:283)
2025.05.18 22:10:11 INFO  [error] 	at sbt.internal.util.ErrorHandling$.wideConvert(ErrorHandling.scala:24)
2025.05.18 22:10:11 INFO  [error] 	at sbt.Execute.work(Execute.scala:292)
2025.05.18 22:10:11 INFO  [error] 	at sbt.Execute.$anonfun$submit$1(Execute.scala:283)
2025.05.18 22:10:11 INFO  [error] 	at sbt.ConcurrentRestrictions$$anon$4.$anonfun$submitValid$1(ConcurrentRestrictions.scala:265)
2025.05.18 22:10:11 INFO  [error] 	at sbt.CompletionService$$anon$2.call(CompletionService.scala:65)
2025.05.18 22:10:11 INFO  [error] 	at java.base/java.util.concurrent.FutureTask.run(FutureTask.java:264)
2025.05.18 22:10:11 INFO  [error] 	at java.base/java.util.concurrent.Executors$RunnableAdapter.call(Executors.java:539)
2025.05.18 22:10:11 INFO  [error] 	at java.base/java.util.concurrent.FutureTask.run(FutureTask.java:264)
2025.05.18 22:10:11 INFO  [error] 	at java.base/java.util.concurrent.ThreadPoolExecutor.runWorker(ThreadPoolExecutor.java:1136)
2025.05.18 22:10:11 INFO  [error] 	at java.base/java.util.concurrent.ThreadPoolExecutor$Worker.run(ThreadPoolExecutor.java:635)
2025.05.18 22:10:11 INFO  [error] 	at java.base/java.lang.Thread.run(Thread.java:840)
2025.05.18 22:10:11 INFO  [error] (update) sbt.librarymanagement.ResolveException: Error downloading com.typesafe.akka:akka-testkit-typed_3:2.6.18
2025.05.18 22:10:11 INFO  [error]   Not found
2025.05.18 22:10:11 INFO  [error]   Not found
2025.05.18 22:10:11 INFO  [error]   not found: /Users/navjotsinghchahal/.ivy2/localcom.typesafe.akka/akka-testkit-typed_3/2.6.18/ivys/ivy.xml
2025.05.18 22:10:11 INFO  [error]   not found: https://repo1.maven.org/maven2/com/typesafe/akka/akka-testkit-typed_3/2.6.18/akka-testkit-typed_3-2.6.18.pom
2025.05.18 22:10:11 INFO  [error] Total time: 0 s, completed May 18, 2025, 10:10:12 PM
2025.05.18 22:10:12 INFO  time: ran 'sbt bloopInstall' in 3.03s
2025.05.18 22:10:12 ERROR sbt command failed: /Users/navjotsinghchahal/Library/Application Support/Coursier/bin/sbt -Dbloop.export-jar-classifiers=sources bloopInstall
2025.05.18 22:10:31 WARN  no build target for: /Users/navjotsinghchahal/Desktop/work/coding_practice/distributed_autonomous_agents/akka-agent-system/build.sbt
2025.05.18 22:10:31 INFO  no build target found for /Users/navjotsinghchahal/Desktop/work/coding_practice/distributed_autonomous_agents/akka-agent-system/build.sbt. Using presentation compiler with project's scala-library version: 3.3.6
2025.05.18 22:10:31 WARN  Could not find semantic tokens for: file:///Users/navjotsinghchahal/Desktop/work/coding_practice/distributed_autonomous_agents/akka-agent-system/build.sbt
2025.05.18 22:10:31 INFO  no build target found for /Users/navjotsinghchahal/Desktop/work/coding_practice/distributed_autonomous_agents/akka-agent-system/build.sbt. Using presentation compiler with project's scala-library version: 3.3.6
2025.05.18 22:10:31 INFO  no build target found for /Users/navjotsinghchahal/Desktop/work/coding_practice/distributed_autonomous_agents/akka-agent-system/build.sbt. Using presentation compiler with project's scala-library version: 3.3.6
2025.05.18 22:10:32 INFO  no build target found for /Users/navjotsinghchahal/Desktop/work/coding_practice/distributed_autonomous_agents/akka-agent-system/build.sbt. Using presentation compiler with project's scala-library version: 3.3.6
2025.05.18 22:10:32 INFO  no build target found for /Users/navjotsinghchahal/Desktop/work/coding_practice/distributed_autonomous_agents/akka-agent-system/build.sbt. Using presentation compiler with project's scala-library version: 3.3.6
2025.05.18 22:10:33 INFO  no build target found for /Users/navjotsinghchahal/Desktop/work/coding_practice/distributed_autonomous_agents/akka-agent-system/build.sbt. Using presentation compiler with project's scala-library version: 3.3.6
2025.05.18 22:10:33 WARN  Could not find semantic tokens for: file:///Users/navjotsinghchahal/Desktop/work/coding_practice/distributed_autonomous_agents/akka-agent-system/build.sbt
2025.05.18 22:10:32 INFO  no build target found for /Users/navjotsinghchahal/Desktop/work/coding_practice/distributed_autonomous_agents/akka-agent-system/build.sbt. Using presentation compiler with project's scala-library version: 3.3.6
2025.05.18 22:10:32 INFO  no build target found for /Users/navjotsinghchahal/Desktop/work/coding_practice/distributed_autonomous_agents/akka-agent-system/build.sbt. Using presentation compiler with project's scala-library version: 3.3.6
2025.05.18 22:10:33 INFO  no build target found for /Users/navjotsinghchahal/Desktop/work/coding_practice/distributed_autonomous_agents/akka-agent-system/build.sbt. Using presentation compiler with project's scala-library version: 3.3.6
2025.05.18 22:10:33 INFO  no build target found for /Users/navjotsinghchahal/Desktop/work/coding_practice/distributed_autonomous_agents/akka-agent-system/build.sbt. Using presentation compiler with project's scala-library version: 3.3.6
2025.05.18 22:10:33 WARN  Could not find semantic tokens for: file:///Users/navjotsinghchahal/Desktop/work/coding_practice/distributed_autonomous_agents/akka-agent-system/build.sbt
2025.05.18 22:10:34 INFO  no build target found for /Users/navjotsinghchahal/Desktop/work/coding_practice/distributed_autonomous_agents/akka-agent-system/build.sbt. Using presentation compiler with project's scala-library version: 3.3.6
2025.05.18 22:10:34 INFO  no build target found for /Users/navjotsinghchahal/Desktop/work/coding_practice/distributed_autonomous_agents/akka-agent-system/build.sbt. Using presentation compiler with project's scala-library version: 3.3.6
2025.05.18 22:10:33 INFO  no build target found for /Users/navjotsinghchahal/Desktop/work/coding_practice/distributed_autonomous_agents/akka-agent-system/build.sbt. Using presentation compiler with project's scala-library version: 3.3.6
2025.05.18 22:10:34 INFO  no build target found for /Users/navjotsinghchahal/Desktop/work/coding_practice/distributed_autonomous_agents/akka-agent-system/build.sbt. Using presentation compiler with project's scala-library version: 3.3.6
2025.05.18 22:10:34 WARN  Could not find semantic tokens for: file:///Users/navjotsinghchahal/Desktop/work/coding_practice/distributed_autonomous_agents/akka-agent-system/build.sbt
2025.05.18 22:10:34 INFO  no build target found for /Users/navjotsinghchahal/Desktop/work/coding_practice/distributed_autonomous_agents/akka-agent-system/build.sbt. Using presentation compiler with project's scala-library version: 3.3.6
2025.05.18 22:10:34 INFO  no build target found for /Users/navjotsinghchahal/Desktop/work/coding_practice/distributed_autonomous_agents/akka-agent-system/build.sbt. Using presentation compiler with project's scala-library version: 3.3.6
2025.05.18 22:10:34 INFO  no build target found for /Users/navjotsinghchahal/Desktop/work/coding_practice/distributed_autonomous_agents/akka-agent-system/build.sbt. Using presentation compiler with project's scala-library version: 3.3.6
2025.05.18 22:10:33 INFO  no build target found for /Users/navjotsinghchahal/Desktop/work/coding_practice/distributed_autonomous_agents/akka-agent-system/build.sbt. Using presentation compiler with project's scala-library version: 3.3.6
2025.05.18 22:10:33 WARN  Could not find semantic tokens for: file:///Users/navjotsinghchahal/Desktop/work/coding_practice/distributed_autonomous_agents/akka-agent-system/build.sbt
2025.05.18 22:10:34 INFO  no build target found for /Users/navjotsinghchahal/Desktop/work/coding_practice/distributed_autonomous_agents/akka-agent-system/build.sbt. Using presentation compiler with project's scala-library version: 3.3.6
2025.05.18 22:10:34 INFO  no build target found for /Users/navjotsinghchahal/Desktop/work/coding_practice/distributed_autonomous_agents/akka-agent-system/build.sbt. Using presentation compiler with project's scala-library version: 3.3.6
2025.05.18 22:10:33 INFO  no build target found for /Users/navjotsinghchahal/Desktop/work/coding_practice/distributed_autonomous_agents/akka-agent-system/build.sbt. Using presentation compiler with project's scala-library version: 3.3.6
2025.05.18 22:10:34 INFO  no build target found for /Users/navjotsinghchahal/Desktop/work/coding_practice/distributed_autonomous_agents/akka-agent-system/build.sbt. Using presentation compiler with project's scala-library version: 3.3.6
2025.05.18 22:10:34 WARN  Could not find semantic tokens for: file:///Users/navjotsinghchahal/Desktop/work/coding_practice/distributed_autonomous_agents/akka-agent-system/build.sbt
2025.05.18 22:10:35 INFO  no build target found for /Users/navjotsinghchahal/Desktop/work/coding_practice/distributed_autonomous_agents/akka-agent-system/build.sbt. Using presentation compiler with project's scala-library version: 3.3.6
2025.05.18 22:10:35 INFO  no build target found for /Users/navjotsinghchahal/Desktop/work/coding_practice/distributed_autonomous_agents/akka-agent-system/build.sbt. Using presentation compiler with project's scala-library version: 3.3.6
2025.05.18 22:10:34 INFO  no build target found for /Users/navjotsinghchahal/Desktop/work/coding_practice/distributed_autonomous_agents/akka-agent-system/build.sbt. Using presentation compiler with project's scala-library version: 3.3.6
2025.05.18 22:10:35 INFO  no build target found for /Users/navjotsinghchahal/Desktop/work/coding_practice/distributed_autonomous_agents/akka-agent-system/build.sbt. Using presentation compiler with project's scala-library version: 3.3.6
2025.05.18 22:10:35 WARN  Could not find semantic tokens for: file:///Users/navjotsinghchahal/Desktop/work/coding_practice/distributed_autonomous_agents/akka-agent-system/build.sbt
2025.05.18 22:10:36 WARN  no build target for: /Users/navjotsinghchahal/Desktop/work/coding_practice/distributed_autonomous_agents/akka-agent-system/build.sbt
2025.05.18 22:10:36 INFO  no build target found for /Users/navjotsinghchahal/Desktop/work/coding_practice/distributed_autonomous_agents/akka-agent-system/build.sbt. Using presentation compiler with project's scala-library version: 3.3.6
2025.05.18 22:10:36 WARN  Could not find semantic tokens for: file:///Users/navjotsinghchahal/Desktop/work/coding_practice/distributed_autonomous_agents/akka-agent-system/build.sbt
2025.05.18 22:10:40 INFO  running '/Users/navjotsinghchahal/Library/Application Support/Coursier/bin/sbt -Dbloop.export-jar-classifiers=sources bloopInstall'
2025.05.18 22:10:40 INFO  no build target found for /Users/navjotsinghchahal/Desktop/work/coding_practice/distributed_autonomous_agents/akka-agent-system/build.sbt. Using presentation compiler with project's scala-library version: 3.3.6
2025.05.18 22:10:40 INFO  [info] welcome to sbt 1.10.11 (Eclipse Adoptium Java 17.0.15)
2025.05.18 22:10:40 INFO  [info] loading settings for project akka-agent-system-build-build from metals.sbt...
2025.05.18 22:10:40 INFO  [info] loading project definition from /Users/navjotsinghchahal/Desktop/work/coding_practice/distributed_autonomous_agents/akka-agent-system/project/project
2025.05.18 22:10:40 INFO  [info] loading settings for project akka-agent-system-build from metals.sbt...
2025.05.18 22:10:41 INFO  [info] loading project definition from /Users/navjotsinghchahal/Desktop/work/coding_practice/distributed_autonomous_agents/akka-agent-system/project
2025.05.18 22:10:41 INFO  [success] Generated .bloop/akka-agent-system-build.json
2025.05.18 22:10:41 INFO  [success] Total time: 1 s, completed May 18, 2025, 10:10:42 PM
2025.05.18 22:10:43 INFO  [info] loading settings for project akka-agent-system from build.sbt...
2025.05.18 22:10:43 INFO  [info] set current project to akka-agent-system (in build file:/Users/navjotsinghchahal/Desktop/work/coding_practice/distributed_autonomous_agents/akka-agent-system/)
2025.05.18 22:10:43 INFO  [warn] 
2025.05.18 22:10:43 INFO  [warn] 	Note: Unresolved dependencies path:
2025.05.18 22:10:43 INFO  [error] Couldn't run bloopGenerate. The issue could be caused by failing to compile the project.
2025.05.18 22:10:43 INFO  [error] sbt.librarymanagement.ResolveException: Error downloading com.typesafe.akka:akka-testkit-typed_3:2.6.18
2025.05.18 22:10:43 INFO  [error]   Not found
2025.05.18 22:10:43 INFO  [error]   Not found
2025.05.18 22:10:43 INFO  [error]   not found: /Users/navjotsinghchahal/.ivy2/localcom.typesafe.akka/akka-testkit-typed_3/2.6.18/ivys/ivy.xml
2025.05.18 22:10:43 INFO  [error]   not found: https://repo1.maven.org/maven2/com/typesafe/akka/akka-testkit-typed_3/2.6.18/akka-testkit-typed_3-2.6.18.pom
2025.05.18 22:10:43 INFO  [error] 	at lmcoursier.CoursierDependencyResolution.unresolvedWarningOrThrow(CoursierDependencyResolution.scala:347)
2025.05.18 22:10:43 INFO  [error] 	at lmcoursier.CoursierDependencyResolution.$anonfun$update$39(CoursierDependencyResolution.scala:316)
2025.05.18 22:10:43 INFO  [error] 	at scala.util.Either$LeftProjection.map(Either.scala:573)
2025.05.18 22:10:43 INFO  [error] 	at lmcoursier.CoursierDependencyResolution.update(CoursierDependencyResolution.scala:316)
2025.05.18 22:10:43 INFO  [error] 	at sbt.librarymanagement.DependencyResolution.update(DependencyResolution.scala:60)
2025.05.18 22:10:43 INFO  [error] 	at sbt.internal.LibraryManagement$.resolve$1(LibraryManagement.scala:60)
2025.05.18 22:10:43 INFO  [error] 	at sbt.internal.LibraryManagement$.$anonfun$cachedUpdate$12(LibraryManagement.scala:142)
2025.05.18 22:10:43 INFO  [error] 	at sbt.util.Tracked$.$anonfun$lastOutput$1(Tracked.scala:74)
2025.05.18 22:10:43 INFO  [error] 	at sbt.internal.LibraryManagement$.$anonfun$cachedUpdate$11(LibraryManagement.scala:144)
2025.05.18 22:10:43 INFO  [error] 	at sbt.internal.LibraryManagement$.$anonfun$cachedUpdate$11$adapted(LibraryManagement.scala:131)
2025.05.18 22:10:43 INFO  [error] 	at sbt.util.Tracked$.$anonfun$inputChangedW$1(Tracked.scala:220)
2025.05.18 22:10:43 INFO  [error] 	at sbt.internal.LibraryManagement$.cachedUpdate(LibraryManagement.scala:169)
2025.05.18 22:10:43 INFO  [error] 	at sbt.Classpaths$.$anonfun$updateTask0$1(Defaults.scala:3941)
2025.05.18 22:10:43 INFO  [error] 	at scala.Function1.$anonfun$compose$1(Function1.scala:49)
2025.05.18 22:10:43 INFO  [error] 	at sbt.internal.util.$tilde$greater.$anonfun$$u2219$1(TypeFunctions.scala:63)
2025.05.18 22:10:43 INFO  [error] 	at sbt.std.Transform$$anon$4.work(Transform.scala:69)
2025.05.18 22:10:43 INFO  [error] 	at sbt.Execute.$anonfun$submit$2(Execute.scala:283)
2025.05.18 22:10:43 INFO  [error] 	at sbt.internal.util.ErrorHandling$.wideConvert(ErrorHandling.scala:24)
2025.05.18 22:10:43 INFO  [error] 	at sbt.Execute.work(Execute.scala:292)
2025.05.18 22:10:43 INFO  [error] 	at sbt.Execute.$anonfun$submit$1(Execute.scala:283)
2025.05.18 22:10:43 INFO  [error] 	at sbt.ConcurrentRestrictions$$anon$4.$anonfun$submitValid$1(ConcurrentRestrictions.scala:265)
2025.05.18 22:10:43 INFO  [error] 	at sbt.CompletionService$$anon$2.call(CompletionService.scala:65)
2025.05.18 22:10:43 INFO  [error] 	at java.base/java.util.concurrent.FutureTask.run(FutureTask.java:264)
2025.05.18 22:10:43 INFO  [error] 	at java.base/java.util.concurrent.Executors$RunnableAdapter.call(Executors.java:539)
2025.05.18 22:10:43 INFO  [error] 	at java.base/java.util.concurrent.FutureTask.run(FutureTask.java:264)
2025.05.18 22:10:43 INFO  [error] 	at java.base/java.util.concurrent.ThreadPoolExecutor.runWorker(ThreadPoolExecutor.java:1136)
2025.05.18 22:10:43 INFO  [error] 	at java.base/java.util.concurrent.ThreadPoolExecutor$Worker.run(ThreadPoolExecutor.java:635)
2025.05.18 22:10:43 INFO  [error] 	at java.base/java.lang.Thread.run(Thread.java:840)
2025.05.18 22:10:43 INFO  [error] (update) sbt.librarymanagement.ResolveException: Error downloading com.typesafe.akka:akka-testkit-typed_3:2.6.18
2025.05.18 22:10:43 INFO  [error]   Not found
2025.05.18 22:10:43 INFO  [error]   Not found
2025.05.18 22:10:43 INFO  [error]   not found: /Users/navjotsinghchahal/.ivy2/localcom.typesafe.akka/akka-testkit-typed_3/2.6.18/ivys/ivy.xml
2025.05.18 22:10:43 INFO  [error]   not found: https://repo1.maven.org/maven2/com/typesafe/akka/akka-testkit-typed_3/2.6.18/akka-testkit-typed_3-2.6.18.pom
2025.05.18 22:10:43 INFO  [error] Total time: 0 s, completed May 18, 2025, 10:10:43 PM
2025.05.18 22:10:43 INFO  time: ran 'sbt bloopInstall' in 3.34s
2025.05.18 22:10:43 ERROR sbt command failed: /Users/navjotsinghchahal/Library/Application Support/Coursier/bin/sbt -Dbloop.export-jar-classifiers=sources bloopInstall
2025.05.18 22:11:37 WARN  no build target for: /Users/navjotsinghchahal/Desktop/work/coding_practice/distributed_autonomous_agents/akka-agent-system/build.sbt
2025.05.18 22:11:37 INFO  no build target found for /Users/navjotsinghchahal/Desktop/work/coding_practice/distributed_autonomous_agents/akka-agent-system/build.sbt. Using presentation compiler with project's scala-library version: 3.3.6
2025.05.18 22:11:37 WARN  Could not find semantic tokens for: file:///Users/navjotsinghchahal/Desktop/work/coding_practice/distributed_autonomous_agents/akka-agent-system/build.sbt
2025.05.18 22:15:22 INFO  no build target found for /Users/navjotsinghchahal/Desktop/work/coding_practice/distributed_autonomous_agents/akka-agent-system/build.sbt. Using presentation compiler with project's scala-library version: 3.3.6
2025.05.18 22:15:22 INFO  no build target found for /Users/navjotsinghchahal/Desktop/work/coding_practice/distributed_autonomous_agents/akka-agent-system/build.sbt. Using presentation compiler with project's scala-library version: 3.3.6
2025.05.18 22:15:23 INFO  no build target found for /Users/navjotsinghchahal/Desktop/work/coding_practice/distributed_autonomous_agents/akka-agent-system/build.sbt. Using presentation compiler with project's scala-library version: 3.3.6
2025.05.18 22:15:23 INFO  no build target found for /Users/navjotsinghchahal/Desktop/work/coding_practice/distributed_autonomous_agents/akka-agent-system/build.sbt. Using presentation compiler with project's scala-library version: 3.3.6
2025.05.18 22:15:23 INFO  no build target found for /Users/navjotsinghchahal/Desktop/work/coding_practice/distributed_autonomous_agents/akka-agent-system/build.sbt. Using presentation compiler with project's scala-library version: 3.3.6
2025.05.18 22:16:07 INFO  no build target found for /Users/navjotsinghchahal/Desktop/work/coding_practice/distributed_autonomous_agents/akka-agent-system/build.sbt. Using presentation compiler with project's scala-library version: 3.3.6
2025.05.18 22:16:07 INFO  no build target found for /Users/navjotsinghchahal/Desktop/work/coding_practice/distributed_autonomous_agents/akka-agent-system/build.sbt. Using presentation compiler with project's scala-library version: 3.3.6
2025.05.18 22:16:07 INFO  no build target found for /Users/navjotsinghchahal/Desktop/work/coding_practice/distributed_autonomous_agents/akka-agent-system/build.sbt. Using presentation compiler with project's scala-library version: 3.3.6
2025.05.18 22:16:09 INFO  no build target found for /Users/navjotsinghchahal/Desktop/work/coding_practice/distributed_autonomous_agents/akka-agent-system/build.sbt. Using presentation compiler with project's scala-library version: 3.3.6
2025.05.18 22:16:09 INFO  no build target found for /Users/navjotsinghchahal/Desktop/work/coding_practice/distributed_autonomous_agents/akka-agent-system/build.sbt. Using presentation compiler with project's scala-library version: 3.3.6
2025.05.18 22:16:09 INFO  no build target found for /Users/navjotsinghchahal/Desktop/work/coding_practice/distributed_autonomous_agents/akka-agent-system/build.sbt. Using presentation compiler with project's scala-library version: 3.3.6
2025.05.18 22:16:10 INFO  no build target found for /Users/navjotsinghchahal/Desktop/work/coding_practice/distributed_autonomous_agents/akka-agent-system/build.sbt. Using presentation compiler with project's scala-library version: 3.3.6
2025.05.18 22:16:10 WARN  Could not find semantic tokens for: file:///Users/navjotsinghchahal/Desktop/work/coding_practice/distributed_autonomous_agents/akka-agent-system/build.sbt
2025.05.18 22:16:10 INFO  no build target found for /Users/navjotsinghchahal/Desktop/work/coding_practice/distributed_autonomous_agents/akka-agent-system/build.sbt. Using presentation compiler with project's scala-library version: 3.3.6
2025.05.18 22:16:10 INFO  no build target found for /Users/navjotsinghchahal/Desktop/work/coding_practice/distributed_autonomous_agents/akka-agent-system/build.sbt. Using presentation compiler with project's scala-library version: 3.3.6
2025.05.18 22:16:10 INFO  no build target found for /Users/navjotsinghchahal/Desktop/work/coding_practice/distributed_autonomous_agents/akka-agent-system/build.sbt. Using presentation compiler with project's scala-library version: 3.3.6
2025.05.18 22:16:11 INFO  no build target found for /Users/navjotsinghchahal/Desktop/work/coding_practice/distributed_autonomous_agents/akka-agent-system/build.sbt. Using presentation compiler with project's scala-library version: 3.3.6
2025.05.18 22:16:11 INFO  no build target found for /Users/navjotsinghchahal/Desktop/work/coding_practice/distributed_autonomous_agents/akka-agent-system/build.sbt. Using presentation compiler with project's scala-library version: 3.3.6
2025.05.18 22:16:11 WARN  Could not find semantic tokens for: file:///Users/navjotsinghchahal/Desktop/work/coding_practice/distributed_autonomous_agents/akka-agent-system/build.sbt
2025.05.18 22:16:18 INFO  no build target found for /Users/navjotsinghchahal/Desktop/work/coding_practice/distributed_autonomous_agents/akka-agent-system/build.sbt. Using presentation compiler with project's scala-library version: 3.3.6
2025.05.18 22:16:18 INFO  no build target found for /Users/navjotsinghchahal/Desktop/work/coding_practice/distributed_autonomous_agents/akka-agent-system/build.sbt. Using presentation compiler with project's scala-library version: 3.3.6
2025.05.18 22:16:18 INFO  no build target found for /Users/navjotsinghchahal/Desktop/work/coding_practice/distributed_autonomous_agents/akka-agent-system/build.sbt. Using presentation compiler with project's scala-library version: 3.3.6
2025.05.18 22:16:18 WARN  Could not find semantic tokens for: file:///Users/navjotsinghchahal/Desktop/work/coding_practice/distributed_autonomous_agents/akka-agent-system/build.sbt
2025.05.18 22:16:19 INFO  no build target found for /Users/navjotsinghchahal/Desktop/work/coding_practice/distributed_autonomous_agents/akka-agent-system/build.sbt. Using presentation compiler with project's scala-library version: 3.3.6
2025.05.18 22:16:19 INFO  no build target found for /Users/navjotsinghchahal/Desktop/work/coding_practice/distributed_autonomous_agents/akka-agent-system/build.sbt. Using presentation compiler with project's scala-library version: 3.3.6
2025.05.18 22:16:20 INFO  no build target found for /Users/navjotsinghchahal/Desktop/work/coding_practice/distributed_autonomous_agents/akka-agent-system/build.sbt. Using presentation compiler with project's scala-library version: 3.3.6
2025.05.18 22:16:20 INFO  no build target found for /Users/navjotsinghchahal/Desktop/work/coding_practice/distributed_autonomous_agents/akka-agent-system/build.sbt. Using presentation compiler with project's scala-library version: 3.3.6
2025.05.18 22:16:28 INFO  no build target found for /Users/navjotsinghchahal/Desktop/work/coding_practice/distributed_autonomous_agents/akka-agent-system/build.sbt. Using presentation compiler with project's scala-library version: 3.3.6
2025.05.18 22:16:28 INFO  no build target found for /Users/navjotsinghchahal/Desktop/work/coding_practice/distributed_autonomous_agents/akka-agent-system/build.sbt. Using presentation compiler with project's scala-library version: 3.3.6
2025.05.18 22:16:54 INFO  no build target found for /Users/navjotsinghchahal/Desktop/work/coding_practice/distributed_autonomous_agents/akka-agent-system/build.sbt. Using presentation compiler with project's scala-library version: 3.3.6
2025.05.18 22:16:56 INFO  no build target found for /Users/navjotsinghchahal/Desktop/work/coding_practice/distributed_autonomous_agents/akka-agent-system/build.sbt. Using presentation compiler with project's scala-library version: 3.3.6
2025.05.18 22:16:56 INFO  no build target found for /Users/navjotsinghchahal/Desktop/work/coding_practice/distributed_autonomous_agents/akka-agent-system/build.sbt. Using presentation compiler with project's scala-library version: 3.3.6
2025.05.18 22:16:58 INFO  no build target found for /Users/navjotsinghchahal/Desktop/work/coding_practice/distributed_autonomous_agents/akka-agent-system/build.sbt. Using presentation compiler with project's scala-library version: 3.3.6
2025.05.18 22:17:00 INFO  no build target found for /Users/navjotsinghchahal/Desktop/work/coding_practice/distributed_autonomous_agents/akka-agent-system/build.sbt. Using presentation compiler with project's scala-library version: 3.3.6
2025.05.18 22:17:03 INFO  no build target found for /Users/navjotsinghchahal/Desktop/work/coding_practice/distributed_autonomous_agents/akka-agent-system/build.sbt. Using presentation compiler with project's scala-library version: 3.3.6
2025.05.18 22:17:03 INFO  no build target found for /Users/navjotsinghchahal/Desktop/work/coding_practice/distributed_autonomous_agents/akka-agent-system/build.sbt. Using presentation compiler with project's scala-library version: 3.3.6
2025.05.18 22:17:03 INFO  no build target found for /Users/navjotsinghchahal/Desktop/work/coding_practice/distributed_autonomous_agents/akka-agent-system/build.sbt. Using presentation compiler with project's scala-library version: 3.3.6
2025.05.18 22:17:03 INFO  no build target found for /Users/navjotsinghchahal/Desktop/work/coding_practice/distributed_autonomous_agents/akka-agent-system/build.sbt. Using presentation compiler with project's scala-library version: 3.3.6
2025.05.18 22:17:06 INFO  no build target found for /Users/navjotsinghchahal/Desktop/work/coding_practice/distributed_autonomous_agents/akka-agent-system/build.sbt. Using presentation compiler with project's scala-library version: 3.3.6
2025.05.18 22:17:06 INFO  no build target found for /Users/navjotsinghchahal/Desktop/work/coding_practice/distributed_autonomous_agents/akka-agent-system/build.sbt. Using presentation compiler with project's scala-library version: 3.3.6
2025.05.18 22:17:06 INFO  no build target found for /Users/navjotsinghchahal/Desktop/work/coding_practice/distributed_autonomous_agents/akka-agent-system/build.sbt. Using presentation compiler with project's scala-library version: 3.3.6
2025.05.18 22:17:06 INFO  no build target found for /Users/navjotsinghchahal/Desktop/work/coding_practice/distributed_autonomous_agents/akka-agent-system/build.sbt. Using presentation compiler with project's scala-library version: 3.3.6
2025.05.18 22:17:08 INFO  no build target found for /Users/navjotsinghchahal/Desktop/work/coding_practice/distributed_autonomous_agents/akka-agent-system/build.sbt. Using presentation compiler with project's scala-library version: 3.3.6
2025.05.18 22:17:08 INFO  no build target found for /Users/navjotsinghchahal/Desktop/work/coding_practice/distributed_autonomous_agents/akka-agent-system/build.sbt. Using presentation compiler with project's scala-library version: 3.3.6
2025.05.18 22:17:09 WARN  no build target for: /Users/navjotsinghchahal/Desktop/work/coding_practice/distributed_autonomous_agents/akka-agent-system/build.sbt
2025.05.18 22:17:09 INFO  no build target found for /Users/navjotsinghchahal/Desktop/work/coding_practice/distributed_autonomous_agents/akka-agent-system/build.sbt. Using presentation compiler with project's scala-library version: 3.3.6
2025.05.18 22:17:14 INFO  no build target found for /Users/navjotsinghchahal/Desktop/work/coding_practice/distributed_autonomous_agents/akka-agent-system/build.sbt. Using presentation compiler with project's scala-library version: 3.3.6
2025.05.18 22:17:14 INFO  no build target found for /Users/navjotsinghchahal/Desktop/work/coding_practice/distributed_autonomous_agents/akka-agent-system/build.sbt. Using presentation compiler with project's scala-library version: 3.3.6
2025.05.18 22:17:14 INFO  no build target found for /Users/navjotsinghchahal/Desktop/work/coding_practice/distributed_autonomous_agents/akka-agent-system/build.sbt. Using presentation compiler with project's scala-library version: 3.3.6
2025.05.18 22:17:14 INFO  no build target found for /Users/navjotsinghchahal/Desktop/work/coding_practice/distributed_autonomous_agents/akka-agent-system/build.sbt. Using presentation compiler with project's scala-library version: 3.3.6
2025.05.18 22:17:16 INFO  no build target found for /Users/navjotsinghchahal/Desktop/work/coding_practice/distributed_autonomous_agents/akka-agent-system/build.sbt. Using presentation compiler with project's scala-library version: 3.3.6
2025.05.18 22:17:16 INFO  no build target found for /Users/navjotsinghchahal/Desktop/work/coding_practice/distributed_autonomous_agents/akka-agent-system/build.sbt. Using presentation compiler with project's scala-library version: 3.3.6
May 18, 2025 10:17:16 PM scala.meta.internal.metals.StdReporter $anonfun$create$1
WARNING: empty definition using pc, found symbol in pc:  (full report at: /Users/navjotsinghchahal/Desktop/work/coding_practice/distributed_autonomous_agents/.metals/.reports/metals-full/2025-05-18/r_empty-definition_22-17-16-469.md)
2025.05.18 22:17:16 INFO  no build target found for /Users/navjotsinghchahal/Desktop/work/coding_practice/distributed_autonomous_agents/akka-agent-system/build.sbt. Using presentation compiler with project's scala-library version: 3.3.6
2025.05.18 22:17:16 INFO  no build target found for /Users/navjotsinghchahal/Desktop/work/coding_practice/distributed_autonomous_agents/akka-agent-system/build.sbt. Using presentation compiler with project's scala-library version: 3.3.6
May 18, 2025 10:17:16 PM scala.meta.internal.metals.StdReporter $anonfun$create$1
WARNING: empty definition using pc, found symbol in pc:  (full report at: /Users/navjotsinghchahal/Desktop/work/coding_practice/distributed_autonomous_agents/.metals/.reports/metals-full/2025-05-18/r_empty-definition_22-17-16-469.md)
2025.05.18 22:17:16 INFO  no build target found for /Users/navjotsinghchahal/Desktop/work/coding_practice/distributed_autonomous_agents/akka-agent-system/build.sbt. Using presentation compiler with project's scala-library version: 3.3.6
2025.05.18 22:17:17 INFO  no build target found for /Users/navjotsinghchahal/Desktop/work/coding_practice/distributed_autonomous_agents/akka-agent-system/build.sbt. Using presentation compiler with project's scala-library version: 3.3.6
2025.05.18 22:17:17 INFO  no build target found for /Users/navjotsinghchahal/Desktop/work/coding_practice/distributed_autonomous_agents/akka-agent-system/build.sbt. Using presentation compiler with project's scala-library version: 3.3.6
2025.05.18 22:17:21 INFO  no build target found for /Users/navjotsinghchahal/Desktop/work/coding_practice/distributed_autonomous_agents/akka-agent-system/build.sbt. Using presentation compiler with project's scala-library version: 3.3.6
2025.05.18 22:17:21 INFO  no build target found for /Users/navjotsinghchahal/Desktop/work/coding_practice/distributed_autonomous_agents/akka-agent-system/build.sbt. Using presentation compiler with project's scala-library version: 3.3.6
2025.05.18 22:17:22 INFO  no build target found for /Users/navjotsinghchahal/Desktop/work/coding_practice/distributed_autonomous_agents/akka-agent-system/build.sbt. Using presentation compiler with project's scala-library version: 3.3.6
2025.05.18 22:17:24 INFO  running '/Users/navjotsinghchahal/Library/Application Support/Coursier/bin/sbt -Dbloop.export-jar-classifiers=sources bloopInstall'
2025.05.18 22:17:25 INFO  [info] welcome to sbt 1.10.11 (Eclipse Adoptium Java 17.0.15)
2025.05.18 22:17:25 INFO  [info] loading settings for project akka-agent-system-build-build from metals.sbt...
2025.05.18 22:17:25 INFO  [info] loading project definition from /Users/navjotsinghchahal/Desktop/work/coding_practice/distributed_autonomous_agents/akka-agent-system/project/project
2025.05.18 22:17:26 INFO  no build target found for /Users/navjotsinghchahal/Desktop/work/coding_practice/distributed_autonomous_agents/akka-agent-system/build.sbt. Using presentation compiler with project's scala-library version: 3.3.6
2025.05.18 22:17:25 INFO  [info] loading settings for project akka-agent-system-build from metals.sbt...
2025.05.18 22:17:25 INFO  [info] loading project definition from /Users/navjotsinghchahal/Desktop/work/coding_practice/distributed_autonomous_agents/akka-agent-system/project
2025.05.18 22:17:27 INFO  [success] Generated .bloop/akka-agent-system-build.json
2025.05.18 22:17:27 INFO  [success] Total time: 1 s, completed May 18, 2025, 10:17:27 PM
2025.05.18 22:17:28 ERROR /Users/navjotsinghchahal/Desktop/work/coding_practice/distributed_autonomous_agents/akka-agent-system/build.sbt:15: warning: method in in trait ScopingSetting is deprecated (since 1.5.0): `in` is deprecated; migrate to slash syntax - https://www.scala-sbt.org/1.x/docs/Migrating-from-sbt-013x.html#slash
2025.05.18 22:17:28 ERROR fork in run := true
2025.05.18 22:17:28 ERROR      ^
2025.05.18 22:17:28 ERROR /Users/navjotsinghchahal/Desktop/work/coding_practice/distributed_autonomous_agents/akka-agent-system/build.sbt:17: warning: method in in trait ScopingSetting is deprecated (since 1.5.0): `in` is deprecated; migrate to slash syntax - https://www.scala-sbt.org/1.x/docs/Migrating-from-sbt-013x.html#slash
2025.05.18 22:17:28 ERROR mainClass in Compile := Some("com.example.Main")
2025.05.18 22:17:28 ERROR           ^
2025.05.18 22:17:28 INFO  [info] loading settings for project akka-agent-system from build.sbt...
2025.05.18 22:17:28 INFO  [info] set current project to akka-agent-system (in build file:/Users/navjotsinghchahal/Desktop/work/coding_practice/distributed_autonomous_agents/akka-agent-system/)
2025.05.18 22:17:30 INFO  [warn] 
2025.05.18 22:17:30 INFO  [warn] 	Note: Unresolved dependencies path:
2025.05.18 22:17:30 INFO  [error] Couldn't run bloopGenerate. The issue could be caused by failing to compile the project.
2025.05.18 22:17:30 INFO  [error] sbt.librarymanagement.ResolveException: Error downloading com.typesafe.akka:akka-testkit-typed_3:2.10.5
2025.05.18 22:17:30 INFO  [error]   Not found
2025.05.18 22:17:30 INFO  [error]   Not found
2025.05.18 22:17:30 INFO  [error]   not found: /Users/navjotsinghchahal/.ivy2/localcom.typesafe.akka/akka-testkit-typed_3/2.10.5/ivys/ivy.xml
2025.05.18 22:17:30 INFO  [error]   not found: https://repo1.maven.org/maven2/com/typesafe/akka/akka-testkit-typed_3/2.10.5/akka-testkit-typed_3-2.10.5.pom
2025.05.18 22:17:30 INFO  [error]   not found: https://repo.akka.io/maven/com/typesafe/akka/akka-testkit-typed_3/2.10.5/akka-testkit-typed_3-2.10.5.pom
2025.05.18 22:17:30 INFO  [error] 	at lmcoursier.CoursierDependencyResolution.unresolvedWarningOrThrow(CoursierDependencyResolution.scala:347)
2025.05.18 22:17:30 INFO  [error] 	at lmcoursier.CoursierDependencyResolution.$anonfun$update$39(CoursierDependencyResolution.scala:316)
2025.05.18 22:17:30 INFO  [error] 	at scala.util.Either$LeftProjection.map(Either.scala:573)
2025.05.18 22:17:30 INFO  [error] 	at lmcoursier.CoursierDependencyResolution.update(CoursierDependencyResolution.scala:316)
2025.05.18 22:17:30 INFO  [error] 	at sbt.librarymanagement.DependencyResolution.update(DependencyResolution.scala:60)
2025.05.18 22:17:30 INFO  [error] 	at sbt.internal.LibraryManagement$.resolve$1(LibraryManagement.scala:60)
2025.05.18 22:17:30 INFO  [error] 	at sbt.internal.LibraryManagement$.$anonfun$cachedUpdate$12(LibraryManagement.scala:142)
2025.05.18 22:17:30 INFO  [error] 	at sbt.util.Tracked$.$anonfun$lastOutput$1(Tracked.scala:74)
2025.05.18 22:17:30 INFO  [error] 	at sbt.internal.LibraryManagement$.$anonfun$cachedUpdate$11(LibraryManagement.scala:144)
2025.05.18 22:17:30 INFO  [error] 	at sbt.internal.LibraryManagement$.$anonfun$cachedUpdate$11$adapted(LibraryManagement.scala:131)
2025.05.18 22:17:30 INFO  [error] 	at sbt.util.Tracked$.$anonfun$inputChangedW$1(Tracked.scala:220)
2025.05.18 22:17:30 INFO  [error] 	at sbt.internal.LibraryManagement$.cachedUpdate(LibraryManagement.scala:169)
2025.05.18 22:17:30 INFO  [error] 	at sbt.Classpaths$.$anonfun$updateTask0$1(Defaults.scala:3941)
2025.05.18 22:17:30 INFO  [error] 	at scala.Function1.$anonfun$compose$1(Function1.scala:49)
2025.05.18 22:17:30 INFO  [error] 	at sbt.internal.util.$tilde$greater.$anonfun$$u2219$1(TypeFunctions.scala:63)
2025.05.18 22:17:30 INFO  [error] 	at sbt.std.Transform$$anon$4.work(Transform.scala:69)
2025.05.18 22:17:30 INFO  [error] 	at sbt.Execute.$anonfun$submit$2(Execute.scala:283)
2025.05.18 22:17:30 INFO  [error] 	at sbt.internal.util.ErrorHandling$.wideConvert(ErrorHandling.scala:24)
2025.05.18 22:17:30 INFO  [error] 	at sbt.Execute.work(Execute.scala:292)
2025.05.18 22:17:30 INFO  [error] 	at sbt.Execute.$anonfun$submit$1(Execute.scala:283)
2025.05.18 22:17:30 INFO  [error] 	at sbt.ConcurrentRestrictions$$anon$4.$anonfun$submitValid$1(ConcurrentRestrictions.scala:265)
2025.05.18 22:17:30 INFO  [error] 	at sbt.CompletionService$$anon$2.call(CompletionService.scala:65)
2025.05.18 22:17:30 INFO  [error] 	at java.base/java.util.concurrent.FutureTask.run(FutureTask.java:264)
2025.05.18 22:17:30 INFO  [error] 	at java.base/java.util.concurrent.Executors$RunnableAdapter.call(Executors.java:539)
2025.05.18 22:17:30 INFO  [error] 	at java.base/java.util.concurrent.FutureTask.run(FutureTask.java:264)
2025.05.18 22:17:30 INFO  [error] 	at java.base/java.util.concurrent.ThreadPoolExecutor.runWorker(ThreadPoolExecutor.java:1136)
2025.05.18 22:17:30 INFO  [error] 	at java.base/java.util.concurrent.ThreadPoolExecutor$Worker.run(ThreadPoolExecutor.java:635)
2025.05.18 22:17:30 INFO  [error] 	at java.base/java.lang.Thread.run(Thread.java:840)
2025.05.18 22:17:30 INFO  [error] (update) sbt.librarymanagement.ResolveException: Error downloading com.typesafe.akka:akka-testkit-typed_3:2.10.5
2025.05.18 22:17:30 INFO  [error]   Not found
2025.05.18 22:17:30 INFO  [error]   Not found
2025.05.18 22:17:30 INFO  [error]   not found: /Users/navjotsinghchahal/.ivy2/localcom.typesafe.akka/akka-testkit-typed_3/2.10.5/ivys/ivy.xml
2025.05.18 22:17:30 INFO  [error]   not found: https://repo1.maven.org/maven2/com/typesafe/akka/akka-testkit-typed_3/2.10.5/akka-testkit-typed_3-2.10.5.pom
2025.05.18 22:17:30 INFO  [error]   not found: https://repo.akka.io/maven/com/typesafe/akka/akka-testkit-typed_3/2.10.5/akka-testkit-typed_3-2.10.5.pom
2025.05.18 22:17:30 INFO  [error] Total time: 3 s, completed May 18, 2025, 10:17:30 PM
2025.05.18 22:17:30 INFO  time: ran 'sbt bloopInstall' in 6.06s
2025.05.18 22:17:30 ERROR sbt command failed: /Users/navjotsinghchahal/Library/Application Support/Coursier/bin/sbt -Dbloop.export-jar-classifiers=sources bloopInstall
2025.05.18 22:17:33 INFO  no build target found for /Users/navjotsinghchahal/Desktop/work/coding_practice/distributed_autonomous_agents/akka-agent-system/build.sbt. Using presentation compiler with project's scala-library version: 3.3.6
May 18, 2025 10:17:33 PM scala.meta.internal.metals.StdReporter $anonfun$create$1
WARNING: empty definition using pc, found symbol in pc:  (full report at: /Users/navjotsinghchahal/Desktop/work/coding_practice/distributed_autonomous_agents/.metals/.reports/metals-full/2025-05-18/r_empty-definition_22-17-16-469.md)
2025.05.18 22:57:18 INFO  no build target found for /Users/navjotsinghchahal/Desktop/work/coding_practice/distributed_autonomous_agents/akka-agent-system/build.sbt. Using presentation compiler with project's scala-library version: 3.3.6
2025.05.18 22:57:18 INFO  no build target found for /Users/navjotsinghchahal/Desktop/work/coding_practice/distributed_autonomous_agents/akka-agent-system/build.sbt. Using presentation compiler with project's scala-library version: 3.3.6
May 18, 2025 10:57:18 PM org.eclipse.lsp4j.jsonrpc.RemoteEndpoint handleCancellation
WARNING: Unmatched cancel notification for request id 649
May 18, 2025 10:57:18 PM org.eclipse.lsp4j.jsonrpc.RemoteEndpoint handleCancellation
WARNING: Unmatched cancel notification for request id 650
2025.05.18 22:57:18 INFO  no build target found for /Users/navjotsinghchahal/Desktop/work/coding_practice/distributed_autonomous_agents/akka-agent-system/build.sbt. Using presentation compiler with project's scala-library version: 3.3.6
2025.05.18 22:57:18 INFO  no build target found for /Users/navjotsinghchahal/Desktop/work/coding_practice/distributed_autonomous_agents/akka-agent-system/build.sbt. Using presentation compiler with project's scala-library version: 3.3.6
2025.05.18 22:57:18 INFO  no build target found for /Users/navjotsinghchahal/Desktop/work/coding_practice/distributed_autonomous_agents/akka-agent-system/build.sbt. Using presentation compiler with project's scala-library version: 3.3.6
May 18, 2025 10:57:19 PM org.eclipse.lsp4j.jsonrpc.RemoteEndpoint handleCancellation
WARNING: Unmatched cancel notification for request id 652
May 18, 2025 10:57:19 PM org.eclipse.lsp4j.jsonrpc.RemoteEndpoint handleCancellation
WARNING: Unmatched cancel notification for request id 653
2025.05.18 22:57:18 INFO  no build target found for /Users/navjotsinghchahal/Desktop/work/coding_practice/distributed_autonomous_agents/akka-agent-system/build.sbt. Using presentation compiler with project's scala-library version: 3.3.6
2025.05.19 01:03:03 INFO  no build target found for /Users/navjotsinghchahal/Desktop/work/coding_practice/distributed_autonomous_agents/akka-agent-system/build.sbt. Using presentation compiler with project's scala-library version: 3.3.6
2025.05.19 01:03:03 INFO  no build target found for /Users/navjotsinghchahal/Desktop/work/coding_practice/distributed_autonomous_agents/akka-agent-system/build.sbt. Using presentation compiler with project's scala-library version: 3.3.6
2025.05.19 01:03:03 INFO  no build target found for /Users/navjotsinghchahal/Desktop/work/coding_practice/distributed_autonomous_agents/akka-agent-system/build.sbt. Using presentation compiler with project's scala-library version: 3.3.6
2025.05.19 01:03:03 INFO  no build target found for /Users/navjotsinghchahal/Desktop/work/coding_practice/distributed_autonomous_agents/akka-agent-system/build.sbt. Using presentation compiler with project's scala-library version: 3.3.6
2025.05.19 01:03:03 INFO  no build target found for /Users/navjotsinghchahal/Desktop/work/coding_practice/distributed_autonomous_agents/akka-agent-system/build.sbt. Using presentation compiler with project's scala-library version: 3.3.6
2025.05.19 01:03:03 INFO  no build target found for /Users/navjotsinghchahal/Desktop/work/coding_practice/distributed_autonomous_agents/akka-agent-system/build.sbt. Using presentation compiler with project's scala-library version: 3.3.6
May 19, 2025 1:03:03 AM org.eclipse.lsp4j.jsonrpc.RemoteEndpoint handleCancellation
WARNING: Unmatched cancel notification for request id 658
2025.05.19 03:24:08 INFO  no build target found for /Users/navjotsinghchahal/Desktop/work/coding_practice/distributed_autonomous_agents/akka-agent-system/build.sbt. Using presentation compiler with project's scala-library version: 3.3.6
2025.05.19 03:24:08 INFO  no build target found for /Users/navjotsinghchahal/Desktop/work/coding_practice/distributed_autonomous_agents/akka-agent-system/build.sbt. Using presentation compiler with project's scala-library version: 3.3.6
2025.05.19 03:24:08 INFO  no build target found for /Users/navjotsinghchahal/Desktop/work/coding_practice/distributed_autonomous_agents/akka-agent-system/build.sbt. Using presentation compiler with project's scala-library version: 3.3.6
2025.05.19 04:06:56 INFO  no build target found for /Users/navjotsinghchahal/Desktop/work/coding_practice/distributed_autonomous_agents/akka-agent-system/build.sbt. Using presentation compiler with project's scala-library version: 3.3.6
2025.05.19 04:06:56 INFO  no build target found for /Users/navjotsinghchahal/Desktop/work/coding_practice/distributed_autonomous_agents/akka-agent-system/build.sbt. Using presentation compiler with project's scala-library version: 3.3.6
May 19, 2025 4:06:56 AM org.eclipse.lsp4j.jsonrpc.RemoteEndpoint handleCancellation
WARNING: Unmatched cancel notification for request id 664
May 19, 2025 4:06:56 AM org.eclipse.lsp4j.jsonrpc.RemoteEndpoint handleCancellation
WARNING: Unmatched cancel notification for request id 665
2025.05.19 04:06:56 INFO  no build target found for /Users/navjotsinghchahal/Desktop/work/coding_practice/distributed_autonomous_agents/akka-agent-system/build.sbt. Using presentation compiler with project's scala-library version: 3.3.6
2025.05.19 06:07:05 INFO  no build target found for /Users/navjotsinghchahal/Desktop/work/coding_practice/distributed_autonomous_agents/akka-agent-system/build.sbt. Using presentation compiler with project's scala-library version: 3.3.6
2025.05.19 06:07:05 INFO  no build target found for /Users/navjotsinghchahal/Desktop/work/coding_practice/distributed_autonomous_agents/akka-agent-system/build.sbt. Using presentation compiler with project's scala-library version: 3.3.6
2025.05.19 06:07:05 INFO  no build target found for /Users/navjotsinghchahal/Desktop/work/coding_practice/distributed_autonomous_agents/akka-agent-system/build.sbt. Using presentation compiler with project's scala-library version: 3.3.6
2025.05.19 06:07:05 INFO  no build target found for /Users/navjotsinghchahal/Desktop/work/coding_practice/distributed_autonomous_agents/akka-agent-system/build.sbt. Using presentation compiler with project's scala-library version: 3.3.6
2025.05.19 06:07:05 INFO  no build target found for /Users/navjotsinghchahal/Desktop/work/coding_practice/distributed_autonomous_agents/akka-agent-system/build.sbt. Using presentation compiler with project's scala-library version: 3.3.6
May 19, 2025 6:07:05 AM org.eclipse.lsp4j.jsonrpc.RemoteEndpoint handleCancellation
WARNING: Unmatched cancel notification for request id 670
May 19, 2025 6:07:05 AM org.eclipse.lsp4j.jsonrpc.RemoteEndpoint handleCancellation
WARNING: Unmatched cancel notification for request id 671
2025.05.19 06:07:05 INFO  no build target found for /Users/navjotsinghchahal/Desktop/work/coding_practice/distributed_autonomous_agents/akka-agent-system/build.sbt. Using presentation compiler with project's scala-library version: 3.3.6
2025.05.19 07:10:24 INFO  no build target found for /Users/navjotsinghchahal/Desktop/work/coding_practice/distributed_autonomous_agents/akka-agent-system/build.sbt. Using presentation compiler with project's scala-library version: 3.3.6
2025.05.19 07:10:24 INFO  no build target found for /Users/navjotsinghchahal/Desktop/work/coding_practice/distributed_autonomous_agents/akka-agent-system/build.sbt. Using presentation compiler with project's scala-library version: 3.3.6
2025.05.19 07:10:24 INFO  no build target found for /Users/navjotsinghchahal/Desktop/work/coding_practice/distributed_autonomous_agents/akka-agent-system/build.sbt. Using presentation compiler with project's scala-library version: 3.3.6
2025.05.19 07:10:24 INFO  no build target found for /Users/navjotsinghchahal/Desktop/work/coding_practice/distributed_autonomous_agents/akka-agent-system/build.sbt. Using presentation compiler with project's scala-library version: 3.3.6
2025.05.19 07:10:24 INFO  no build target found for /Users/navjotsinghchahal/Desktop/work/coding_practice/distributed_autonomous_agents/akka-agent-system/build.sbt. Using presentation compiler with project's scala-library version: 3.3.6
May 19, 2025 7:10:24 AM org.eclipse.lsp4j.jsonrpc.RemoteEndpoint handleCancellation
WARNING: Unmatched cancel notification for request id 676
May 19, 2025 7:10:24 AM org.eclipse.lsp4j.jsonrpc.RemoteEndpoint handleCancellation
WARNING: Unmatched cancel notification for request id 677
2025.05.19 07:10:24 INFO  no build target found for /Users/navjotsinghchahal/Desktop/work/coding_practice/distributed_autonomous_agents/akka-agent-system/build.sbt. Using presentation compiler with project's scala-library version: 3.3.6
2025.05.19 08:10:36 INFO  no build target found for /Users/navjotsinghchahal/Desktop/work/coding_practice/distributed_autonomous_agents/akka-agent-system/build.sbt. Using presentation compiler with project's scala-library version: 3.3.6
2025.05.19 08:10:36 INFO  no build target found for /Users/navjotsinghchahal/Desktop/work/coding_practice/distributed_autonomous_agents/akka-agent-system/build.sbt. Using presentation compiler with project's scala-library version: 3.3.6
2025.05.19 08:10:36 INFO  no build target found for /Users/navjotsinghchahal/Desktop/work/coding_practice/distributed_autonomous_agents/akka-agent-system/build.sbt. Using presentation compiler with project's scala-library version: 3.3.6
2025.05.19 08:10:36 INFO  no build target found for /Users/navjotsinghchahal/Desktop/work/coding_practice/distributed_autonomous_agents/akka-agent-system/build.sbt. Using presentation compiler with project's scala-library version: 3.3.6
2025.05.19 08:10:36 INFO  no build target found for /Users/navjotsinghchahal/Desktop/work/coding_practice/distributed_autonomous_agents/akka-agent-system/build.sbt. Using presentation compiler with project's scala-library version: 3.3.6
May 19, 2025 8:10:36 AM org.eclipse.lsp4j.jsonrpc.RemoteEndpoint handleCancellation
WARNING: Unmatched cancel notification for request id 682
2025.05.19 08:10:36 INFO  no build target found for /Users/navjotsinghchahal/Desktop/work/coding_practice/distributed_autonomous_agents/akka-agent-system/build.sbt. Using presentation compiler with project's scala-library version: 3.3.6
2025.05.19 09:04:47 INFO  no build target found for /Users/navjotsinghchahal/Desktop/work/coding_practice/distributed_autonomous_agents/akka-agent-system/build.sbt. Using presentation compiler with project's scala-library version: 3.3.6
2025.05.19 09:04:47 INFO  no build target found for /Users/navjotsinghchahal/Desktop/work/coding_practice/distributed_autonomous_agents/akka-agent-system/build.sbt. Using presentation compiler with project's scala-library version: 3.3.6
2025.05.19 09:04:47 INFO  no build target found for /Users/navjotsinghchahal/Desktop/work/coding_practice/distributed_autonomous_agents/akka-agent-system/build.sbt. Using presentation compiler with project's scala-library version: 3.3.6
2025.05.19 09:35:29 INFO  no build target found for /Users/navjotsinghchahal/Desktop/work/coding_practice/distributed_autonomous_agents/akka-agent-system/build.sbt. Using presentation compiler with project's scala-library version: 3.3.6
2025.05.19 09:35:29 INFO  no build target found for /Users/navjotsinghchahal/Desktop/work/coding_practice/distributed_autonomous_agents/akka-agent-system/build.sbt. Using presentation compiler with project's scala-library version: 3.3.6
May 19, 2025 9:35:29 AM org.eclipse.lsp4j.jsonrpc.RemoteEndpoint handleCancellation
WARNING: Unmatched cancel notification for request id 688
May 19, 2025 9:35:29 AM org.eclipse.lsp4j.jsonrpc.RemoteEndpoint handleCancellation
WARNING: Unmatched cancel notification for request id 689
2025.05.19 09:35:29 INFO  no build target found for /Users/navjotsinghchahal/Desktop/work/coding_practice/distributed_autonomous_agents/akka-agent-system/build.sbt. Using presentation compiler with project's scala-library version: 3.3.6
2025.05.19 11:32:09 INFO  no build target found for /Users/navjotsinghchahal/Desktop/work/coding_practice/distributed_autonomous_agents/akka-agent-system/build.sbt. Using presentation compiler with project's scala-library version: 3.3.6
2025.05.19 11:32:43 INFO  no build target found for /Users/navjotsinghchahal/Desktop/work/coding_practice/distributed_autonomous_agents/akka-agent-system/build.sbt. Using presentation compiler with project's scala-library version: 3.3.6
2025.05.19 11:32:51 INFO  no build target found for /Users/navjotsinghchahal/Desktop/work/coding_practice/distributed_autonomous_agents/akka-agent-system/build.sbt. Using presentation compiler with project's scala-library version: 3.3.6
2025.05.19 11:32:51 INFO  no build target found for /Users/navjotsinghchahal/Desktop/work/coding_practice/distributed_autonomous_agents/akka-agent-system/build.sbt. Using presentation compiler with project's scala-library version: 3.3.6
2025.05.19 11:32:51 INFO  no build target found for /Users/navjotsinghchahal/Desktop/work/coding_practice/distributed_autonomous_agents/akka-agent-system/build.sbt. Using presentation compiler with project's scala-library version: 3.3.6
2025.05.19 11:32:51 INFO  no build target found for /Users/navjotsinghchahal/Desktop/work/coding_practice/distributed_autonomous_agents/akka-agent-system/build.sbt. Using presentation compiler with project's scala-library version: 3.3.6
2025.05.19 11:35:17 INFO  no build target found for /Users/navjotsinghchahal/Desktop/work/coding_practice/distributed_autonomous_agents/akka-agent-system/build.sbt. Using presentation compiler with project's scala-library version: 3.3.6
2025.05.19 11:35:24 INFO  no build target found for /Users/navjotsinghchahal/Desktop/work/coding_practice/distributed_autonomous_agents/akka-agent-system/build.sbt. Using presentation compiler with project's scala-library version: 3.3.6
2025.05.19 11:36:06 WARN  no build target for: /Users/navjotsinghchahal/Desktop/work/coding_practice/distributed_autonomous_agents/akka-agent-system/build.sbt
2025.05.19 11:36:06 INFO  no build target found for /Users/navjotsinghchahal/Desktop/work/coding_practice/distributed_autonomous_agents/akka-agent-system/build.sbt. Using presentation compiler with project's scala-library version: 3.3.6
2025.05.19 11:36:06 INFO  no build target found for /Users/navjotsinghchahal/Desktop/work/coding_practice/distributed_autonomous_agents/akka-agent-system/build.sbt. Using presentation compiler with project's scala-library version: 3.3.6
2025.05.19 11:36:06 INFO  no build target found for /Users/navjotsinghchahal/Desktop/work/coding_practice/distributed_autonomous_agents/akka-agent-system/build.sbt. Using presentation compiler with project's scala-library version: 3.3.6
2025.05.19 11:36:06 INFO  no build target found for /Users/navjotsinghchahal/Desktop/work/coding_practice/distributed_autonomous_agents/akka-agent-system/build.sbt. Using presentation compiler with project's scala-library version: 3.3.6
2025.05.19 11:36:07 WARN  no build target for: /Users/navjotsinghchahal/Desktop/work/coding_practice/distributed_autonomous_agents/akka-agent-system/src/main/scala/com/example/agent/Agent.scala
2025.05.19 11:36:07 INFO  no build target found for /Users/navjotsinghchahal/Desktop/work/coding_practice/distributed_autonomous_agents/akka-agent-system/src/main/scala/com/example/agent/Agent.scala. Using presentation compiler with project's scala-library version: 3.3.6
2025.05.19 11:36:07 INFO  no build target found for /Users/navjotsinghchahal/Desktop/work/coding_practice/distributed_autonomous_agents/akka-agent-system/src/main/scala/com/example/agent/Agent.scala. Using presentation compiler with project's scala-library version: 3.3.6
2025.05.19 11:36:07 INFO  no build target found for /Users/navjotsinghchahal/Desktop/work/coding_practice/distributed_autonomous_agents/akka-agent-system/build.sbt. Using presentation compiler with project's scala-library version: 3.3.6
2025.05.19 11:36:07 INFO  no build target found for /Users/navjotsinghchahal/Desktop/work/coding_practice/distributed_autonomous_agents/akka-agent-system/src/main/scala/com/example/agent/Agent.scala. Using presentation compiler with project's scala-library version: 3.3.6
2025.05.19 11:36:10 INFO  no build target found for /Users/navjotsinghchahal/Desktop/work/coding_practice/distributed_autonomous_agents/akka-agent-system/src/main/scala/com/example/agent/Agent.scala. Using presentation compiler with project's scala-library version: 3.3.6
2025.05.19 11:36:10 WARN  no build target for: /Users/navjotsinghchahal/Desktop/work/coding_practice/distributed_autonomous_agents/akka-agent-system/build.sbt
2025.05.19 11:36:10 INFO  no build target found for /Users/navjotsinghchahal/Desktop/work/coding_practice/distributed_autonomous_agents/akka-agent-system/build.sbt. Using presentation compiler with project's scala-library version: 3.3.6
2025.05.19 11:36:10 INFO  no build target found for /Users/navjotsinghchahal/Desktop/work/coding_practice/distributed_autonomous_agents/akka-agent-system/build.sbt. Using presentation compiler with project's scala-library version: 3.3.6
2025.05.19 11:36:10 INFO  no build target found for /Users/navjotsinghchahal/Desktop/work/coding_practice/distributed_autonomous_agents/akka-agent-system/build.sbt. Using presentation compiler with project's scala-library version: 3.3.6
2025.05.19 11:36:10 INFO  no build target found for /Users/navjotsinghchahal/Desktop/work/coding_practice/distributed_autonomous_agents/akka-agent-system/build.sbt. Using presentation compiler with project's scala-library version: 3.3.6
May 19, 2025 11:36:17 AM org.eclipse.lsp4j.jsonrpc.RemoteEndpoint handleNotification
WARNING: Notification threw an exception: {
  "jsonrpc": "2.0",
  "method": "metals/didFocusTextDocument",
  "params": [
    "vscode-chat-code-block://7a4ab1c6-e70d-4a0b-887e-d120e973ab92/response_c867fb04-c396-46de-a2c1-ef4fd8f8efb6/0#%7B%22references%22%3A%5B%7B%22uri%22%3A%7B%22%24mid%22%3A1%2C%22fsPath%22%3A%22%2FUsers%2Fnavjotsinghchahal%2FDesktop%2Fwork%2Fcoding_practice%2Fdistributed_autonomous_agents%2Fakka-agent-system%2Fbuild.sbt%22%2C%22external%22%3A%22file%3A%2F%2F%2FUsers%2Fnavjotsinghchahal%2FDesktop%2Fwork%2Fcoding_practice%2Fdistributed_autonomous_agents%2Fakka-agent-system%2Fbuild.sbt%22%2C%22path%22%3A%22%2FUsers%2Fnavjotsinghchahal%2FDesktop%2Fwork%2Fcoding_practice%2Fdistributed_autonomous_agents%2Fakka-agent-system%2Fbuild.sbt%22%2C%22scheme%22%3A%22file%22%7D%2C%22range%22%3A%7B%22startLineNumber%22%3A1%2C%22startColumn%22%3A1%2C%22endLineNumber%22%3A14%2C%22endColumn%22%3A49%7D%7D%5D%7D"
  ]
}
java.nio.file.FileSystemNotFoundException: Provider "vscode-chat-code-block" not installed
	at java.base/java.nio.file.Path.of(Path.java:212)
	at java.base/java.nio.file.Paths.get(Paths.java:98)
	at scala.meta.internal.mtags.MtagsEnrichments$XtensionURIMtags.toAbsolutePath(MtagsEnrichments.scala:130)
	at scala.meta.internal.mtags.MtagsEnrichments$XtensionStringMtags.toAbsolutePath(MtagsEnrichments.scala:190)
	at scala.meta.internal.metals.MetalsEnrichments$XtensionString.toAbsolutePath(MetalsEnrichments.scala:787)
	at scala.meta.internal.metals.MetalsEnrichments$XtensionString.toAbsolutePath(MetalsEnrichments.scala:784)
	at scala.meta.internal.metals.WorkspaceLspService.didFocus(WorkspaceLspService.scala:774)
	at scala.meta.metals.lsp.DelegatingScalaService.didFocus(DelegatingScalaService.scala:42)
	at jdk.internal.reflect.GeneratedMethodAccessor10.invoke(Unknown Source)
	at java.base/jdk.internal.reflect.DelegatingMethodAccessorImpl.invoke(DelegatingMethodAccessorImpl.java:43)
	at java.base/java.lang.reflect.Method.invoke(Method.java:569)
	at org.eclipse.lsp4j.jsonrpc.services.GenericEndpoint.lambda$recursiveFindRpcMethods$0(GenericEndpoint.java:65)
	at org.eclipse.lsp4j.jsonrpc.services.GenericEndpoint.notify(GenericEndpoint.java:160)
	at org.eclipse.lsp4j.jsonrpc.RemoteEndpoint.handleNotification(RemoteEndpoint.java:231)
	at org.eclipse.lsp4j.jsonrpc.RemoteEndpoint.consume(RemoteEndpoint.java:198)
	at org.eclipse.lsp4j.jsonrpc.json.StreamMessageProducer.handleMessage(StreamMessageProducer.java:185)
	at org.eclipse.lsp4j.jsonrpc.json.StreamMessageProducer.listen(StreamMessageProducer.java:97)
	at org.eclipse.lsp4j.jsonrpc.json.ConcurrentMessageProcessor.run(ConcurrentMessageProcessor.java:114)
	at java.base/java.util.concurrent.Executors$RunnableAdapter.call(Executors.java:539)
	at java.base/java.util.concurrent.FutureTask.run(FutureTask.java:264)
	at java.base/java.util.concurrent.ThreadPoolExecutor.runWorker(ThreadPoolExecutor.java:1136)
	at java.base/java.util.concurrent.ThreadPoolExecutor$Worker.run(ThreadPoolExecutor.java:635)
	at java.base/java.lang.Thread.run(Thread.java:840)

2025.05.19 11:36:20 WARN  no build target for: /Users/navjotsinghchahal/Desktop/work/coding_practice/distributed_autonomous_agents/akka-agent-system/build.sbt
2025.05.19 11:36:20 INFO  no build target found for /Users/navjotsinghchahal/Desktop/work/coding_practice/distributed_autonomous_agents/akka-agent-system/build.sbt. Using presentation compiler with project's scala-library version: 3.3.6
2025.05.19 11:36:20 INFO  no build target found for /Users/navjotsinghchahal/Desktop/work/coding_practice/distributed_autonomous_agents/akka-agent-system/build.sbt. Using presentation compiler with project's scala-library version: 3.3.6
2025.05.19 11:36:20 INFO  no build target found for /Users/navjotsinghchahal/Desktop/work/coding_practice/distributed_autonomous_agents/akka-agent-system/build.sbt. Using presentation compiler with project's scala-library version: 3.3.6
2025.05.19 11:36:20 INFO  no build target found for /Users/navjotsinghchahal/Desktop/work/coding_practice/distributed_autonomous_agents/akka-agent-system/build.sbt. Using presentation compiler with project's scala-library version: 3.3.6
2025.05.19 11:36:21 INFO  no build target found for /Users/navjotsinghchahal/Desktop/work/coding_practice/distributed_autonomous_agents/akka-agent-system/build.sbt. Using presentation compiler with project's scala-library version: 3.3.6
2025.05.19 11:36:21 INFO  no build target found for /Users/navjotsinghchahal/Desktop/work/coding_practice/distributed_autonomous_agents/akka-agent-system/build.sbt. Using presentation compiler with project's scala-library version: 3.3.6
2025.05.19 11:36:21 WARN  no build target for: /Users/navjotsinghchahal/Desktop/work/coding_practice/distributed_autonomous_agents/akka-agent-system/build.sbt
2025.05.19 11:36:21 INFO  no build target found for /Users/navjotsinghchahal/Desktop/work/coding_practice/distributed_autonomous_agents/akka-agent-system/build.sbt. Using presentation compiler with project's scala-library version: 3.3.6
2025.05.19 11:36:23 INFO  running '/Users/navjotsinghchahal/Library/Application Support/Coursier/bin/sbt -Dbloop.export-jar-classifiers=sources bloopInstall'
2025.05.19 11:36:24 INFO  [info] welcome to sbt 1.10.11 (Eclipse Adoptium Java 17.0.15)
2025.05.19 11:36:24 INFO  [info] loading settings for project akka-agent-system-build-build from metals.sbt...
2025.05.19 11:36:24 INFO  [info] loading project definition from /Users/navjotsinghchahal/Desktop/work/coding_practice/distributed_autonomous_agents/akka-agent-system/project/project
2025.05.19 11:36:24 INFO  [info] loading settings for project akka-agent-system-build from metals.sbt...
2025.05.19 11:36:24 INFO  [info] loading project definition from /Users/navjotsinghchahal/Desktop/work/coding_practice/distributed_autonomous_agents/akka-agent-system/project
2025.05.19 11:36:25 INFO  [success] Generated .bloop/akka-agent-system-build.json
2025.05.19 11:36:25 INFO  [success] Total time: 1 s, completed May 19, 2025, 11:36:25 AM
2025.05.19 11:36:25 INFO  [info] loading settings for project akka-agent-system from build.sbt...
2025.05.19 11:36:25 INFO  [info] set current project to akka-agent-system (in build file:/Users/navjotsinghchahal/Desktop/work/coding_practice/distributed_autonomous_agents/akka-agent-system/)
2025.05.19 11:36:30 INFO  [success] Generated .bloop/akka-agent-system-test.json
2025.05.19 11:36:30 INFO  [success] Generated .bloop/akka-agent-system.json
2025.05.19 11:36:30 INFO  [success] Total time: 4 s, completed May 19, 2025, 11:36:30 AM
2025.05.19 11:36:30 INFO  time: ran 'sbt bloopInstall' in 6.93s
2025.05.19 11:36:30 INFO  Attempting to connect to the build server...
2025.05.19 11:36:30 INFO  No running Bloop server found, starting one.
2025.05.19 11:36:30 INFO  Starting compilation server
2025.05.19 11:36:31 INFO  tracing is disabled for protocol BSP, to enable tracing of incoming and outgoing JSON messages create an empty file at /Users/navjotsinghchahal/Desktop/work/coding_practice/distributed_autonomous_agents/.metals/bsp.trace.json or /Users/navjotsinghchahal/Library/Caches/org.scalameta.metals/bsp.trace.json
2025.05.19 11:36:30 INFO  time: Connected to build server in 0.93s
2025.05.19 11:36:31 INFO  Connected to Build server: Bloop v2.0.10
2025.05.19 11:36:31 WARN  3.2.0 is no longer supported in the current Metals versions, using the last known supported version 1.3.0
2025.05.19 11:36:35 INFO  time: indexed workspace in 3.78s
2025.05.19 11:36:35 WARN  no build target for: /Users/navjotsinghchahal/Desktop/work/coding_practice/distributed_autonomous_agents/akka-agent-system/build.sbt
2025.05.19 11:36:35 INFO  no build target found for /Users/navjotsinghchahal/Desktop/work/coding_practice/distributed_autonomous_agents/akka-agent-system/build.sbt. Using presentation compiler with project's scala-library version: 3.3.6
2025.05.19 11:36:35 INFO  no build target found for /Users/navjotsinghchahal/Desktop/work/coding_practice/distributed_autonomous_agents/akka-agent-system/build.sbt. Using presentation compiler with project's scala-library version: 3.3.6
2025.05.19 11:36:38 INFO  no build target found for /Users/navjotsinghchahal/Desktop/work/coding_practice/distributed_autonomous_agents/akka-agent-system/build.sbt. Using presentation compiler with project's scala-library version: 3.3.6
2025.05.19 11:36:43 INFO  no build target found for /Users/navjotsinghchahal/Desktop/work/coding_practice/distributed_autonomous_agents/akka-agent-system/build.sbt. Using presentation compiler with project's scala-library version: 3.3.6
2025.05.19 11:36:43 INFO  no build target found for /Users/navjotsinghchahal/Desktop/work/coding_practice/distributed_autonomous_agents/akka-agent-system/build.sbt. Using presentation compiler with project's scala-library version: 3.3.6
2025.05.19 11:36:43 INFO  no build target found for /Users/navjotsinghchahal/Desktop/work/coding_practice/distributed_autonomous_agents/akka-agent-system/build.sbt. Using presentation compiler with project's scala-library version: 3.3.6
2025.05.19 11:36:43 INFO  no build target found for /Users/navjotsinghchahal/Desktop/work/coding_practice/distributed_autonomous_agents/akka-agent-system/build.sbt. Using presentation compiler with project's scala-library version: 3.3.6
2025.05.19 11:36:43 INFO  no build target found for /Users/navjotsinghchahal/Desktop/work/coding_practice/distributed_autonomous_agents/akka-agent-system/build.sbt. Using presentation compiler with project's scala-library version: 3.3.6
2025.05.19 11:36:44 INFO  no build target found for /Users/navjotsinghchahal/Desktop/work/coding_practice/distributed_autonomous_agents/akka-agent-system/build.sbt. Using presentation compiler with project's scala-library version: 3.3.6
2025.05.19 11:36:44 INFO  no build target found for /Users/navjotsinghchahal/Desktop/work/coding_practice/distributed_autonomous_agents/akka-agent-system/build.sbt. Using presentation compiler with project's scala-library version: 3.3.6
2025.05.19 11:36:45 INFO  no build target found for /Users/navjotsinghchahal/Desktop/work/coding_practice/distributed_autonomous_agents/akka-agent-system/build.sbt. Using presentation compiler with project's scala-library version: 3.3.6
2025.05.19 11:36:44 INFO  no build target found for /Users/navjotsinghchahal/Desktop/work/coding_practice/distributed_autonomous_agents/akka-agent-system/build.sbt. Using presentation compiler with project's scala-library version: 3.3.6
2025.05.19 11:36:45 INFO  no build target found for /Users/navjotsinghchahal/Desktop/work/coding_practice/distributed_autonomous_agents/akka-agent-system/build.sbt. Using presentation compiler with project's scala-library version: 3.3.6
2025.05.19 11:36:44 INFO  no build target found for /Users/navjotsinghchahal/Desktop/work/coding_practice/distributed_autonomous_agents/akka-agent-system/build.sbt. Using presentation compiler with project's scala-library version: 3.3.6
2025.05.19 11:36:45 INFO  no build target found for /Users/navjotsinghchahal/Desktop/work/coding_practice/distributed_autonomous_agents/akka-agent-system/build.sbt. Using presentation compiler with project's scala-library version: 3.3.6
2025.05.19 11:36:45 WARN  no build target for: /Users/navjotsinghchahal/Desktop/work/coding_practice/distributed_autonomous_agents/akka-agent-system/build.sbt
2025.05.19 11:36:45 INFO  no build target found for /Users/navjotsinghchahal/Desktop/work/coding_practice/distributed_autonomous_agents/akka-agent-system/build.sbt. Using presentation compiler with project's scala-library version: 3.3.6
2025.05.19 11:36:46 INFO  running '/Users/navjotsinghchahal/Library/Application Support/Coursier/bin/sbt -Dbloop.export-jar-classifiers=sources bloopInstall'
2025.05.19 11:36:47 INFO  [info] welcome to sbt 1.10.11 (Eclipse Adoptium Java 17.0.15)
2025.05.19 11:36:47 INFO  [info] loading settings for project akka-agent-system-build-build from metals.sbt...
2025.05.19 11:36:47 INFO  [info] loading project definition from /Users/navjotsinghchahal/Desktop/work/coding_practice/distributed_autonomous_agents/akka-agent-system/project/project
2025.05.19 11:36:47 INFO  [info] loading settings for project akka-agent-system-build from metals.sbt...
2025.05.19 11:36:47 INFO  [info] loading project definition from /Users/navjotsinghchahal/Desktop/work/coding_practice/distributed_autonomous_agents/akka-agent-system/project
2025.05.19 11:36:48 INFO  no build target found for /Users/navjotsinghchahal/Desktop/work/coding_practice/distributed_autonomous_agents/akka-agent-system/build.sbt. Using presentation compiler with project's scala-library version: 3.3.6
2025.05.19 11:36:48 INFO  no build target found for /Users/navjotsinghchahal/Desktop/work/coding_practice/distributed_autonomous_agents/akka-agent-system/build.sbt. Using presentation compiler with project's scala-library version: 3.3.6
2025.05.19 11:36:49 INFO  [success] Generated .bloop/akka-agent-system-build.json
2025.05.19 11:36:49 INFO  [success] Total time: 1 s, completed May 19, 2025, 11:36:49 AM
2025.05.19 11:36:49 INFO  [info] loading settings for project akka-agent-system from build.sbt...
2025.05.19 11:36:49 INFO  [info] set current project to akka-agent-system (in build file:/Users/navjotsinghchahal/Desktop/work/coding_practice/distributed_autonomous_agents/akka-agent-system/)
2025.05.19 11:36:49 INFO  [success] Generated .bloop/akka-agent-system.json
2025.05.19 11:36:49 INFO  [success] Generated .bloop/akka-agent-system-test.json
2025.05.19 11:36:49 INFO  [success] Total time: 0 s, completed May 19, 2025, 11:36:50 AM
2025.05.19 11:36:50 INFO  time: ran 'sbt bloopInstall' in 3.21s
2025.05.19 11:36:50 INFO  Disconnecting from Bloop session...
2025.05.19 11:36:50 INFO  Shut down connection with build server.
2025.05.19 11:36:50 INFO  Attempting to connect to the build server...
2025.05.19 11:36:50 INFO  Found a Bloop server running
2025.05.19 11:36:50 INFO  tracing is disabled for protocol BSP, to enable tracing of incoming and outgoing JSON messages create an empty file at /Users/navjotsinghchahal/Desktop/work/coding_practice/distributed_autonomous_agents/.metals/bsp.trace.json or /Users/navjotsinghchahal/Library/Caches/org.scalameta.metals/bsp.trace.json
2025.05.19 11:36:50 INFO  time: Connected to build server in 0.11s
2025.05.19 11:36:50 INFO  Connected to Build server: Bloop v2.0.10
2025.05.19 11:36:51 INFO  time: indexed workspace in 0.84s
2025.05.19 11:36:51 WARN  no build target for: /Users/navjotsinghchahal/Desktop/work/coding_practice/distributed_autonomous_agents/akka-agent-system/build.sbt
2025.05.19 11:36:50 INFO  no build target found for /Users/navjotsinghchahal/Desktop/work/coding_practice/distributed_autonomous_agents/akka-agent-system/build.sbt. Using presentation compiler with project's scala-library version: 3.7.0
2025.05.19 11:36:51 INFO  no build target found for /Users/navjotsinghchahal/Desktop/work/coding_practice/distributed_autonomous_agents/akka-agent-system/build.sbt. Using presentation compiler with project's scala-library version: 3.7.0
2025.05.19 11:51:28 INFO  compiling akka-agent-system (15 scala sources)
2025.05.19 11:51:30 INFO  time: compiled akka-agent-system in 1.83s
2025.05.19 11:51:30 INFO  no build target found for /Users/navjotsinghchahal/Desktop/work/coding_practice/distributed_autonomous_agents/akka-agent-system/build.sbt. Using presentation compiler with project's scala-library version: 3.7.0
2025.05.19 11:51:30 INFO  no build target found for /Users/navjotsinghchahal/Desktop/work/coding_practice/distributed_autonomous_agents/akka-agent-system/build.sbt. Using presentation compiler with project's scala-library version: 3.7.0
2025.05.19 11:53:02 INFO  compiling akka-agent-system (15 scala sources)
2025.05.19 11:53:02 INFO  time: compiled akka-agent-system in 0.61s
2025.05.19 11:53:30 INFO  compiling akka-agent-system (15 scala sources)
2025.05.19 11:53:30 INFO  time: compiled akka-agent-system in 0.49s
May 19, 2025 11:53:36 AM org.eclipse.lsp4j.jsonrpc.RemoteEndpoint handleCancellation
WARNING: Unmatched cancel notification for request id 898
2025.05.19 11:53:44 INFO  compiling akka-agent-system (15 scala sources)
2025.05.19 11:53:44 INFO  time: compiled akka-agent-system in 0.44s
2025.05.19 11:53:55 INFO  compiling akka-agent-system (15 scala sources)
2025.05.19 11:53:55 INFO  time: compiled akka-agent-system in 0.38s
2025.05.19 11:54:12 INFO  compiling akka-agent-system (15 scala sources)
2025.05.19 11:54:12 INFO  time: compiled akka-agent-system in 0.32s
2025.05.19 11:54:29 INFO  compiling akka-agent-system (15 scala sources)
2025.05.19 11:54:29 INFO  time: compiled akka-agent-system in 0.27s
2025.05.19 11:54:47 INFO  compiling akka-agent-system (15 scala sources)
2025.05.19 11:54:47 INFO  time: compiled akka-agent-system in 0.35s
2025.05.19 11:55:06 INFO  no build target found for /Users/navjotsinghchahal/Desktop/work/coding_practice/distributed_autonomous_agents/akka-agent-system/build.sbt. Using presentation compiler with project's scala-library version: 3.7.0
2025.05.19 11:55:06 WARN  no build target for: /Users/navjotsinghchahal/Desktop/work/coding_practice/distributed_autonomous_agents/akka-agent-system/build.sbt
2025.05.19 11:55:06 INFO  no build target found for /Users/navjotsinghchahal/Desktop/work/coding_practice/distributed_autonomous_agents/akka-agent-system/build.sbt. Using presentation compiler with project's scala-library version: 3.7.0
2025.05.19 11:55:06 INFO  no build target found for /Users/navjotsinghchahal/Desktop/work/coding_practice/distributed_autonomous_agents/akka-agent-system/build.sbt. Using presentation compiler with project's scala-library version: 3.7.0
2025.05.19 11:55:06 INFO  no build target found for /Users/navjotsinghchahal/Desktop/work/coding_practice/distributed_autonomous_agents/akka-agent-system/build.sbt. Using presentation compiler with project's scala-library version: 3.7.0
2025.05.19 11:55:13 INFO  no build target found for /Users/navjotsinghchahal/Desktop/work/coding_practice/distributed_autonomous_agents/akka-agent-system/build.sbt. Using presentation compiler with project's scala-library version: 3.7.0
2025.05.19 11:55:13 INFO  no build target found for /Users/navjotsinghchahal/Desktop/work/coding_practice/distributed_autonomous_agents/akka-agent-system/build.sbt. Using presentation compiler with project's scala-library version: 3.7.0
2025.05.19 11:55:13 INFO  no build target found for /Users/navjotsinghchahal/Desktop/work/coding_practice/distributed_autonomous_agents/akka-agent-system/build.sbt. Using presentation compiler with project's scala-library version: 3.7.0
2025.05.19 11:55:13 INFO  no build target found for /Users/navjotsinghchahal/Desktop/work/coding_practice/distributed_autonomous_agents/akka-agent-system/build.sbt. Using presentation compiler with project's scala-library version: 3.7.0
2025.05.19 11:55:13 INFO  no build target found for /Users/navjotsinghchahal/Desktop/work/coding_practice/distributed_autonomous_agents/akka-agent-system/build.sbt. Using presentation compiler with project's scala-library version: 3.7.0
2025.05.19 11:55:13 INFO  no build target found for /Users/navjotsinghchahal/Desktop/work/coding_practice/distributed_autonomous_agents/akka-agent-system/build.sbt. Using presentation compiler with project's scala-library version: 3.7.0
2025.05.19 11:55:14 INFO  no build target found for /Users/navjotsinghchahal/Desktop/work/coding_practice/distributed_autonomous_agents/akka-agent-system/build.sbt. Using presentation compiler with project's scala-library version: 3.7.0
2025.05.19 11:55:13 INFO  no build target found for /Users/navjotsinghchahal/Desktop/work/coding_practice/distributed_autonomous_agents/akka-agent-system/build.sbt. Using presentation compiler with project's scala-library version: 3.7.0
2025.05.19 11:55:14 INFO  no build target found for /Users/navjotsinghchahal/Desktop/work/coding_practice/distributed_autonomous_agents/akka-agent-system/build.sbt. Using presentation compiler with project's scala-library version: 3.7.0
2025.05.19 11:55:14 WARN  no build target for: /Users/navjotsinghchahal/Desktop/work/coding_practice/distributed_autonomous_agents/akka-agent-system/build.sbt
2025.05.19 11:55:14 INFO  no build target found for /Users/navjotsinghchahal/Desktop/work/coding_practice/distributed_autonomous_agents/akka-agent-system/build.sbt. Using presentation compiler with project's scala-library version: 3.7.0
2025.05.19 11:55:17 INFO  no build target found for /Users/navjotsinghchahal/Desktop/work/coding_practice/distributed_autonomous_agents/akka-agent-system/build.sbt. Using presentation compiler with project's scala-library version: 3.7.0
2025.05.19 11:55:17 INFO  no build target found for /Users/navjotsinghchahal/Desktop/work/coding_practice/distributed_autonomous_agents/akka-agent-system/build.sbt. Using presentation compiler with project's scala-library version: 3.7.0
2025.05.19 11:55:18 INFO  no build target found for /Users/navjotsinghchahal/Desktop/work/coding_practice/distributed_autonomous_agents/akka-agent-system/build.sbt. Using presentation compiler with project's scala-library version: 3.7.0
2025.05.19 11:55:18 INFO  no build target found for /Users/navjotsinghchahal/Desktop/work/coding_practice/distributed_autonomous_agents/akka-agent-system/build.sbt. Using presentation compiler with project's scala-library version: 3.7.0
2025.05.19 11:55:19 INFO  no build target found for /Users/navjotsinghchahal/Desktop/work/coding_practice/distributed_autonomous_agents/akka-agent-system/build.sbt. Using presentation compiler with project's scala-library version: 3.7.0
2025.05.19 11:55:19 INFO  no build target found for /Users/navjotsinghchahal/Desktop/work/coding_practice/distributed_autonomous_agents/akka-agent-system/build.sbt. Using presentation compiler with project's scala-library version: 3.7.0
2025.05.19 11:55:20 WARN  no build target for: /Users/navjotsinghchahal/Desktop/work/coding_practice/distributed_autonomous_agents/akka-agent-system/build.sbt
2025.05.19 11:55:20 INFO  no build target found for /Users/navjotsinghchahal/Desktop/work/coding_practice/distributed_autonomous_agents/akka-agent-system/build.sbt. Using presentation compiler with project's scala-library version: 3.7.0
2025.05.19 11:55:25 INFO  running '/Users/navjotsinghchahal/Library/Application Support/Coursier/bin/sbt -Dbloop.export-jar-classifiers=sources bloopInstall'
2025.05.19 11:55:25 INFO  [info] welcome to sbt 1.10.11 (Eclipse Adoptium Java 17.0.15)
2025.05.19 11:55:25 INFO  [info] loading settings for project akka-agent-system-build-build from metals.sbt...
2025.05.19 11:55:25 INFO  [info] loading project definition from /Users/navjotsinghchahal/Desktop/work/coding_practice/distributed_autonomous_agents/akka-agent-system/project/project
2025.05.19 11:55:25 INFO  [info] loading settings for project akka-agent-system-build from metals.sbt...
2025.05.19 11:55:25 INFO  [info] loading project definition from /Users/navjotsinghchahal/Desktop/work/coding_practice/distributed_autonomous_agents/akka-agent-system/project
2025.05.19 11:55:27 INFO  [success] Generated .bloop/akka-agent-system-build.json
2025.05.19 11:55:27 INFO  [success] Total time: 1 s, completed May 19, 2025, 11:55:27 AM
2025.05.19 11:55:28 INFO  [info] loading settings for project akka-agent-system from build.sbt...
2025.05.19 11:55:28 INFO  [info] set current project to akka-agent-system (in build file:/Users/navjotsinghchahal/Desktop/work/coding_practice/distributed_autonomous_agents/akka-agent-system/)
2025.05.19 11:55:31 INFO  [success] Generated .bloop/akka-agent-system.json
2025.05.19 11:55:31 INFO  [success] Generated .bloop/akka-agent-system-test.json
2025.05.19 11:55:31 INFO  [success] Total time: 3 s, completed May 19, 2025, 11:55:31 AM
2025.05.19 11:55:31 INFO  time: ran 'sbt bloopInstall' in 6.38s
2025.05.19 11:55:31 INFO  Disconnecting from Bloop session...
2025.05.19 11:55:31 INFO  Shut down connection with build server.
2025.05.19 11:55:31 INFO  Attempting to connect to the build server...
2025.05.19 11:55:31 INFO  Found a Bloop server running
2025.05.19 11:55:31 INFO  tracing is disabled for protocol BSP, to enable tracing of incoming and outgoing JSON messages create an empty file at /Users/navjotsinghchahal/Desktop/work/coding_practice/distributed_autonomous_agents/.metals/bsp.trace.json or /Users/navjotsinghchahal/Library/Caches/org.scalameta.metals/bsp.trace.json
2025.05.19 11:55:31 INFO  time: Connected to build server in 0.11s
2025.05.19 11:55:31 INFO  Connected to Build server: Bloop v2.0.10
2025.05.19 11:55:31 WARN  3.3.0 is no longer supported in the current Metals versions, using the last known supported version 1.2.2
2025.05.19 11:55:33 INFO  time: indexed workspace in 1.97s
2025.05.19 11:55:33 WARN  no build target for: /Users/navjotsinghchahal/Desktop/work/coding_practice/distributed_autonomous_agents/akka-agent-system/build.sbt
2025.05.19 11:55:33 INFO  compiling akka-agent-system (15 scala sources)
2025.05.19 11:55:33 INFO  no build target found for /Users/navjotsinghchahal/Desktop/work/coding_practice/distributed_autonomous_agents/akka-agent-system/build.sbt. Using presentation compiler with project's scala-library version: 3.3.6
2025.05.19 11:55:35 INFO  time: compiled akka-agent-system in 1.68s
2025.05.19 11:55:35 INFO  no build target found for /Users/navjotsinghchahal/Desktop/work/coding_practice/distributed_autonomous_agents/akka-agent-system/build.sbt. Using presentation compiler with project's scala-library version: 3.3.6
2025.05.19 11:55:35 INFO  skipping build import with status 'Installed'
2025.05.19 11:55:35 INFO  Disconnecting from Bloop session...
2025.05.19 11:55:35 INFO  Shut down connection with build server.
2025.05.19 11:55:35 INFO  Attempting to connect to the build server...
2025.05.19 11:55:35 INFO  Found a Bloop server running
2025.05.19 11:55:35 INFO  tracing is disabled for protocol BSP, to enable tracing of incoming and outgoing JSON messages create an empty file at /Users/navjotsinghchahal/Desktop/work/coding_practice/distributed_autonomous_agents/.metals/bsp.trace.json or /Users/navjotsinghchahal/Library/Caches/org.scalameta.metals/bsp.trace.json
2025.05.19 11:55:35 INFO  time: Connected to build server in 0.11s
2025.05.19 11:55:35 INFO  Connected to Build server: Bloop v2.0.10
2025.05.19 11:55:36 INFO  time: indexed workspace in 0.62s
2025.05.19 11:55:36 WARN  no build target for: /Users/navjotsinghchahal/Desktop/work/coding_practice/distributed_autonomous_agents/akka-agent-system/build.sbt
2025.05.19 11:55:35 INFO  compiling akka-agent-system (15 scala sources)
2025.05.19 11:55:35 INFO  no build target found for /Users/navjotsinghchahal/Desktop/work/coding_practice/distributed_autonomous_agents/akka-agent-system/build.sbt. Using presentation compiler with project's scala-library version: 3.3.6
2025.05.19 11:55:36 INFO  time: compiled akka-agent-system in 0.63s
2025.05.19 11:55:36 INFO  no build target found for /Users/navjotsinghchahal/Desktop/work/coding_practice/distributed_autonomous_agents/akka-agent-system/build.sbt. Using presentation compiler with project's scala-library version: 3.3.6
2025.05.19 11:55:39 INFO  no build target found for /Users/navjotsinghchahal/Desktop/work/coding_practice/distributed_autonomous_agents/akka-agent-system/build.sbt. Using presentation compiler with project's scala-library version: 3.3.6
2025.05.19 11:55:39 INFO  no build target found for /Users/navjotsinghchahal/Desktop/work/coding_practice/distributed_autonomous_agents/akka-agent-system/build.sbt. Using presentation compiler with project's scala-library version: 3.3.6
2025.05.19 11:55:39 INFO  no build target found for /Users/navjotsinghchahal/Desktop/work/coding_practice/distributed_autonomous_agents/akka-agent-system/build.sbt. Using presentation compiler with project's scala-library version: 3.3.6
2025.05.19 11:55:39 INFO  no build target found for /Users/navjotsinghchahal/Desktop/work/coding_practice/distributed_autonomous_agents/akka-agent-system/build.sbt. Using presentation compiler with project's scala-library version: 3.3.6
2025.05.19 11:55:40 INFO  no build target found for /Users/navjotsinghchahal/Desktop/work/coding_practice/distributed_autonomous_agents/akka-agent-system/build.sbt. Using presentation compiler with project's scala-library version: 3.3.6
2025.05.19 11:55:40 INFO  no build target found for /Users/navjotsinghchahal/Desktop/work/coding_practice/distributed_autonomous_agents/akka-agent-system/build.sbt. Using presentation compiler with project's scala-library version: 3.3.6
2025.05.19 11:55:40 INFO  no build target found for /Users/navjotsinghchahal/Desktop/work/coding_practice/distributed_autonomous_agents/akka-agent-system/build.sbt. Using presentation compiler with project's scala-library version: 3.3.6
2025.05.19 11:55:40 INFO  no build target found for /Users/navjotsinghchahal/Desktop/work/coding_practice/distributed_autonomous_agents/akka-agent-system/build.sbt. Using presentation compiler with project's scala-library version: 3.3.6
2025.05.19 11:55:40 INFO  no build target found for /Users/navjotsinghchahal/Desktop/work/coding_practice/distributed_autonomous_agents/akka-agent-system/build.sbt. Using presentation compiler with project's scala-library version: 3.3.6
2025.05.19 11:55:40 INFO  no build target found for /Users/navjotsinghchahal/Desktop/work/coding_practice/distributed_autonomous_agents/akka-agent-system/build.sbt. Using presentation compiler with project's scala-library version: 3.3.6
2025.05.19 11:55:40 INFO  no build target found for /Users/navjotsinghchahal/Desktop/work/coding_practice/distributed_autonomous_agents/akka-agent-system/build.sbt. Using presentation compiler with project's scala-library version: 3.3.6
2025.05.19 11:55:41 WARN  no build target for: /Users/navjotsinghchahal/Desktop/work/coding_practice/distributed_autonomous_agents/akka-agent-system/build.sbt
2025.05.19 11:55:41 INFO  no build target found for /Users/navjotsinghchahal/Desktop/work/coding_practice/distributed_autonomous_agents/akka-agent-system/build.sbt. Using presentation compiler with project's scala-library version: 3.3.6
2025.05.19 11:55:42 INFO  running '/Users/navjotsinghchahal/Library/Application Support/Coursier/bin/sbt -Dbloop.export-jar-classifiers=sources bloopInstall'
2025.05.19 11:55:43 INFO  [info] welcome to sbt 1.10.11 (Eclipse Adoptium Java 17.0.15)
2025.05.19 11:55:43 INFO  [info] loading settings for project akka-agent-system-build-build from metals.sbt...
2025.05.19 11:55:43 INFO  [info] loading project definition from /Users/navjotsinghchahal/Desktop/work/coding_practice/distributed_autonomous_agents/akka-agent-system/project/project
2025.05.19 11:55:43 INFO  [info] loading settings for project akka-agent-system-build from metals.sbt...
2025.05.19 11:55:43 INFO  [info] loading project definition from /Users/navjotsinghchahal/Desktop/work/coding_practice/distributed_autonomous_agents/akka-agent-system/project
2025.05.19 11:55:44 INFO  [success] Generated .bloop/akka-agent-system-build.json
2025.05.19 11:55:44 INFO  [success] Total time: 1 s, completed May 19, 2025, 11:55:44 AM
2025.05.19 11:55:44 INFO  [info] loading settings for project akka-agent-system from build.sbt...
2025.05.19 11:55:44 INFO  [info] set current project to akka-agent-system (in build file:/Users/navjotsinghchahal/Desktop/work/coding_practice/distributed_autonomous_agents/akka-agent-system/)
2025.05.19 11:55:46 INFO  [success] Generated .bloop/akka-agent-system.json
2025.05.19 11:55:46 INFO  [success] Generated .bloop/akka-agent-system-test.json
2025.05.19 11:55:46 INFO  [success] Total time: 1 s, completed May 19, 2025, 11:55:46 AM
2025.05.19 11:55:46 INFO  time: ran 'sbt bloopInstall' in 3.93s
2025.05.19 11:55:46 INFO  Disconnecting from Bloop session...
2025.05.19 11:55:46 INFO  Shut down connection with build server.
2025.05.19 11:55:46 INFO  Attempting to connect to the build server...
2025.05.19 11:55:46 INFO  Found a Bloop server running
2025.05.19 11:55:46 INFO  tracing is disabled for protocol BSP, to enable tracing of incoming and outgoing JSON messages create an empty file at /Users/navjotsinghchahal/Desktop/work/coding_practice/distributed_autonomous_agents/.metals/bsp.trace.json or /Users/navjotsinghchahal/Library/Caches/org.scalameta.metals/bsp.trace.json
2025.05.19 11:55:46 INFO  time: Connected to build server in 0.11s
2025.05.19 11:55:46 INFO  Connected to Build server: Bloop v2.0.10
2025.05.19 11:55:47 INFO  time: indexed workspace in 0.71s
2025.05.19 11:55:47 WARN  no build target for: /Users/navjotsinghchahal/Desktop/work/coding_practice/distributed_autonomous_agents/akka-agent-system/build.sbt
2025.05.19 11:55:47 INFO  compiling akka-agent-system (15 scala sources)
exception caught when loading module class module-info$: java.lang.AssertionError: assertion failed: attempt to parse java.lang.Object from classfile
2025.05.19 11:55:47 INFO  no build target found for /Users/navjotsinghchahal/Desktop/work/coding_practice/distributed_autonomous_agents/akka-agent-system/build.sbt. Using presentation compiler with project's scala-library version: 3.3.6
2025.05.19 11:55:48 INFO  time: compiled akka-agent-system in 1.59s
2025.05.19 11:55:48 INFO  no build target found for /Users/navjotsinghchahal/Desktop/work/coding_practice/distributed_autonomous_agents/akka-agent-system/build.sbt. Using presentation compiler with project's scala-library version: 3.3.6
May 19, 2025 12:03:21 PM org.eclipse.lsp4j.jsonrpc.RemoteEndpoint handleCancellation
WARNING: Unmatched cancel notification for request id 1128
2025.05.19 12:03:21 INFO  compiling akka-agent-system (15 scala sources)
2025.05.19 12:03:21 INFO  time: compiled akka-agent-system in 0.49s
2025.05.19 12:04:35 INFO  compiling akka-agent-system (15 scala sources)
2025.05.19 12:04:35 INFO  time: compiled akka-agent-system in 0.44s
2025.05.19 12:05:27 INFO  compiling akka-agent-system (15 scala sources)
2025.05.19 12:05:27 INFO  time: compiled akka-agent-system in 0.42s
2025.05.19 12:06:44 INFO  compiling akka-agent-system (15 scala sources)
2025.05.19 12:06:44 INFO  time: compiled akka-agent-system in 0.45s
May 19, 2025 12:07:03 PM org.eclipse.lsp4j.jsonrpc.RemoteEndpoint handleNotification
WARNING: Notification threw an exception: {
  "jsonrpc": "2.0",
  "method": "metals/didFocusTextDocument",
  "params": [
    "vscode-chat-code-block://7a4ab1c6-e70d-4a0b-887e-d120e973ab92/response_f0fb986a-c051-4927-aba9-211e76d25b7c/1#%7B%22references%22%3A%5B%7B%22uri%22%3A%7B%22%24mid%22%3A1%2C%22fsPath%22%3A%22%2FUsers%2Fnavjotsinghchahal%2FDesktop%2Fwork%2Fcoding_practice%2Fdistributed_autonomous_agents%2Fakka-agent-system%2Fsrc%2Fmain%2Fscala%2Fcom%2Fexample%2Fagent%2FAgentRegistry.scala%22%2C%22external%22%3A%22file%3A%2F%2F%2FUsers%2Fnavjotsinghchahal%2FDesktop%2Fwork%2Fcoding_practice%2Fdistributed_autonomous_agents%2Fakka-agent-system%2Fsrc%2Fmain%2Fscala%2Fcom%2Fexample%2Fagent%2FAgentRegistry.scala%22%2C%22path%22%3A%22%2FUsers%2Fnavjotsinghchahal%2FDesktop%2Fwork%2Fcoding_practice%2Fdistributed_autonomous_agents%2Fakka-agent-system%2Fsrc%2Fmain%2Fscala%2Fcom%2Fexample%2Fagent%2FAgentRegistry.scala%22%2C%22scheme%22%3A%22file%22%7D%7D%2C%7B%22uri%22%3A%7B%22%24mid%22%3A1%2C%22fsPath%22%3A%22%2FUsers%2Fnavjotsinghchahal%2FDesktop%2Fwork%2Fcoding_practice%2Fdistributed_autonomous_agents%2Fakka-agent-system%2Fsrc%2Fmain%2Fscala%2Fcom%2Fexample%2Fdemo%2FAgentCollaborationDemo.scala%22%2C%22external%22%3A%22file%3A%2F%2F%2FUsers%2Fnavjotsinghchahal%2FDesktop%2Fwork%2Fcoding_practice%2Fdistributed_autonomous_agents%2Fakka-agent-system%2Fsrc%2Fmain%2Fscala%2Fcom%2Fexample%2Fdemo%2FAgentCollaborationDemo.scala%22%2C%22path%22%3A%22%2FUsers%2Fnavjotsinghchahal%2FDesktop%2Fwork%2Fcoding_practice%2Fdistributed_autonomous_agents%2Fakka-agent-system%2Fsrc%2Fmain%2Fscala%2Fcom%2Fexample%2Fdemo%2FAgentCollaborationDemo.scala%22%2C%22scheme%22%3A%22file%22%7D%7D%5D%7D"
  ]
}
java.nio.file.FileSystemNotFoundException: Provider "vscode-chat-code-block" not installed
	at java.base/java.nio.file.Path.of(Path.java:212)
	at java.base/java.nio.file.Paths.get(Paths.java:98)
	at scala.meta.internal.mtags.MtagsEnrichments$XtensionURIMtags.toAbsolutePath(MtagsEnrichments.scala:130)
	at scala.meta.internal.mtags.MtagsEnrichments$XtensionStringMtags.toAbsolutePath(MtagsEnrichments.scala:190)
	at scala.meta.internal.metals.MetalsEnrichments$XtensionString.toAbsolutePath(MetalsEnrichments.scala:787)
	at scala.meta.internal.metals.MetalsEnrichments$XtensionString.toAbsolutePath(MetalsEnrichments.scala:784)
	at scala.meta.internal.metals.WorkspaceLspService.didFocus(WorkspaceLspService.scala:774)
	at scala.meta.metals.lsp.DelegatingScalaService.didFocus(DelegatingScalaService.scala:42)
	at jdk.internal.reflect.GeneratedMethodAccessor10.invoke(Unknown Source)
	at java.base/jdk.internal.reflect.DelegatingMethodAccessorImpl.invoke(DelegatingMethodAccessorImpl.java:43)
	at java.base/java.lang.reflect.Method.invoke(Method.java:569)
	at org.eclipse.lsp4j.jsonrpc.services.GenericEndpoint.lambda$recursiveFindRpcMethods$0(GenericEndpoint.java:65)
	at org.eclipse.lsp4j.jsonrpc.services.GenericEndpoint.notify(GenericEndpoint.java:160)
	at org.eclipse.lsp4j.jsonrpc.RemoteEndpoint.handleNotification(RemoteEndpoint.java:231)
	at org.eclipse.lsp4j.jsonrpc.RemoteEndpoint.consume(RemoteEndpoint.java:198)
	at org.eclipse.lsp4j.jsonrpc.json.StreamMessageProducer.handleMessage(StreamMessageProducer.java:185)
	at org.eclipse.lsp4j.jsonrpc.json.StreamMessageProducer.listen(StreamMessageProducer.java:97)
	at org.eclipse.lsp4j.jsonrpc.json.ConcurrentMessageProcessor.run(ConcurrentMessageProcessor.java:114)
	at java.base/java.util.concurrent.Executors$RunnableAdapter.call(Executors.java:539)
	at java.base/java.util.concurrent.FutureTask.run(FutureTask.java:264)
	at java.base/java.util.concurrent.ThreadPoolExecutor.runWorker(ThreadPoolExecutor.java:1136)
	at java.base/java.util.concurrent.ThreadPoolExecutor$Worker.run(ThreadPoolExecutor.java:635)
	at java.base/java.lang.Thread.run(Thread.java:840)

2025.05.19 12:10:09 INFO  compiling akka-agent-system (15 scala sources)
2025.05.19 12:10:09 INFO  time: compiled akka-agent-system in 0.34s
2025.05.19 12:10:44 INFO  compiling akka-agent-system (15 scala sources)
2025.05.19 12:10:44 INFO  time: compiled akka-agent-system in 0.35s
May 19, 2025 12:11:05 PM org.eclipse.lsp4j.jsonrpc.RemoteEndpoint handleNotification
WARNING: Notification threw an exception: {
  "jsonrpc": "2.0",
  "method": "metals/didFocusTextDocument",
  "params": [
    "vscode-chat-code-block://7a4ab1c6-e70d-4a0b-887e-d120e973ab92/response_0d9dcc74-b3ae-411b-a243-97382fa93adc/2#%7B%22references%22%3A%5B%7B%22uri%22%3A%7B%22%24mid%22%3A1%2C%22fsPath%22%3A%22%2FUsers%2Fnavjotsinghchahal%2FDesktop%2Fwork%2Fcoding_practice%2Fdistributed_autonomous_agents%2Fakka-agent-system%2Fsrc%2Fmain%2Fscala%2Fcom%2Fexample%2Fagent%2FAgentRegistry.scala%22%2C%22external%22%3A%22file%3A%2F%2F%2FUsers%2Fnavjotsinghchahal%2FDesktop%2Fwork%2Fcoding_practice%2Fdistributed_autonomous_agents%2Fakka-agent-system%2Fsrc%2Fmain%2Fscala%2Fcom%2Fexample%2Fagent%2FAgentRegistry.scala%22%2C%22path%22%3A%22%2FUsers%2Fnavjotsinghchahal%2FDesktop%2Fwork%2Fcoding_practice%2Fdistributed_autonomous_agents%2Fakka-agent-system%2Fsrc%2Fmain%2Fscala%2Fcom%2Fexample%2Fagent%2FAgentRegistry.scala%22%2C%22scheme%22%3A%22file%22%7D%7D%5D%7D"
  ]
}
java.nio.file.FileSystemNotFoundException: Provider "vscode-chat-code-block" not installed
	at java.base/java.nio.file.Path.of(Path.java:212)
	at java.base/java.nio.file.Paths.get(Paths.java:98)
	at scala.meta.internal.mtags.MtagsEnrichments$XtensionURIMtags.toAbsolutePath(MtagsEnrichments.scala:130)
	at scala.meta.internal.mtags.MtagsEnrichments$XtensionStringMtags.toAbsolutePath(MtagsEnrichments.scala:190)
	at scala.meta.internal.metals.MetalsEnrichments$XtensionString.toAbsolutePath(MetalsEnrichments.scala:787)
	at scala.meta.internal.metals.MetalsEnrichments$XtensionString.toAbsolutePath(MetalsEnrichments.scala:784)
	at scala.meta.internal.metals.WorkspaceLspService.didFocus(WorkspaceLspService.scala:774)
	at scala.meta.metals.lsp.DelegatingScalaService.didFocus(DelegatingScalaService.scala:42)
	at jdk.internal.reflect.GeneratedMethodAccessor10.invoke(Unknown Source)
	at java.base/jdk.internal.reflect.DelegatingMethodAccessorImpl.invoke(DelegatingMethodAccessorImpl.java:43)
	at java.base/java.lang.reflect.Method.invoke(Method.java:569)
	at org.eclipse.lsp4j.jsonrpc.services.GenericEndpoint.lambda$recursiveFindRpcMethods$0(GenericEndpoint.java:65)
	at org.eclipse.lsp4j.jsonrpc.services.GenericEndpoint.notify(GenericEndpoint.java:160)
	at org.eclipse.lsp4j.jsonrpc.RemoteEndpoint.handleNotification(RemoteEndpoint.java:231)
	at org.eclipse.lsp4j.jsonrpc.RemoteEndpoint.consume(RemoteEndpoint.java:198)
	at org.eclipse.lsp4j.jsonrpc.json.StreamMessageProducer.handleMessage(StreamMessageProducer.java:185)
	at org.eclipse.lsp4j.jsonrpc.json.StreamMessageProducer.listen(StreamMessageProducer.java:97)
	at org.eclipse.lsp4j.jsonrpc.json.ConcurrentMessageProcessor.run(ConcurrentMessageProcessor.java:114)
	at java.base/java.util.concurrent.Executors$RunnableAdapter.call(Executors.java:539)
	at java.base/java.util.concurrent.FutureTask.run(FutureTask.java:264)
	at java.base/java.util.concurrent.ThreadPoolExecutor.runWorker(ThreadPoolExecutor.java:1136)
	at java.base/java.util.concurrent.ThreadPoolExecutor$Worker.run(ThreadPoolExecutor.java:635)
	at java.base/java.lang.Thread.run(Thread.java:840)

exception caught when loading module class module-info$: java.lang.AssertionError: assertion failed: attempt to parse java.lang.Object from classfile
2025.05.19 12:11:24 INFO  compiling akka-agent-system (15 scala sources)
2025.05.19 12:11:24 INFO  time: compiled akka-agent-system in 0.27s
2025.05.19 12:11:43 INFO  compiling akka-agent-system (15 scala sources)
2025.05.19 12:11:43 INFO  time: compiled akka-agent-system in 0.26s
2025.05.19 12:11:56 INFO  compiling akka-agent-system (15 scala sources)
2025.05.19 12:11:56 INFO  time: compiled akka-agent-system in 0.23s
2025.05.19 12:14:50 INFO  compiling akka-agent-system (15 scala sources)
2025.05.19 12:14:50 INFO  time: compiled akka-agent-system in 0.13s
2025.05.19 12:15:17 INFO  compiling akka-agent-system (15 scala sources)
2025.05.19 12:15:18 INFO  time: compiled akka-agent-system in 1.2s
exception caught when loading module class module-info$: java.lang.AssertionError: assertion failed: attempt to parse java.lang.Object from classfile
2025.05.19 12:16:36 INFO  no build target found for /Users/navjotsinghchahal/Desktop/work/coding_practice/distributed_autonomous_agents/akka-agent-system/build.sbt. Using presentation compiler with project's scala-library version: 3.3.6
2025.05.19 12:16:36 WARN  no build target for: /Users/navjotsinghchahal/Desktop/work/coding_practice/distributed_autonomous_agents/akka-agent-system/build.sbt
2025.05.19 12:16:36 INFO  no build target found for /Users/navjotsinghchahal/Desktop/work/coding_practice/distributed_autonomous_agents/akka-agent-system/build.sbt. Using presentation compiler with project's scala-library version: 3.3.6
2025.05.19 12:16:36 INFO  no build target found for /Users/navjotsinghchahal/Desktop/work/coding_practice/distributed_autonomous_agents/akka-agent-system/build.sbt. Using presentation compiler with project's scala-library version: 3.3.6
2025.05.19 12:16:36 INFO  no build target found for /Users/navjotsinghchahal/Desktop/work/coding_practice/distributed_autonomous_agents/akka-agent-system/build.sbt. Using presentation compiler with project's scala-library version: 3.3.6
2025.05.19 12:16:38 INFO  no build target found for /Users/navjotsinghchahal/Desktop/work/coding_practice/distributed_autonomous_agents/akka-agent-system/build.sbt. Using presentation compiler with project's scala-library version: 3.3.6
2025.05.19 12:16:38 INFO  no build target found for /Users/navjotsinghchahal/Desktop/work/coding_practice/distributed_autonomous_agents/akka-agent-system/build.sbt. Using presentation compiler with project's scala-library version: 3.3.6
2025.05.19 12:16:38 INFO  no build target found for /Users/navjotsinghchahal/Desktop/work/coding_practice/distributed_autonomous_agents/akka-agent-system/build.sbt. Using presentation compiler with project's scala-library version: 3.3.6
2025.05.19 12:16:38 INFO  no build target found for /Users/navjotsinghchahal/Desktop/work/coding_practice/distributed_autonomous_agents/akka-agent-system/build.sbt. Using presentation compiler with project's scala-library version: 3.3.6
2025.05.19 12:16:38 INFO  no build target found for /Users/navjotsinghchahal/Desktop/work/coding_practice/distributed_autonomous_agents/akka-agent-system/build.sbt. Using presentation compiler with project's scala-library version: 3.3.6
2025.05.19 12:16:38 INFO  no build target found for /Users/navjotsinghchahal/Desktop/work/coding_practice/distributed_autonomous_agents/akka-agent-system/build.sbt. Using presentation compiler with project's scala-library version: 3.3.6
2025.05.19 12:16:38 INFO  no build target found for /Users/navjotsinghchahal/Desktop/work/coding_practice/distributed_autonomous_agents/akka-agent-system/build.sbt. Using presentation compiler with project's scala-library version: 3.3.6
2025.05.19 12:16:39 INFO  no build target found for /Users/navjotsinghchahal/Desktop/work/coding_practice/distributed_autonomous_agents/akka-agent-system/build.sbt. Using presentation compiler with project's scala-library version: 3.3.6
2025.05.19 12:16:39 INFO  no build target found for /Users/navjotsinghchahal/Desktop/work/coding_practice/distributed_autonomous_agents/akka-agent-system/build.sbt. Using presentation compiler with project's scala-library version: 3.3.6
2025.05.19 12:16:39 INFO  no build target found for /Users/navjotsinghchahal/Desktop/work/coding_practice/distributed_autonomous_agents/akka-agent-system/build.sbt. Using presentation compiler with project's scala-library version: 3.3.6
2025.05.19 12:16:39 INFO  no build target found for /Users/navjotsinghchahal/Desktop/work/coding_practice/distributed_autonomous_agents/akka-agent-system/build.sbt. Using presentation compiler with project's scala-library version: 3.3.6
2025.05.19 12:16:39 INFO  no build target found for /Users/navjotsinghchahal/Desktop/work/coding_practice/distributed_autonomous_agents/akka-agent-system/build.sbt. Using presentation compiler with project's scala-library version: 3.3.6
2025.05.19 12:16:40 INFO  no build target found for /Users/navjotsinghchahal/Desktop/work/coding_practice/distributed_autonomous_agents/akka-agent-system/build.sbt. Using presentation compiler with project's scala-library version: 3.3.6
2025.05.19 12:16:40 WARN  no build target for: /Users/navjotsinghchahal/Desktop/work/coding_practice/distributed_autonomous_agents/akka-agent-system/build.sbt
2025.05.19 12:16:40 INFO  no build target found for /Users/navjotsinghchahal/Desktop/work/coding_practice/distributed_autonomous_agents/akka-agent-system/build.sbt. Using presentation compiler with project's scala-library version: 3.3.6
2025.05.19 12:16:39 INFO  no build target found for /Users/navjotsinghchahal/Desktop/work/coding_practice/distributed_autonomous_agents/akka-agent-system/build.sbt. Using presentation compiler with project's scala-library version: 3.3.6
2025.05.19 12:16:40 INFO  no build target found for /Users/navjotsinghchahal/Desktop/work/coding_practice/distributed_autonomous_agents/akka-agent-system/build.sbt. Using presentation compiler with project's scala-library version: 3.3.6
2025.05.19 12:16:45 WARN  no build target for: /Users/navjotsinghchahal/Desktop/work/coding_practice/distributed_autonomous_agents/akka-agent-system/build.sbt
2025.05.19 12:16:45 INFO  no build target found for /Users/navjotsinghchahal/Desktop/work/coding_practice/distributed_autonomous_agents/akka-agent-system/build.sbt. Using presentation compiler with project's scala-library version: 3.3.6
2025.05.19 12:16:45 INFO  no build target found for /Users/navjotsinghchahal/Desktop/work/coding_practice/distributed_autonomous_agents/akka-agent-system/build.sbt. Using presentation compiler with project's scala-library version: 3.3.6
2025.05.19 12:16:45 INFO  no build target found for /Users/navjotsinghchahal/Desktop/work/coding_practice/distributed_autonomous_agents/akka-agent-system/build.sbt. Using presentation compiler with project's scala-library version: 3.3.6
2025.05.19 12:16:47 WARN  no build target for: /Users/navjotsinghchahal/Desktop/work/coding_practice/distributed_autonomous_agents/akka-agent-system/build.sbt
2025.05.19 12:16:47 INFO  no build target found for /Users/navjotsinghchahal/Desktop/work/coding_practice/distributed_autonomous_agents/akka-agent-system/build.sbt. Using presentation compiler with project's scala-library version: 3.3.6
2025.05.19 12:20:51 INFO  no build target found for /Users/navjotsinghchahal/Desktop/work/coding_practice/distributed_autonomous_agents/akka-agent-system/build.sbt. Using presentation compiler with project's scala-library version: 3.3.6
2025.05.19 12:20:51 WARN  no build target for: /Users/navjotsinghchahal/Desktop/work/coding_practice/distributed_autonomous_agents/akka-agent-system/build.sbt
2025.05.19 12:20:51 INFO  no build target found for /Users/navjotsinghchahal/Desktop/work/coding_practice/distributed_autonomous_agents/akka-agent-system/build.sbt. Using presentation compiler with project's scala-library version: 3.3.6
2025.05.19 12:21:14 INFO  no build target found for /Users/navjotsinghchahal/Desktop/work/coding_practice/distributed_autonomous_agents/akka-agent-system/build.sbt. Using presentation compiler with project's scala-library version: 3.3.6
2025.05.19 12:21:28 INFO  compiling akka-agent-system (1 scala source)
2025.05.19 12:21:28 INFO  time: compiled akka-agent-system in 0.28s
2025.05.19 12:21:28 INFO  compiling akka-agent-system (2 scala sources)
2025.05.19 12:21:28 INFO  time: compiled akka-agent-system in 0.2s
2025.05.19 12:23:54 INFO  no build target found for /Users/navjotsinghchahal/Desktop/work/coding_practice/distributed_autonomous_agents/akka-agent-system/build.sbt. Using presentation compiler with project's scala-library version: 3.3.6
2025.05.19 12:23:54 WARN  no build target for: /Users/navjotsinghchahal/Desktop/work/coding_practice/distributed_autonomous_agents/akka-agent-system/build.sbt
2025.05.19 12:23:54 INFO  no build target found for /Users/navjotsinghchahal/Desktop/work/coding_practice/distributed_autonomous_agents/akka-agent-system/build.sbt. Using presentation compiler with project's scala-library version: 3.3.6
2025.05.19 12:23:54 INFO  no build target found for /Users/navjotsinghchahal/Desktop/work/coding_practice/distributed_autonomous_agents/akka-agent-system/build.sbt. Using presentation compiler with project's scala-library version: 3.3.6
May 19, 2025 12:24:01 PM org.eclipse.lsp4j.jsonrpc.RemoteEndpoint handleNotification
WARNING: Notification threw an exception: {
  "jsonrpc": "2.0",
  "method": "metals/didFocusTextDocument",
  "params": [
    "vscode-chat-code-block://7a4ab1c6-e70d-4a0b-887e-d120e973ab92/response_bbf0504d-a033-405f-a7e1-2f7ef68999f6/2#%7B%22references%22%3A%5B%7B%22uri%22%3A%7B%22%24mid%22%3A1%2C%22fsPath%22%3A%22%2FUsers%2Fnavjotsinghchahal%2FDesktop%2Fwork%2Fcoding_practice%2Fdistributed_autonomous_agents%2Fakka-agent-system%2Fsrc%2Fmain%2Fscala%2Fcom%2Fexample%2Fagent%2FAgentManager.scala%22%2C%22external%22%3A%22file%3A%2F%2F%2FUsers%2Fnavjotsinghchahal%2FDesktop%2Fwork%2Fcoding_practice%2Fdistributed_autonomous_agents%2Fakka-agent-system%2Fsrc%2Fmain%2Fscala%2Fcom%2Fexample%2Fagent%2FAgentManager.scala%22%2C%22path%22%3A%22%2FUsers%2Fnavjotsinghchahal%2FDesktop%2Fwork%2Fcoding_practice%2Fdistributed_autonomous_agents%2Fakka-agent-system%2Fsrc%2Fmain%2Fscala%2Fcom%2Fexample%2Fagent%2FAgentManager.scala%22%2C%22scheme%22%3A%22file%22%7D%7D%5D%7D"
  ]
}
java.nio.file.FileSystemNotFoundException: Provider "vscode-chat-code-block" not installed
	at java.base/java.nio.file.Path.of(Path.java:212)
	at java.base/java.nio.file.Paths.get(Paths.java:98)
	at scala.meta.internal.mtags.MtagsEnrichments$XtensionURIMtags.toAbsolutePath(MtagsEnrichments.scala:130)
	at scala.meta.internal.mtags.MtagsEnrichments$XtensionStringMtags.toAbsolutePath(MtagsEnrichments.scala:190)
	at scala.meta.internal.metals.MetalsEnrichments$XtensionString.toAbsolutePath(MetalsEnrichments.scala:787)
	at scala.meta.internal.metals.MetalsEnrichments$XtensionString.toAbsolutePath(MetalsEnrichments.scala:784)
	at scala.meta.internal.metals.WorkspaceLspService.didFocus(WorkspaceLspService.scala:774)
	at scala.meta.metals.lsp.DelegatingScalaService.didFocus(DelegatingScalaService.scala:42)
	at jdk.internal.reflect.GeneratedMethodAccessor10.invoke(Unknown Source)
	at java.base/jdk.internal.reflect.DelegatingMethodAccessorImpl.invoke(DelegatingMethodAccessorImpl.java:43)
	at java.base/java.lang.reflect.Method.invoke(Method.java:569)
	at org.eclipse.lsp4j.jsonrpc.services.GenericEndpoint.lambda$recursiveFindRpcMethods$0(GenericEndpoint.java:65)
	at org.eclipse.lsp4j.jsonrpc.services.GenericEndpoint.notify(GenericEndpoint.java:160)
	at org.eclipse.lsp4j.jsonrpc.RemoteEndpoint.handleNotification(RemoteEndpoint.java:231)
	at org.eclipse.lsp4j.jsonrpc.RemoteEndpoint.consume(RemoteEndpoint.java:198)
	at org.eclipse.lsp4j.jsonrpc.json.StreamMessageProducer.handleMessage(StreamMessageProducer.java:185)
	at org.eclipse.lsp4j.jsonrpc.json.StreamMessageProducer.listen(StreamMessageProducer.java:97)
	at org.eclipse.lsp4j.jsonrpc.json.ConcurrentMessageProcessor.run(ConcurrentMessageProcessor.java:114)
	at java.base/java.util.concurrent.Executors$RunnableAdapter.call(Executors.java:539)
	at java.base/java.util.concurrent.FutureTask.run(FutureTask.java:264)
	at java.base/java.util.concurrent.ThreadPoolExecutor.runWorker(ThreadPoolExecutor.java:1136)
	at java.base/java.util.concurrent.ThreadPoolExecutor$Worker.run(ThreadPoolExecutor.java:635)
	at java.base/java.lang.Thread.run(Thread.java:840)

2025.05.19 12:24:07 WARN  no build target for: /Users/navjotsinghchahal/Desktop/work/coding_practice/distributed_autonomous_agents/akka-agent-system/build.sbt
2025.05.19 12:24:07 INFO  no build target found for /Users/navjotsinghchahal/Desktop/work/coding_practice/distributed_autonomous_agents/akka-agent-system/build.sbt. Using presentation compiler with project's scala-library version: 3.3.6
2025.05.19 12:24:07 INFO  no build target found for /Users/navjotsinghchahal/Desktop/work/coding_practice/distributed_autonomous_agents/akka-agent-system/build.sbt. Using presentation compiler with project's scala-library version: 3.3.6
2025.05.19 12:24:07 INFO  no build target found for /Users/navjotsinghchahal/Desktop/work/coding_practice/distributed_autonomous_agents/akka-agent-system/build.sbt. Using presentation compiler with project's scala-library version: 3.3.6
2025.05.19 12:24:08 INFO  no build target found for /Users/navjotsinghchahal/Desktop/work/coding_practice/distributed_autonomous_agents/akka-agent-system/build.sbt. Using presentation compiler with project's scala-library version: 3.3.6
2025.05.19 12:24:08 INFO  no build target found for /Users/navjotsinghchahal/Desktop/work/coding_practice/distributed_autonomous_agents/akka-agent-system/build.sbt. Using presentation compiler with project's scala-library version: 3.3.6
2025.05.19 12:24:07 INFO  no build target found for /Users/navjotsinghchahal/Desktop/work/coding_practice/distributed_autonomous_agents/akka-agent-system/build.sbt. Using presentation compiler with project's scala-library version: 3.3.6
2025.05.19 12:24:09 INFO  no build target found for /Users/navjotsinghchahal/Desktop/work/coding_practice/distributed_autonomous_agents/akka-agent-system/build.sbt. Using presentation compiler with project's scala-library version: 3.3.6
2025.05.19 12:24:09 INFO  no build target found for /Users/navjotsinghchahal/Desktop/work/coding_practice/distributed_autonomous_agents/akka-agent-system/build.sbt. Using presentation compiler with project's scala-library version: 3.3.6
2025.05.19 12:24:08 INFO  no build target found for /Users/navjotsinghchahal/Desktop/work/coding_practice/distributed_autonomous_agents/akka-agent-system/build.sbt. Using presentation compiler with project's scala-library version: 3.3.6
2025.05.19 12:24:09 INFO  no build target found for /Users/navjotsinghchahal/Desktop/work/coding_practice/distributed_autonomous_agents/akka-agent-system/build.sbt. Using presentation compiler with project's scala-library version: 3.3.6
2025.05.19 12:24:10 INFO  no build target found for /Users/navjotsinghchahal/Desktop/work/coding_practice/distributed_autonomous_agents/akka-agent-system/build.sbt. Using presentation compiler with project's scala-library version: 3.3.6
2025.05.19 12:24:12 INFO  no build target found for /Users/navjotsinghchahal/Desktop/work/coding_practice/distributed_autonomous_agents/akka-agent-system/build.sbt. Using presentation compiler with project's scala-library version: 3.3.6
2025.05.19 12:24:12 INFO  no build target found for /Users/navjotsinghchahal/Desktop/work/coding_practice/distributed_autonomous_agents/akka-agent-system/build.sbt. Using presentation compiler with project's scala-library version: 3.3.6
2025.05.19 12:24:12 INFO  no build target found for /Users/navjotsinghchahal/Desktop/work/coding_practice/distributed_autonomous_agents/akka-agent-system/build.sbt. Using presentation compiler with project's scala-library version: 3.3.6
2025.05.19 12:24:12 INFO  no build target found for /Users/navjotsinghchahal/Desktop/work/coding_practice/distributed_autonomous_agents/akka-agent-system/build.sbt. Using presentation compiler with project's scala-library version: 3.3.6
2025.05.19 12:24:12 INFO  no build target found for /Users/navjotsinghchahal/Desktop/work/coding_practice/distributed_autonomous_agents/akka-agent-system/build.sbt. Using presentation compiler with project's scala-library version: 3.3.6
2025.05.19 12:24:12 INFO  no build target found for /Users/navjotsinghchahal/Desktop/work/coding_practice/distributed_autonomous_agents/akka-agent-system/build.sbt. Using presentation compiler with project's scala-library version: 3.3.6
2025.05.19 12:24:14 INFO  no build target found for /Users/navjotsinghchahal/Desktop/work/coding_practice/distributed_autonomous_agents/akka-agent-system/build.sbt. Using presentation compiler with project's scala-library version: 3.3.6
2025.05.19 12:24:14 INFO  no build target found for /Users/navjotsinghchahal/Desktop/work/coding_practice/distributed_autonomous_agents/akka-agent-system/build.sbt. Using presentation compiler with project's scala-library version: 3.3.6
2025.05.19 12:24:14 INFO  no build target found for /Users/navjotsinghchahal/Desktop/work/coding_practice/distributed_autonomous_agents/akka-agent-system/build.sbt. Using presentation compiler with project's scala-library version: 3.3.6
2025.05.19 12:24:14 INFO  no build target found for /Users/navjotsinghchahal/Desktop/work/coding_practice/distributed_autonomous_agents/akka-agent-system/build.sbt. Using presentation compiler with project's scala-library version: 3.3.6
2025.05.19 12:24:17 INFO  no build target found for /Users/navjotsinghchahal/Desktop/work/coding_practice/distributed_autonomous_agents/akka-agent-system/build.sbt. Using presentation compiler with project's scala-library version: 3.3.6
2025.05.19 12:24:17 INFO  no build target found for /Users/navjotsinghchahal/Desktop/work/coding_practice/distributed_autonomous_agents/akka-agent-system/build.sbt. Using presentation compiler with project's scala-library version: 3.3.6
2025.05.19 12:24:18 INFO  no build target found for /Users/navjotsinghchahal/Desktop/work/coding_practice/distributed_autonomous_agents/akka-agent-system/build.sbt. Using presentation compiler with project's scala-library version: 3.3.6
2025.05.19 12:24:18 INFO  no build target found for /Users/navjotsinghchahal/Desktop/work/coding_practice/distributed_autonomous_agents/akka-agent-system/build.sbt. Using presentation compiler with project's scala-library version: 3.3.6
2025.05.19 12:24:19 INFO  no build target found for /Users/navjotsinghchahal/Desktop/work/coding_practice/distributed_autonomous_agents/akka-agent-system/build.sbt. Using presentation compiler with project's scala-library version: 3.3.6
2025.05.19 12:24:19 INFO  no build target found for /Users/navjotsinghchahal/Desktop/work/coding_practice/distributed_autonomous_agents/akka-agent-system/build.sbt. Using presentation compiler with project's scala-library version: 3.3.6
2025.05.19 12:24:19 INFO  no build target found for /Users/navjotsinghchahal/Desktop/work/coding_practice/distributed_autonomous_agents/akka-agent-system/build.sbt. Using presentation compiler with project's scala-library version: 3.3.6
2025.05.19 12:24:19 INFO  no build target found for /Users/navjotsinghchahal/Desktop/work/coding_practice/distributed_autonomous_agents/akka-agent-system/build.sbt. Using presentation compiler with project's scala-library version: 3.3.6
2025.05.19 12:24:20 INFO  no build target found for /Users/navjotsinghchahal/Desktop/work/coding_practice/distributed_autonomous_agents/akka-agent-system/build.sbt. Using presentation compiler with project's scala-library version: 3.3.6
2025.05.19 12:24:20 INFO  no build target found for /Users/navjotsinghchahal/Desktop/work/coding_practice/distributed_autonomous_agents/akka-agent-system/build.sbt. Using presentation compiler with project's scala-library version: 3.3.6
2025.05.19 12:24:20 INFO  no build target found for /Users/navjotsinghchahal/Desktop/work/coding_practice/distributed_autonomous_agents/akka-agent-system/build.sbt. Using presentation compiler with project's scala-library version: 3.3.6
2025.05.19 12:24:21 INFO  no build target found for /Users/navjotsinghchahal/Desktop/work/coding_practice/distributed_autonomous_agents/akka-agent-system/build.sbt. Using presentation compiler with project's scala-library version: 3.3.6
2025.05.19 12:24:21 INFO  no build target found for /Users/navjotsinghchahal/Desktop/work/coding_practice/distributed_autonomous_agents/akka-agent-system/build.sbt. Using presentation compiler with project's scala-library version: 3.3.6
2025.05.19 12:24:21 INFO  no build target found for /Users/navjotsinghchahal/Desktop/work/coding_practice/distributed_autonomous_agents/akka-agent-system/build.sbt. Using presentation compiler with project's scala-library version: 3.3.6
2025.05.19 12:24:22 WARN  no build target for: /Users/navjotsinghchahal/Desktop/work/coding_practice/distributed_autonomous_agents/akka-agent-system/build.sbt
2025.05.19 12:24:22 INFO  no build target found for /Users/navjotsinghchahal/Desktop/work/coding_practice/distributed_autonomous_agents/akka-agent-system/build.sbt. Using presentation compiler with project's scala-library version: 3.3.6
2025.05.19 12:26:32 INFO  no build target found for /Users/navjotsinghchahal/Desktop/work/coding_practice/distributed_autonomous_agents/akka-agent-system/build.sbt. Using presentation compiler with project's scala-library version: 3.3.6
May 19, 2025 12:27:00 PM org.eclipse.lsp4j.jsonrpc.RemoteEndpoint handleNotification
WARNING: Notification threw an exception: {
  "jsonrpc": "2.0",
  "method": "metals/didFocusTextDocument",
  "params": [
    "vscode-chat-code-block://7a4ab1c6-e70d-4a0b-887e-d120e973ab92/response_bbf0504d-a033-405f-a7e1-2f7ef68999f6/1#%7B%22references%22%3A%5B%7B%22uri%22%3A%7B%22%24mid%22%3A1%2C%22fsPath%22%3A%22%2FUsers%2Fnavjotsinghchahal%2FDesktop%2Fwork%2Fcoding_practice%2Fdistributed_autonomous_agents%2Fakka-agent-system%2Fsrc%2Fmain%2Fscala%2Fcom%2Fexample%2Fagent%2FAgentManager.scala%22%2C%22external%22%3A%22file%3A%2F%2F%2FUsers%2Fnavjotsinghchahal%2FDesktop%2Fwork%2Fcoding_practice%2Fdistributed_autonomous_agents%2Fakka-agent-system%2Fsrc%2Fmain%2Fscala%2Fcom%2Fexample%2Fagent%2FAgentManager.scala%22%2C%22path%22%3A%22%2FUsers%2Fnavjotsinghchahal%2FDesktop%2Fwork%2Fcoding_practice%2Fdistributed_autonomous_agents%2Fakka-agent-system%2Fsrc%2Fmain%2Fscala%2Fcom%2Fexample%2Fagent%2FAgentManager.scala%22%2C%22scheme%22%3A%22file%22%7D%7D%5D%7D"
  ]
}
java.nio.file.FileSystemNotFoundException: Provider "vscode-chat-code-block" not installed
	at java.base/java.nio.file.Path.of(Path.java:212)
	at java.base/java.nio.file.Paths.get(Paths.java:98)
	at scala.meta.internal.mtags.MtagsEnrichments$XtensionURIMtags.toAbsolutePath(MtagsEnrichments.scala:130)
	at scala.meta.internal.mtags.MtagsEnrichments$XtensionStringMtags.toAbsolutePath(MtagsEnrichments.scala:190)
	at scala.meta.internal.metals.MetalsEnrichments$XtensionString.toAbsolutePath(MetalsEnrichments.scala:787)
	at scala.meta.internal.metals.MetalsEnrichments$XtensionString.toAbsolutePath(MetalsEnrichments.scala:784)
	at scala.meta.internal.metals.WorkspaceLspService.didFocus(WorkspaceLspService.scala:774)
	at scala.meta.metals.lsp.DelegatingScalaService.didFocus(DelegatingScalaService.scala:42)
	at jdk.internal.reflect.GeneratedMethodAccessor10.invoke(Unknown Source)
	at java.base/jdk.internal.reflect.DelegatingMethodAccessorImpl.invoke(DelegatingMethodAccessorImpl.java:43)
	at java.base/java.lang.reflect.Method.invoke(Method.java:569)
	at org.eclipse.lsp4j.jsonrpc.services.GenericEndpoint.lambda$recursiveFindRpcMethods$0(GenericEndpoint.java:65)
	at org.eclipse.lsp4j.jsonrpc.services.GenericEndpoint.notify(GenericEndpoint.java:160)
	at org.eclipse.lsp4j.jsonrpc.RemoteEndpoint.handleNotification(RemoteEndpoint.java:231)
	at org.eclipse.lsp4j.jsonrpc.RemoteEndpoint.consume(RemoteEndpoint.java:198)
	at org.eclipse.lsp4j.jsonrpc.json.StreamMessageProducer.handleMessage(StreamMessageProducer.java:185)
	at org.eclipse.lsp4j.jsonrpc.json.StreamMessageProducer.listen(StreamMessageProducer.java:97)
	at org.eclipse.lsp4j.jsonrpc.json.ConcurrentMessageProcessor.run(ConcurrentMessageProcessor.java:114)
	at java.base/java.util.concurrent.Executors$RunnableAdapter.call(Executors.java:539)
	at java.base/java.util.concurrent.FutureTask.run(FutureTask.java:264)
	at java.base/java.util.concurrent.ThreadPoolExecutor.runWorker(ThreadPoolExecutor.java:1136)
	at java.base/java.util.concurrent.ThreadPoolExecutor$Worker.run(ThreadPoolExecutor.java:635)
	at java.base/java.lang.Thread.run(Thread.java:840)

2025.05.19 12:27:10 INFO  compiling akka-agent-system (2 scala sources)
2025.05.19 12:27:10 INFO  time: compiled akka-agent-system in 0.27s
May 19, 2025 2:53:20 PM org.eclipse.lsp4j.jsonrpc.RemoteEndpoint handleNotification
WARNING: Notification threw an exception: {
  "jsonrpc": "2.0",
  "method": "metals/didFocusTextDocument",
  "params": [
    "vscode-chat-code-block://7a4ab1c6-e70d-4a0b-887e-d120e973ab92/response_56b612c5-58ea-4ea3-89a6-5bb9e19b82dd/0#%7B%22references%22%3A%5B%7B%22uri%22%3A%7B%22%24mid%22%3A1%2C%22fsPath%22%3A%22%2FUsers%2Fnavjotsinghchahal%2FDesktop%2Fwork%2Fcoding_practice%2Fdistributed_autonomous_agents%2Fakka-agent-system%2Fsrc%2Fmain%2Fscala%2Fcom%2Fexample%2Fdemo%2FAgentCollaborationDemo.scala%22%2C%22external%22%3A%22file%3A%2F%2F%2FUsers%2Fnavjotsinghchahal%2FDesktop%2Fwork%2Fcoding_practice%2Fdistributed_autonomous_agents%2Fakka-agent-system%2Fsrc%2Fmain%2Fscala%2Fcom%2Fexample%2Fdemo%2FAgentCollaborationDemo.scala%22%2C%22path%22%3A%22%2FUsers%2Fnavjotsinghchahal%2FDesktop%2Fwork%2Fcoding_practice%2Fdistributed_autonomous_agents%2Fakka-agent-system%2Fsrc%2Fmain%2Fscala%2Fcom%2Fexample%2Fdemo%2FAgentCollaborationDemo.scala%22%2C%22scheme%22%3A%22file%22%7D%7D%5D%7D"
  ]
}
java.nio.file.FileSystemNotFoundException: Provider "vscode-chat-code-block" not installed
	at java.base/java.nio.file.Path.of(Path.java:212)
	at java.base/java.nio.file.Paths.get(Paths.java:98)
	at scala.meta.internal.mtags.MtagsEnrichments$XtensionURIMtags.toAbsolutePath(MtagsEnrichments.scala:130)
	at scala.meta.internal.mtags.MtagsEnrichments$XtensionStringMtags.toAbsolutePath(MtagsEnrichments.scala:190)
	at scala.meta.internal.metals.MetalsEnrichments$XtensionString.toAbsolutePath(MetalsEnrichments.scala:787)
	at scala.meta.internal.metals.MetalsEnrichments$XtensionString.toAbsolutePath(MetalsEnrichments.scala:784)
	at scala.meta.internal.metals.WorkspaceLspService.didFocus(WorkspaceLspService.scala:774)
	at scala.meta.metals.lsp.DelegatingScalaService.didFocus(DelegatingScalaService.scala:42)
	at jdk.internal.reflect.GeneratedMethodAccessor10.invoke(Unknown Source)
	at java.base/jdk.internal.reflect.DelegatingMethodAccessorImpl.invoke(DelegatingMethodAccessorImpl.java:43)
	at java.base/java.lang.reflect.Method.invoke(Method.java:569)
	at org.eclipse.lsp4j.jsonrpc.services.GenericEndpoint.lambda$recursiveFindRpcMethods$0(GenericEndpoint.java:65)
	at org.eclipse.lsp4j.jsonrpc.services.GenericEndpoint.notify(GenericEndpoint.java:160)
	at org.eclipse.lsp4j.jsonrpc.RemoteEndpoint.handleNotification(RemoteEndpoint.java:231)
	at org.eclipse.lsp4j.jsonrpc.RemoteEndpoint.consume(RemoteEndpoint.java:198)
	at org.eclipse.lsp4j.jsonrpc.json.StreamMessageProducer.handleMessage(StreamMessageProducer.java:185)
	at org.eclipse.lsp4j.jsonrpc.json.StreamMessageProducer.listen(StreamMessageProducer.java:97)
	at org.eclipse.lsp4j.jsonrpc.json.ConcurrentMessageProcessor.run(ConcurrentMessageProcessor.java:114)
	at java.base/java.util.concurrent.Executors$RunnableAdapter.call(Executors.java:539)
	at java.base/java.util.concurrent.FutureTask.run(FutureTask.java:264)
	at java.base/java.util.concurrent.ThreadPoolExecutor.runWorker(ThreadPoolExecutor.java:1136)
	at java.base/java.util.concurrent.ThreadPoolExecutor$Worker.run(ThreadPoolExecutor.java:635)
	at java.base/java.lang.Thread.run(Thread.java:840)

2025.05.19 14:53:29 INFO  compiling akka-agent-system (1 scala source)
2025.05.19 14:53:29 INFO  time: compiled akka-agent-system in 0.12s
2025.05.19 14:53:44 INFO  time: compiled akka-agent-system in 9ms
2025.05.19 14:53:55 INFO  compiling akka-agent-system (1 scala source)
2025.05.19 14:53:55 INFO  time: compiled akka-agent-system in 0.3s
2025.05.19 14:55:17 INFO  Shutting down server
2025.05.19 14:55:17 INFO  shutting down Metals
2025.05.19 14:55:17 INFO  Shut down connection with build server.
2025.05.19 14:55:17 INFO  Exiting server
2025.05.19 14:56:13 INFO  Started: Metals version 1.5.3 in folders '/Users/navjotsinghchahal/Desktop/work/coding_practice/distributed_autonomous_agents' for client Visual Studio Code 1.100.1.
2025.05.19 14:56:16 INFO  no build target found for /Users/navjotsinghchahal/Desktop/work/coding_practice/distributed_autonomous_agents/akka-agent-system/src/main/scala/com/example/agent/AgentManager.scala. Using presentation compiler with project's scala-library version: 3.3.6
2025.05.19 14:56:16 INFO  Attempting to connect to the build server...
2025.05.19 14:56:16 INFO  Found a Bloop server running
2025.05.19 14:56:16 INFO  tracing is disabled for protocol BSP, to enable tracing of incoming and outgoing JSON messages create an empty file at /Users/navjotsinghchahal/Desktop/work/coding_practice/distributed_autonomous_agents/.metals/bsp.trace.json or /Users/navjotsinghchahal/Library/Caches/org.scalameta.metals/bsp.trace.json
2025.05.19 14:56:16 INFO  time: Connected to build server in 0.17s
2025.05.19 14:56:16 INFO  Connected to Build server: Bloop v2.0.10
2025.05.19 14:56:17 INFO  time: indexed workspace in 1.49s
2025.05.19 14:56:18 INFO  compiling akka-agent-system-test (3 scala sources)
2025.05.19 14:56:18 INFO  time: compiled akka-agent-system-test in 0.84s
exception caught when loading module class module-info$: java.lang.AssertionError: assertion failed: attempt to parse java.lang.Object from classfile
2025.05.19 14:56:26 INFO  no build target found for /Users/navjotsinghchahal/Desktop/work/coding_practice/distributed_autonomous_agents/akka-agent-system/build.sbt. Using presentation compiler with project's scala-library version: 3.3.6
2025.05.19 14:56:26 WARN  no build target for: /Users/navjotsinghchahal/Desktop/work/coding_practice/distributed_autonomous_agents/akka-agent-system/build.sbt
May 19, 2025 2:56:55 PM org.eclipse.lsp4j.jsonrpc.services.GenericEndpoint notify
INFO: Unsupported notification method: $/setTrace
2025.05.19 14:59:26 INFO  no build target found for /Users/navjotsinghchahal/Desktop/work/coding_practice/distributed_autonomous_agents/akka-agent-system/build.sbt. Using presentation compiler with project's scala-library version: 3.3.6
2025.05.19 15:00:23 INFO  compiling akka-agent-system (1 scala source)
2025.05.19 15:00:23 INFO  time: compiled akka-agent-system in 0.16s
2025.05.19 15:01:53 INFO  no build target found for /Users/navjotsinghchahal/Desktop/work/coding_practice/distributed_autonomous_agents/akka-agent-system/build.sbt. Using presentation compiler with project's scala-library version: 3.3.6
2025.05.19 15:01:53 WARN  no build target for: /Users/navjotsinghchahal/Desktop/work/coding_practice/distributed_autonomous_agents/akka-agent-system/build.sbt
exception caught when loading module class module-info$: java.lang.AssertionError: assertion failed: attempt to parse java.lang.Object from classfile
2025.05.19 15:04:53 INFO  no build target found for /Users/navjotsinghchahal/Desktop/work/coding_practice/distributed_autonomous_agents/akka-agent-system/build.sbt. Using presentation compiler with project's scala-library version: 3.3.6
2025.05.19 15:06:01 INFO  compiling akka-agent-system (1 scala source)
2025.05.19 15:06:01 INFO  time: compiled akka-agent-system in 0.11s
2025.05.19 15:06:23 INFO  compiling akka-agent-system (2 scala sources)
2025.05.19 15:06:23 INFO  time: compiled akka-agent-system in 91ms
2025.05.19 15:06:41 INFO  compiling akka-agent-system (2 scala sources)
2025.05.19 15:06:41 INFO  compiling akka-agent-system-test (3 scala sources)
2025.05.19 15:06:41 INFO  time: compiled akka-agent-system in 0.21s
2025.05.19 15:06:41 INFO  time: compiled akka-agent-system-test in 0.46s
2025.05.19 15:24:27 INFO  no build target found for /Users/navjotsinghchahal/Desktop/work/coding_practice/distributed_autonomous_agents/akka-agent-system/build.sbt. Using presentation compiler with project's scala-library version: 3.3.6
2025.05.19 15:24:27 WARN  no build target for: /Users/navjotsinghchahal/Desktop/work/coding_practice/distributed_autonomous_agents/akka-agent-system/build.sbt
exception caught when loading module class module-info$: java.lang.AssertionError: assertion failed: attempt to parse java.lang.Object from classfile
2025.05.19 15:27:27 INFO  no build target found for /Users/navjotsinghchahal/Desktop/work/coding_practice/distributed_autonomous_agents/akka-agent-system/build.sbt. Using presentation compiler with project's scala-library version: 3.3.6
May 19, 2025 4:19:56 PM org.eclipse.lsp4j.jsonrpc.RemoteEndpoint handleNotification
WARNING: Notification threw an exception: {
  "jsonrpc": "2.0",
  "method": "metals/didFocusTextDocument",
  "params": [
    "vscode-chat-code-block://7a4ab1c6-e70d-4a0b-887e-d120e973ab92/response_f62d892f-1297-48f6-8078-74d4c3ccc5c3/0#%7B%22references%22%3A%5B%7B%22uri%22%3A%7B%22%24mid%22%3A1%2C%22fsPath%22%3A%22%2FUsers%2Fnavjotsinghchahal%2FDesktop%2Fwork%2Fcoding_practice%2Fdistributed_autonomous_agents%2Fakka-agent-system%2Fsrc%2Fmain%2Fscala%2Fcom%2Fexample%2Fagent%2FAgentManager.scala%22%2C%22external%22%3A%22file%3A%2F%2F%2FUsers%2Fnavjotsinghchahal%2FDesktop%2Fwork%2Fcoding_practice%2Fdistributed_autonomous_agents%2Fakka-agent-system%2Fsrc%2Fmain%2Fscala%2Fcom%2Fexample%2Fagent%2FAgentManager.scala%22%2C%22path%22%3A%22%2FUsers%2Fnavjotsinghchahal%2FDesktop%2Fwork%2Fcoding_practice%2Fdistributed_autonomous_agents%2Fakka-agent-system%2Fsrc%2Fmain%2Fscala%2Fcom%2Fexample%2Fagent%2FAgentManager.scala%22%2C%22scheme%22%3A%22file%22%7D%7D%5D%7D"
  ]
}
java.nio.file.FileSystemNotFoundException: Provider "vscode-chat-code-block" not installed
	at java.base/java.nio.file.Path.of(Path.java:212)
	at java.base/java.nio.file.Paths.get(Paths.java:98)
	at scala.meta.internal.mtags.MtagsEnrichments$XtensionURIMtags.toAbsolutePath(MtagsEnrichments.scala:130)
	at scala.meta.internal.mtags.MtagsEnrichments$XtensionStringMtags.toAbsolutePath(MtagsEnrichments.scala:190)
	at scala.meta.internal.metals.MetalsEnrichments$XtensionString.toAbsolutePath(MetalsEnrichments.scala:787)
	at scala.meta.internal.metals.MetalsEnrichments$XtensionString.toAbsolutePath(MetalsEnrichments.scala:784)
	at scala.meta.internal.metals.WorkspaceLspService.didFocus(WorkspaceLspService.scala:774)
	at scala.meta.metals.lsp.DelegatingScalaService.didFocus(DelegatingScalaService.scala:42)
	at java.base/jdk.internal.reflect.NativeMethodAccessorImpl.invoke0(Native Method)
	at java.base/jdk.internal.reflect.NativeMethodAccessorImpl.invoke(NativeMethodAccessorImpl.java:77)
	at java.base/jdk.internal.reflect.DelegatingMethodAccessorImpl.invoke(DelegatingMethodAccessorImpl.java:43)
	at java.base/java.lang.reflect.Method.invoke(Method.java:569)
	at org.eclipse.lsp4j.jsonrpc.services.GenericEndpoint.lambda$recursiveFindRpcMethods$0(GenericEndpoint.java:65)
	at org.eclipse.lsp4j.jsonrpc.services.GenericEndpoint.notify(GenericEndpoint.java:160)
	at org.eclipse.lsp4j.jsonrpc.RemoteEndpoint.handleNotification(RemoteEndpoint.java:231)
	at org.eclipse.lsp4j.jsonrpc.RemoteEndpoint.consume(RemoteEndpoint.java:198)
	at org.eclipse.lsp4j.jsonrpc.json.StreamMessageProducer.handleMessage(StreamMessageProducer.java:185)
	at org.eclipse.lsp4j.jsonrpc.json.StreamMessageProducer.listen(StreamMessageProducer.java:97)
	at org.eclipse.lsp4j.jsonrpc.json.ConcurrentMessageProcessor.run(ConcurrentMessageProcessor.java:114)
	at java.base/java.util.concurrent.Executors$RunnableAdapter.call(Executors.java:539)
	at java.base/java.util.concurrent.FutureTask.run(FutureTask.java:264)
	at java.base/java.util.concurrent.ThreadPoolExecutor.runWorker(ThreadPoolExecutor.java:1136)
	at java.base/java.util.concurrent.ThreadPoolExecutor$Worker.run(ThreadPoolExecutor.java:635)
	at java.base/java.lang.Thread.run(Thread.java:840)

2025.05.19 16:20:11 INFO  compiling akka-agent-system (1 scala source)
2025.05.19 16:20:11 INFO  time: compiled akka-agent-system in 90ms
2025.05.19 16:20:26 INFO  compiling akka-agent-system (1 scala source)
2025.05.19 16:20:26 INFO  compiling akka-agent-system-test (3 scala sources)
2025.05.19 16:20:26 INFO  time: compiled akka-agent-system in 0.15s
2025.05.19 16:20:26 INFO  time: compiled akka-agent-system-test in 0.44s
exception caught when loading module class module-info$: java.lang.AssertionError: assertion failed: attempt to parse java.lang.Object from classfile
2025.05.19 16:20:55 INFO  compiling akka-agent-system (1 scala source)
2025.05.19 16:20:55 INFO  time: compiled akka-agent-system in 73ms
2025.05.19 16:21:03 INFO  compiling akka-agent-system (1 scala source)
2025.05.19 16:21:03 INFO  time: compiled akka-agent-system in 0.1s
2025.05.19 16:21:03 INFO  compiling akka-agent-system (2 scala sources)
2025.05.19 16:21:03 INFO  compiling akka-agent-system-test (3 scala sources)
2025.05.19 16:21:03 INFO  time: compiled akka-agent-system in 0.12s
2025.05.19 16:21:03 INFO  time: compiled akka-agent-system-test in 0.44s
May 19, 2025 4:22:11 PM org.eclipse.lsp4j.jsonrpc.services.GenericEndpoint notify
INFO: Unsupported notification method: $/setTrace
